-- The C compiler identification is GNU 9.4.0
-- The CXX compiler identification is GNU 9.4.0
-- Detecting C compiler ABI info
-- Detecting C compiler ABI info - done
-- Check for working C compiler: /usr/lib/ccache/cc - skipped
-- Detecting C compile features
-- Detecting C compile features - done
-- Detecting CXX compiler ABI info
-- Detecting CXX compiler ABI info - done
-- Check for working CXX compiler: /usr/lib/ccache/c++ - skipped
-- Detecting CXX compile features
-- Detecting CXX compile features - done
-- Build type: Release
Files /home/terranova/uav_ws/build/cartographer/AllFiles.cmake and - differ
[33mCMake Warning at /usr/src/googletest/googlemock/CMakeLists.txt:43 (project):
  VERSION keyword not followed by a value or was followed by a value that
  expanded to nothing.

[0m
[0mCMake Deprecation Warning at /usr/src/googletest/googlemock/CMakeLists.txt:45 (cmake_minimum_required):
  Compatibility with CMake < 3.5 will be removed from a future version of
  CMake.

  Update the VERSION argument <min> value or use a ...<max> suffix to tell
  CMake that the project does not need compatibility with older versions.

[0m
[33mCMake Warning at /usr/src/googletest/googletest/CMakeLists.txt:54 (project):
  VERSION keyword not followed by a value or was followed by a value that
  expanded to nothing.

[0m
[0mCMake Deprecation Warning at /usr/src/googletest/googletest/CMakeLists.txt:56 (cmake_minimum_required):
  Compatibility with CMake < 3.5 will be removed from a future version of
  CMake.

  Update the VERSION argument <min> value or use a ...<max> suffix to tell
  CMake that the project does not need compatibility with older versions.

[0m
[33mCMake Warning (dev) at /usr/src/googletest/googletest/cmake/internal_utils.cmake:249 (find_package):
  Policy CMP0148 is not set: The FindPythonInterp and FindPythonLibs modules
  are removed.  Run "cmake --help-policy CMP0148" for policy details.  Use
  the cmake_policy command to set the policy and suppress this warning.

Call Stack (most recent call first):
  /usr/src/googletest/googletest/CMakeLists.txt:91 (include)
This warning is for project developers.  Use -Wno-dev to suppress it.
[0m
-- Found PythonInterp: /usr/bin/python (found version "3.8.10") 
-- Performing Test CMAKE_HAVE_LIBC_PTHREAD
-- Performing Test CMAKE_HAVE_LIBC_PTHREAD - Failed
-- Looking for pthread_create in pthreads
-- Looking for pthread_create in pthreads - not found
-- Looking for pthread_create in pthread
-- Looking for pthread_create in pthread - found
-- Found Threads: TRUE  
-- Found GMock: gmock_main;-lpthread  
-- Found Boost: /usr/lib/x86_64-linux-gnu/cmake/Boost-1.71.0/BoostConfig.cmake (found version "1.71.0") found components: iostreams 
-- Found installed version of Eigen: /usr/lib/cmake/eigen3
-- Found required Ceres dependency: Eigen version 3.3.7 in /usr/include/eigen3
-- Found required Ceres dependency: glog
-- Found installed version of gflags: /usr/lib/x86_64-linux-gnu/cmake/gflags
-- Detected gflags version: 2.2.2
-- Found required Ceres dependency: gflags
-- Found Ceres version: 1.14.0 installed in: /usr with components: [EigenSparse, SparseLinearAlgebraLibrary, LAPACK, SuiteSparse, CXSparse, SchurSpecializations, OpenMP, Multithreading]
-- Found Lua: /usr/lib/x86_64-linux-gnu/liblua5.2.so;/usr/lib/x86_64-linux-gnu/libm.so (found version "5.2.4") 
-- Found Protobuf: /usr/lib/x86_64-linux-gnu/libprotobuf.so;-lpthread (found suitable version "3.6.1", minimum required is "3.0.0") 
-- Found PkgConfig: /usr/bin/pkg-config (found version "0.29.1") 
-- Checking for one of the modules 'cairo>=1.12.16'
-- Found Sphinx: /usr/bin/sphinx-build  
-- Configuring done (1.7s)
-- Generating done (0.8s)
-- Build files have been written to: /home/terranova/uav_ws/build/cartographer
[  0%] [34m[1mRunning C++ protocol buffer compiler on /home/terranova/uav_ws/src/cartographer/cartographer/transform/proto/transform.proto[0m
[  1%] [32mBuilding CXX object googletest/CMakeFiles/gtest.dir/src/gtest-all.cc.o[0m
[  1%] [34m[1mBuilding documentation.[0m
[  1%] Built target cartographer_detect_changes
[  1%] [34m[1mRunning C++ protocol buffer compiler on /home/terranova/uav_ws/src/cartographer/cartographer/common/proto/ceres_solver_options.proto[0m
[  1%] [34m[1mRunning C++ protocol buffer compiler on /home/terranova/uav_ws/src/cartographer/cartographer/ground_truth/proto/relations.proto[0m
[  2%] [34m[1mRunning C++ protocol buffer compiler on /home/terranova/uav_ws/src/cartographer/cartographer/mapping/proto/cell_limits_2d.proto[0m
[  2%] [34m[1mRunning C++ protocol buffer compiler on /home/terranova/uav_ws/src/cartographer/cartographer/mapping/proto/connected_components.proto[0m
[  2%] [34m[1mRunning C++ protocol buffer compiler on /home/terranova/uav_ws/src/cartographer/cartographer/mapping/proto/grid_2d.proto[0m
[  2%] [34m[1mRunning C++ protocol buffer compiler on /home/terranova/uav_ws/src/cartographer/cartographer/mapping/proto/grid_2d_options.proto[0m
[  3%] [32m[1mLinking CXX static library ../lib/libgtest.a[0m
[  3%] [34m[1mRunning C++ protocol buffer compiler on /home/terranova/uav_ws/src/cartographer/cartographer/mapping/proto/local_trajectory_builder_options_2d.proto[0m
[  3%] [34m[1mRunning C++ protocol buffer compiler on /home/terranova/uav_ws/src/cartographer/cartographer/mapping/proto/hybrid_grid.proto[0m
[  3%] [34m[1mRunning C++ protocol buffer compiler on /home/terranova/uav_ws/src/cartographer/cartographer/mapping/proto/local_trajectory_builder_options_3d.proto[0m
[  3%] [34m[1mRunning C++ protocol buffer compiler on /home/terranova/uav_ws/src/cartographer/cartographer/mapping/proto/map_builder_options.proto[0m
[  4%] [34m[1mRunning C++ protocol buffer compiler on /home/terranova/uav_ws/src/cartographer/cartographer/mapping/proto/map_limits.proto[0m
[  4%] Built target gtest
[  4%] [34m[1mRunning C++ protocol buffer compiler on /home/terranova/uav_ws/src/cartographer/cartographer/mapping/proto/motion_filter_options.proto[0m
[  5%] [32mBuilding CXX object gmock/CMakeFiles/gmock.dir/src/gmock-all.cc.o[0m
[  5%] [34m[1mRunning C++ protocol buffer compiler on /home/terranova/uav_ws/src/cartographer/cartographer/mapping/proto/normal_estimation_options_2d.proto[0m
[  6%] [34m[1mRunning C++ protocol buffer compiler on /home/terranova/uav_ws/src/cartographer/cartographer/mapping/proto/pose_graph.proto[0m
[  6%] [34m[1mRunning C++ protocol buffer compiler on /home/terranova/uav_ws/src/cartographer/cartographer/mapping/proto/pose_extrapolator_options.proto[0m
[  6%] [34m[1mRunning C++ protocol buffer compiler on /home/terranova/uav_ws/src/cartographer/cartographer/mapping/proto/pose_graph/constraint_builder_options.proto[0m
[  6%] [32m[1mLinking CXX static library ../lib/libgmock.a[0m
[  6%] [34m[1mRunning C++ protocol buffer compiler on /home/terranova/uav_ws/src/cartographer/cartographer/mapping/proto/pose_graph/optimization_problem_options.proto[0m
[  6%] [34m[1mRunning C++ protocol buffer compiler on /home/terranova/uav_ws/src/cartographer/cartographer/mapping/proto/pose_graph_options.proto[0m
/usr/bin/sphinx-build:6: DeprecationWarning: pkg_resources is deprecated as an API. See https://setuptools.pypa.io/en/latest/pkg_resources.html
  from pkg_resources import load_entry_point
[  7%] [34m[1mRunning C++ protocol buffer compiler on /home/terranova/uav_ws/src/cartographer/cartographer/mapping/proto/probability_grid.proto[0m
[  7%] [34m[1mRunning C++ protocol buffer compiler on /home/terranova/uav_ws/src/cartographer/cartographer/mapping/proto/probability_grid_range_data_inserter_options_2d.proto[0m
[  7%] Built target gmock
[  7%] [34m[1mRunning C++ protocol buffer compiler on /home/terranova/uav_ws/src/cartographer/cartographer/mapping/proto/range_data_inserter_options.proto[0m
[  7%] [34m[1mRunning C++ protocol buffer compiler on /home/terranova/uav_ws/src/cartographer/cartographer/mapping/proto/range_data_inserter_options_3d.proto[0m
[  8%] [34m[1mRunning C++ protocol buffer compiler on /home/terranova/uav_ws/src/cartographer/cartographer/mapping/proto/scan_matching/ceres_scan_matcher_options_2d.proto[0m
[  8%] [34m[1mRunning C++ protocol buffer compiler on /home/terranova/uav_ws/src/cartographer/cartographer/mapping/proto/scan_matching/ceres_scan_matcher_options_3d.proto[0m
[  8%] [32mBuilding CXX object gmock/CMakeFiles/gmock_main.dir/src/gmock_main.cc.o[0m
[  8%] [34m[1mRunning C++ protocol buffer compiler on /home/terranova/uav_ws/src/cartographer/cartographer/mapping/proto/scan_matching/fast_correlative_scan_matcher_options_2d.proto[0m
[  8%] [34m[1mRunning C++ protocol buffer compiler on /home/terranova/uav_ws/src/cartographer/cartographer/mapping/proto/scan_matching/fast_correlative_scan_matcher_options_3d.proto[0m
[  9%] [34m[1mRunning C++ protocol buffer compiler on /home/terranova/uav_ws/src/cartographer/cartographer/mapping/proto/scan_matching/real_time_correlative_scan_matcher_options.proto[0m
[  9%] [32m[1mLinking CXX static library ../lib/libgmock_main.a[0m
[  9%] [34m[1mRunning C++ protocol buffer compiler on /home/terranova/uav_ws/src/cartographer/cartographer/mapping/proto/submap.proto[0m
[  9%] [34m[1mRunning C++ protocol buffer compiler on /home/terranova/uav_ws/src/cartographer/cartographer/mapping/proto/serialization.proto[0m
[  9%] Built target gmock_main
[  9%] [34m[1mRunning C++ protocol buffer compiler on /home/terranova/uav_ws/src/cartographer/cartographer/mapping/proto/submap_visualization.proto[0m
[ 10%] [34m[1mRunning C++ protocol buffer compiler on /home/terranova/uav_ws/src/cartographer/cartographer/mapping/proto/submaps_options_2d.proto[0m
[ 10%] [34m[1mRunning C++ protocol buffer compiler on /home/terranova/uav_ws/src/cartographer/cartographer/mapping/proto/submaps_options_3d.proto[0m
[ 10%] [34m[1mRunning C++ protocol buffer compiler on /home/terranova/uav_ws/src/cartographer/cartographer/mapping/proto/trajectory.proto[0m
[ 10%] [34m[1mRunning C++ protocol buffer compiler on /home/terranova/uav_ws/src/cartographer/cartographer/mapping/proto/trajectory_builder_options.proto[0m
[ 11%] [34m[1mRunning C++ protocol buffer compiler on /home/terranova/uav_ws/src/cartographer/cartographer/mapping/proto/trajectory_node_data.proto[0m
[ 11%] [34m[1mRunning C++ protocol buffer compiler on /home/terranova/uav_ws/src/cartographer/cartographer/mapping/proto/tsdf_2d.proto[0m
[ 11%] [34m[1mRunning C++ protocol buffer compiler on /home/terranova/uav_ws/src/cartographer/cartographer/mapping/proto/tsdf_range_data_inserter_options_2d.proto[0m
[ 12%] [34m[1mRunning C++ protocol buffer compiler on /home/terranova/uav_ws/src/cartographer/cartographer/sensor/proto/adaptive_voxel_filter_options.proto[0m
[ 12%] [34m[1mRunning C++ protocol buffer compiler on /home/terranova/uav_ws/src/cartographer/cartographer/transform/proto/timestamped_transform.proto[0m
[ 12%] [34m[1mRunning C++ protocol buffer compiler on /home/terranova/uav_ws/src/cartographer/cartographer/sensor/proto/sensor.proto[0m
[ 13%] [32mBuilding CXX object CMakeFiles/cartographer.dir/cartographer/common/configuration_file_resolver.cc.o[0m
[ 13%] [32mBuilding CXX object CMakeFiles/cartographer.dir/cartographer/common/histogram.cc.o[0m
[ 13%] [32mBuilding CXX object CMakeFiles/cartographer.dir/cartographer/common/fixed_ratio_sampler.cc.o[0m
[01mRunning Sphinx v1.8.5[39;49;00m

[31;01mExtension error:[39;49;00m
Could not import extension sphinx.builders.latex (exception: cannot import name 'contextfunction' from 'jinja2' (/home/terranova/.local/lib/python3.8/site-packages/jinja2/__init__.py))
make[2]: *** [docs/CMakeFiles/build_doc.dir/build.make:71: docs/CMakeFiles/build_doc] Error 2
make[1]: *** [CMakeFiles/Makefile2:3028: docs/CMakeFiles/build_doc.dir/all] Error 2
make[1]: *** Waiting for unfinished jobs....
[ 13%] [32mBuilding CXX object CMakeFiles/cartographer.dir/cartographer/common/internal/ceres_solver_options.cc.o[0m
[ 14%] [32mBuilding CXX object CMakeFiles/cartographer.dir/cartographer/common/internal/testing/thread_pool_for_testing.cc.o[0m
[ 14%] [32mBuilding CXX object CMakeFiles/cartographer.dir/cartographer/common/lua_parameter_dictionary.cc.o[0m
[ 14%] [32mBuilding CXX object CMakeFiles/cartographer.dir/cartographer/common/task.cc.o[0m
In file included from /home/terranova/uav_ws/src/cartographer/cartographer/common/task.h:24,
                 from /home/terranova/uav_ws/src/cartographer/cartographer/common/task.cc:17:
/home/terranova/uav_ws/src/cartographer/cartographer/common/thread_pool.h:67:58: error: expected â€˜;â€™ at end of member declaration
   67 |   std::weak_ptr<Task> Schedule(std::unique_ptr<Task> task)
      |                                                          ^
      |                                                           ;
/home/terranova/uav_ws/src/cartographer/cartographer/common/thread_pool.h:68:22: error: â€˜mutex_â€™ has not been declared
   68 |       LOCKS_EXCLUDED(mutex_) override;
      |                      ^~~~~~
/home/terranova/uav_ws/src/cartographer/cartographer/common/thread_pool.h:68:30: error: ISO C++ forbids declaration of â€˜LOCKS_EXCLUDEDâ€™ with no type [-fpermissive]
   68 |       LOCKS_EXCLUDED(mutex_) override;
      |                              ^~~~~~~~
/home/terranova/uav_ws/src/cartographer/cartographer/common/thread_pool.h:73:46: error: expected â€˜;â€™ at end of member declaration
   73 |   void NotifyDependenciesCompleted(Task* task) LOCKS_EXCLUDED(mutex_) override;
      |                                              ^
      |                                               ;
/home/terranova/uav_ws/src/cartographer/cartographer/common/thread_pool.h:73:63: error: â€˜mutex_â€™ has not been declared
   73 |   void NotifyDependenciesCompleted(Task* task) LOCKS_EXCLUDED(mutex_) override;
      |                                                               ^~~~~~
/home/terranova/uav_ws/src/cartographer/cartographer/common/thread_pool.h:73:71: error: ISO C++ forbids declaration of â€˜LOCKS_EXCLUDEDâ€™ with no type [-fpermissive]
   73 |   void NotifyDependenciesCompleted(Task* task) LOCKS_EXCLUDED(mutex_) override;
      |                                                                       ^~~~~~~~
/home/terranova/uav_ws/src/cartographer/cartographer/common/thread_pool.h:73:48: error: â€˜int cartographer::common::ThreadPool::LOCKS_EXCLUDED(int)â€™ cannot be overloaded with â€˜int cartographer::common::ThreadPool::LOCKS_EXCLUDED(int)â€™
   73 |   void NotifyDependenciesCompleted(Task* task) LOCKS_EXCLUDED(mutex_) override;
      |                                                ^~~~~~~~~~~~~~
/home/terranova/uav_ws/src/cartographer/cartographer/common/thread_pool.h:68:7: note: previous declaration â€˜int cartographer::common::ThreadPool::LOCKS_EXCLUDED(int)â€™
   68 |       LOCKS_EXCLUDED(mutex_) override;
      |       ^~~~~~~~~~~~~~
/home/terranova/uav_ws/src/cartographer/cartographer/common/thread_pool.h:76:8: error: expected â€˜;â€™ at end of member declaration
   76 |   bool running_ GUARDED_BY(mutex_) = true;
      |        ^~~~~~~~
      |                ;
/home/terranova/uav_ws/src/cartographer/cartographer/common/thread_pool.h:76:28: error: â€˜mutex_â€™ is not a type
   76 |   bool running_ GUARDED_BY(mutex_) = true;
      |                            ^~~~~~
/home/terranova/uav_ws/src/cartographer/cartographer/common/thread_pool.h:76:42: error: invalid pure specifier (only â€˜= 0â€™ is allowed) before â€˜;â€™ token
   76 |   bool running_ GUARDED_BY(mutex_) = true;
      |                                          ^
/home/terranova/uav_ws/src/cartographer/cartographer/common/thread_pool.h:76:42: error: ISO C++ forbids declaration of â€˜GUARDED_BYâ€™ with no type [-fpermissive]
/home/terranova/uav_ws/src/cartographer/cartographer/common/thread_pool.h:77:28: error: expected â€˜;â€™ at end of member declaration
   77 |   std::vector<std::thread> pool_ GUARDED_BY(mutex_);
      |                            ^~~~~
      |                                 ;
/home/terranova/uav_ws/src/cartographer/cartographer/common/thread_pool.h:77:45: error: â€˜mutex_â€™ is not a type
   77 |   std::vector<std::thread> pool_ GUARDED_BY(mutex_);
      |                                             ^~~~~~
/home/terranova/uav_ws/src/cartographer/cartographer/common/thread_pool.h:77:51: error: ISO C++ forbids declaration of â€˜GUARDED_BYâ€™ with no type [-fpermissive]
   77 |   std::vector<std::thread> pool_ GUARDED_BY(mutex_);
      |                                                   ^
/home/terranova/uav_ws/src/cartographer/cartographer/common/thread_pool.h:77:34: error: â€˜int cartographer::common::ThreadPool::GUARDED_BY(int)â€™ cannot be overloaded with â€˜int cartographer::common::ThreadPool::GUARDED_BY(int)â€™
   77 |   std::vector<std::thread> pool_ GUARDED_BY(mutex_);
      |                                  ^~~~~~~~~~
/home/terranova/uav_ws/src/cartographer/cartographer/common/thread_pool.h:76:17: note: previous declaration â€˜int cartographer::common::ThreadPool::GUARDED_BY(int)â€™
   76 |   bool running_ GUARDED_BY(mutex_) = true;
      |                 ^~~~~~~~~~
/home/terranova/uav_ws/src/cartographer/cartographer/common/thread_pool.h:78:37: error: expected â€˜;â€™ at end of member declaration
   78 |   std::deque<std::shared_ptr<Task>> task_queue_ GUARDED_BY(mutex_);
      |                                     ^~~~~~~~~~~
      |                                                ;
/home/terranova/uav_ws/src/cartographer/cartographer/common/thread_pool.h:78:60: error: â€˜mutex_â€™ is not a type
   78 |   std::deque<std::shared_ptr<Task>> task_queue_ GUARDED_BY(mutex_);
      |                                                            ^~~~~~
/home/terranova/uav_ws/src/cartographer/cartographer/common/thread_pool.h:78:66: error: ISO C++ forbids declaration of â€˜GUARDED_BYâ€™ with no type [-fpermissive]
   78 |   std::deque<std::shared_ptr<Task>> task_queue_ GUARDED_BY(mutex_);
      |                                                                  ^
/home/terranova/uav_ws/src/cartographer/cartographer/common/thread_pool.h:78:49: error: â€˜int cartographer::common::ThreadPool::GUARDED_BY(int)â€™ cannot be overloaded with â€˜int cartographer::common::ThreadPool::GUARDED_BY(int)â€™
   78 |   std::deque<std::shared_ptr<Task>> task_queue_ GUARDED_BY(mutex_);
      |                                                 ^~~~~~~~~~
/home/terranova/uav_ws/src/cartographer/cartographer/common/thread_pool.h:76:17: note: previous declaration â€˜int cartographer::common::ThreadPool::GUARDED_BY(int)â€™
   76 |   bool running_ GUARDED_BY(mutex_) = true;
      |                 ^~~~~~~~~~
/home/terranova/uav_ws/src/cartographer/cartographer/common/thread_pool.h:79:53: error: expected â€˜;â€™ at end of member declaration
   79 |   absl::flat_hash_map<Task*, std::shared_ptr<Task>> tasks_not_ready_
      |                                                     ^~~~~~~~~~~~~~~~
      |                                                                     ;
/home/terranova/uav_ws/src/cartographer/cartographer/common/thread_pool.h:80:18: error: â€˜mutex_â€™ is not a type
   80 |       GUARDED_BY(mutex_);
      |                  ^~~~~~
/home/terranova/uav_ws/src/cartographer/cartographer/common/thread_pool.h:80:24: error: ISO C++ forbids declaration of â€˜GUARDED_BYâ€™ with no type [-fpermissive]
   80 |       GUARDED_BY(mutex_);
      |                        ^
/home/terranova/uav_ws/src/cartographer/cartographer/common/thread_pool.h:80:7: error: â€˜int cartographer::common::ThreadPool::GUARDED_BY(int)â€™ cannot be overloaded with â€˜int cartographer::common::ThreadPool::GUARDED_BY(int)â€™
   80 |       GUARDED_BY(mutex_);
      |       ^~~~~~~~~~
/home/terranova/uav_ws/src/cartographer/cartographer/common/thread_pool.h:76:17: note: previous declaration â€˜int cartographer::common::ThreadPool::GUARDED_BY(int)â€™
   76 |   bool running_ GUARDED_BY(mutex_) = true;
      |                 ^~~~~~~~~~
/home/terranova/uav_ws/src/cartographer/cartographer/common/thread_pool.h:68:7: error: â€˜int cartographer::common::ThreadPool::LOCKS_EXCLUDED(int)â€™ marked â€˜overrideâ€™, but does not override
   68 |       LOCKS_EXCLUDED(mutex_) override;
      |       ^~~~~~~~~~~~~~
In file included from /home/terranova/uav_ws/src/cartographer/cartographer/common/task.cc:17:
/home/terranova/uav_ws/src/cartographer/cartographer/common/task.h:41:18: error: expected â€˜;â€™ at end of member declaration
   41 |   State GetState() LOCKS_EXCLUDED(mutex_);
      |                  ^
      |                   ;
/home/terranova/uav_ws/src/cartographer/cartographer/common/task.h:41:35: error: â€˜mutex_â€™ has not been declared
   41 |   State GetState() LOCKS_EXCLUDED(mutex_);
      |                                   ^~~~~~
/home/terranova/uav_ws/src/cartographer/cartographer/common/task.h:41:41: error: ISO C++ forbids declaration of â€˜LOCKS_EXCLUDEDâ€™ with no type [-fpermissive]
   41 |   State GetState() LOCKS_EXCLUDED(mutex_);
      |                                         ^
/home/terranova/uav_ws/src/cartographer/cartographer/common/task.h:44:45: error: expected â€˜;â€™ at end of member declaration
   44 |   void SetWorkItem(const WorkItem& work_item) LOCKS_EXCLUDED(mutex_);
      |                                             ^
      |                                              ;
/home/terranova/uav_ws/src/cartographer/cartographer/common/task.h:44:62: error: â€˜mutex_â€™ has not been declared
   44 |   void SetWorkItem(const WorkItem& work_item) LOCKS_EXCLUDED(mutex_);
      |                                                              ^~~~~~
/home/terranova/uav_ws/src/cartographer/cartographer/common/task.h:44:68: error: ISO C++ forbids declaration of â€˜LOCKS_EXCLUDEDâ€™ with no type [-fpermissive]
   44 |   void SetWorkItem(const WorkItem& work_item) LOCKS_EXCLUDED(mutex_);
      |                                                                    ^
/home/terranova/uav_ws/src/cartographer/cartographer/common/task.h:44:47: error: â€˜int cartographer::common::Task::LOCKS_EXCLUDED(int)â€™ cannot be overloaded with â€˜int cartographer::common::Task::LOCKS_EXCLUDED(int)â€™
   44 |   void SetWorkItem(const WorkItem& work_item) LOCKS_EXCLUDED(mutex_);
      |                                               ^~~~~~~~~~~~~~
/home/terranova/uav_ws/src/cartographer/cartographer/common/task.h:41:20: note: previous declaration â€˜int cartographer::common::Task::LOCKS_EXCLUDED(int)â€™
   41 |   State GetState() LOCKS_EXCLUDED(mutex_);
      |                    ^~~~~~~~~~~~~~
/home/terranova/uav_ws/src/cartographer/cartographer/common/task.h:48:52: error: expected â€˜;â€™ at end of member declaration
   48 |   void AddDependency(std::weak_ptr<Task> dependency) LOCKS_EXCLUDED(mutex_);
      |                                                    ^
      |                                                     ;
/home/terranova/uav_ws/src/cartographer/cartographer/common/task.h:48:69: error: â€˜mutex_â€™ has not been declared
   48 |   void AddDependency(std::weak_ptr<Task> dependency) LOCKS_EXCLUDED(mutex_);
      |                                                                     ^~~~~~
/home/terranova/uav_ws/src/cartographer/cartographer/common/task.h:48:75: error: ISO C++ forbids declaration of â€˜LOCKS_EXCLUDEDâ€™ with no type [-fpermissive]
   48 |   void AddDependency(std::weak_ptr<Task> dependency) LOCKS_EXCLUDED(mutex_);
      |                                                                           ^
/home/terranova/uav_ws/src/cartographer/cartographer/common/task.h:48:54: error: â€˜int cartographer::common::Task::LOCKS_EXCLUDED(int)â€™ cannot be overloaded with â€˜int cartographer::common::Task::LOCKS_EXCLUDED(int)â€™
   48 |   void AddDependency(std::weak_ptr<Task> dependency) LOCKS_EXCLUDED(mutex_);
      |                                                      ^~~~~~~~~~~~~~
/home/terranova/uav_ws/src/cartographer/cartographer/common/task.h:41:20: note: previous declaration â€˜int cartographer::common::Task::LOCKS_EXCLUDED(int)â€™
   41 |   State GetState() LOCKS_EXCLUDED(mutex_);
      |                    ^~~~~~~~~~~~~~
/home/terranova/uav_ws/src/cartographer/cartographer/common/task.h:55:16: error: expected â€˜;â€™ at end of member declaration
   55 |   void Execute() LOCKS_EXCLUDED(mutex_);
      |                ^
      |                 ;
/home/terranova/uav_ws/src/cartographer/cartographer/common/task.h:55:33: error: â€˜mutex_â€™ has not been declared
   55 |   void Execute() LOCKS_EXCLUDED(mutex_);
      |                                 ^~~~~~
/home/terranova/uav_ws/src/cartographer/cartographer/common/task.h:55:39: error: ISO C++ forbids declaration of â€˜LOCKS_EXCLUDEDâ€™ with no type [-fpermissive]
   55 |   void Execute() LOCKS_EXCLUDED(mutex_);
      |                                       ^
/home/terranova/uav_ws/src/cartographer/cartographer/common/task.h:55:18: error: â€˜int cartographer::common::Task::LOCKS_EXCLUDED(int)â€™ cannot be overloaded with â€˜int cartographer::common::Task::LOCKS_EXCLUDED(int)â€™
   55 |   void Execute() LOCKS_EXCLUDED(mutex_);
      |                  ^~~~~~~~~~~~~~
/home/terranova/uav_ws/src/cartographer/cartographer/common/task.h:41:20: note: previous declaration â€˜int cartographer::common::Task::LOCKS_EXCLUDED(int)â€™
   41 |   State GetState() LOCKS_EXCLUDED(mutex_);
      |                    ^~~~~~~~~~~~~~
/home/terranova/uav_ws/src/cartographer/cartographer/common/task.h:58:54: error: expected â€˜;â€™ at end of member declaration
   58 |   void SetThreadPool(ThreadPoolInterface* thread_pool) LOCKS_EXCLUDED(mutex_);
      |                                                      ^
      |                                                       ;
/home/terranova/uav_ws/src/cartographer/cartographer/common/task.h:58:71: error: â€˜mutex_â€™ has not been declared
   58 |   void SetThreadPool(ThreadPoolInterface* thread_pool) LOCKS_EXCLUDED(mutex_);
      |                                                                       ^~~~~~
/home/terranova/uav_ws/src/cartographer/cartographer/common/task.h:58:77: error: ISO C++ forbids declaration of â€˜LOCKS_EXCLUDEDâ€™ with no type [-fpermissive]
   58 |   void SetThreadPool(ThreadPoolInterface* thread_pool) LOCKS_EXCLUDED(mutex_);
      |                                                                             ^
/home/terranova/uav_ws/src/cartographer/cartographer/common/task.h:58:56: error: â€˜int cartographer::common::Task::LOCKS_EXCLUDED(int)â€™ cannot be overloaded with â€˜int cartographer::common::Task::LOCKS_EXCLUDED(int)â€™
   58 |   void SetThreadPool(ThreadPoolInterface* thread_pool) LOCKS_EXCLUDED(mutex_);
      |                                                        ^~~~~~~~~~~~~~
/home/terranova/uav_ws/src/cartographer/cartographer/common/task.h:41:20: note: previous declaration â€˜int cartographer::common::Task::LOCKS_EXCLUDED(int)â€™
   41 |   State GetState() LOCKS_EXCLUDED(mutex_);
      |                    ^~~~~~~~~~~~~~
/home/terranova/uav_ws/src/cartographer/cartographer/common/task.h:64:12: error: expected â€˜;â€™ at end of member declaration
   64 |   WorkItem work_item_ GUARDED_BY(mutex_);
      |            ^~~~~~~~~~
      |                      ;
/home/terranova/uav_ws/src/cartographer/cartographer/common/task.h:64:34: error: â€˜mutex_â€™ has not been declared
   64 |   WorkItem work_item_ GUARDED_BY(mutex_);
      |                                  ^~~~~~
/home/terranova/uav_ws/src/cartographer/cartographer/common/task.h:64:40: error: ISO C++ forbids declaration of â€˜GUARDED_BYâ€™ with no type [-fpermissive]
   64 |   WorkItem work_item_ GUARDED_BY(mutex_);
      |                                        ^
/home/terranova/uav_ws/src/cartographer/cartographer/common/task.h:65:24: error: expected â€˜;â€™ at end of member declaration
   65 |   ThreadPoolInterface* thread_pool_to_notify_ GUARDED_BY(mutex_) = nullptr;
      |                        ^~~~~~~~~~~~~~~~~~~~~~
      |                                              ;
/home/terranova/uav_ws/src/cartographer/cartographer/common/task.h:65:58: error: â€˜mutex_â€™ has not been declared
   65 |   ThreadPoolInterface* thread_pool_to_notify_ GUARDED_BY(mutex_) = nullptr;
      |                                                          ^~~~~~
/home/terranova/uav_ws/src/cartographer/cartographer/common/task.h:65:75: error: invalid pure specifier (only â€˜= 0â€™ is allowed) before â€˜;â€™ token
   65 |   ThreadPoolInterface* thread_pool_to_notify_ GUARDED_BY(mutex_) = nullptr;
      |                                                                           ^
/home/terranova/uav_ws/src/cartographer/cartographer/common/task.h:65:75: error: ISO C++ forbids declaration of â€˜GUARDED_BYâ€™ with no type [-fpermissive]
/home/terranova/uav_ws/src/cartographer/cartographer/common/task.h:65:47: error: â€˜int cartographer::common::Task::GUARDED_BY(int)â€™ cannot be overloaded with â€˜int cartographer::common::Task::GUARDED_BY(int)â€™
   65 |   ThreadPoolInterface* thread_pool_to_notify_ GUARDED_BY(mutex_) = nullptr;
      |                                               ^~~~~~~~~~
/home/terranova/uav_ws/src/cartographer/cartographer/common/task.h:64:23: note: previous declaration â€˜int cartographer::common::Task::GUARDED_BY(int)â€™
   64 |   WorkItem work_item_ GUARDED_BY(mutex_);
      |                       ^~~~~~~~~~
/home/terranova/uav_ws/src/cartographer/cartographer/common/task.h:66:9: error: expected â€˜;â€™ at end of member declaration
   66 |   State state_ GUARDED_BY(mutex_) = NEW;
      |         ^~~~~~
      |               ;
/home/terranova/uav_ws/src/cartographer/cartographer/common/task.h:66:27: error: â€˜mutex_â€™ has not been declared
   66 |   State state_ GUARDED_BY(mutex_) = NEW;
      |                           ^~~~~~
/home/terranova/uav_ws/src/cartographer/cartographer/common/task.h:66:40: error: invalid pure specifier (only â€˜= 0â€™ is allowed) before â€˜;â€™ token
   66 |   State state_ GUARDED_BY(mutex_) = NEW;
      |                                        ^
/home/terranova/uav_ws/src/cartographer/cartographer/common/task.h:66:40: error: ISO C++ forbids declaration of â€˜GUARDED_BYâ€™ with no type [-fpermissive]
/home/terranova/uav_ws/src/cartographer/cartographer/common/task.h:66:16: error: â€˜int cartographer::common::Task::GUARDED_BY(int)â€™ cannot be overloaded with â€˜int cartographer::common::Task::GUARDED_BY(int)â€™
   66 |   State state_ GUARDED_BY(mutex_) = NEW;
      |                ^~~~~~~~~~
/home/terranova/uav_ws/src/cartographer/cartographer/common/task.h:64:23: note: previous declaration â€˜int cartographer::common::Task::GUARDED_BY(int)â€™
   64 |   WorkItem work_item_ GUARDED_BY(mutex_);
      |                       ^~~~~~~~~~
/home/terranova/uav_ws/src/cartographer/cartographer/common/task.h:67:16: error: expected â€˜;â€™ at end of member declaration
   67 |   unsigned int uncompleted_dependencies_ GUARDED_BY(mutex_) = 0;
      |                ^~~~~~~~~~~~~~~~~~~~~~~~~
      |                                         ;
/home/terranova/uav_ws/src/cartographer/cartographer/common/task.h:67:53: error: â€˜mutex_â€™ has not been declared
   67 |   unsigned int uncompleted_dependencies_ GUARDED_BY(mutex_) = 0;
      |                                                     ^~~~~~
/home/terranova/uav_ws/src/cartographer/cartographer/common/task.h:67:63: error: ISO C++ forbids declaration of â€˜GUARDED_BYâ€™ with no type [-fpermissive]
   67 |   unsigned int uncompleted_dependencies_ GUARDED_BY(mutex_) = 0;
      |                                                               ^
/home/terranova/uav_ws/src/cartographer/cartographer/common/task.h:67:42: error: â€˜int cartographer::common::Task::GUARDED_BY(int)â€™ cannot be overloaded with â€˜int cartographer::common::Task::GUARDED_BY(int)â€™
   67 |   unsigned int uncompleted_dependencies_ GUARDED_BY(mutex_) = 0;
      |                                          ^~~~~~~~~~
/home/terranova/uav_ws/src/cartographer/cartographer/common/task.h:64:23: note: previous declaration â€˜int cartographer::common::Task::GUARDED_BY(int)â€™
   64 |   WorkItem work_item_ GUARDED_BY(mutex_);
      |                       ^~~~~~~~~~
/home/terranova/uav_ws/src/cartographer/cartographer/common/task.h:68:19: error: expected â€˜;â€™ at end of member declaration
   68 |   std::set<Task*> dependent_tasks_ GUARDED_BY(mutex_);
      |                   ^~~~~~~~~~~~~~~~
      |                                   ;
/home/terranova/uav_ws/src/cartographer/cartographer/common/task.h:68:47: error: â€˜mutex_â€™ has not been declared
   68 |   std::set<Task*> dependent_tasks_ GUARDED_BY(mutex_);
      |                                               ^~~~~~
/home/terranova/uav_ws/src/cartographer/cartographer/common/task.h:68:53: error: ISO C++ forbids declaration of â€˜GUARDED_BYâ€™ with no type [-fpermissive]
   68 |   std::set<Task*> dependent_tasks_ GUARDED_BY(mutex_);
      |                                                     ^
/home/terranova/uav_ws/src/cartographer/cartographer/common/task.h:68:36: error: â€˜int cartographer::common::Task::GUARDED_BY(int)â€™ cannot be overloaded with â€˜int cartographer::common::Task::GUARDED_BY(int)â€™
   68 |   std::set<Task*> dependent_tasks_ GUARDED_BY(mutex_);
      |                                    ^~~~~~~~~~
/home/terranova/uav_ws/src/cartographer/cartographer/common/task.h:64:23: note: previous declaration â€˜int cartographer::common::Task::GUARDED_BY(int)â€™
   64 |   WorkItem work_item_ GUARDED_BY(mutex_);
      |                       ^~~~~~~~~~
make[2]: *** [CMakeFiles/cartographer.dir/build.make:447: CMakeFiles/cartographer.dir/cartographer/common/task.cc.o] Error 1
make[2]: *** Waiting for unfinished jobs....
In file included from /home/terranova/uav_ws/src/cartographer/cartographer/common/thread_pool.h:28,
                 from /home/terranova/uav_ws/src/cartographer/cartographer/common/internal/testing/thread_pool_for_testing.h:26,
                 from /home/terranova/uav_ws/src/cartographer/cartographer/common/internal/testing/thread_pool_for_testing.cc:17:
/home/terranova/uav_ws/src/cartographer/cartographer/common/task.h:41:18: error: expected â€˜;â€™ at end of member declaration
   41 |   State GetState() LOCKS_EXCLUDED(mutex_);
      |                  ^
      |                   ;
/home/terranova/uav_ws/src/cartographer/cartographer/common/task.h:41:35: error: â€˜mutex_â€™ has not been declared
   41 |   State GetState() LOCKS_EXCLUDED(mutex_);
      |                                   ^~~~~~
/home/terranova/uav_ws/src/cartographer/cartographer/common/task.h:41:41: error: ISO C++ forbids declaration of â€˜LOCKS_EXCLUDEDâ€™ with no type [-fpermissive]
   41 |   State GetState() LOCKS_EXCLUDED(mutex_);
      |                                         ^
/home/terranova/uav_ws/src/cartographer/cartographer/common/task.h:44:45: error: expected â€˜;â€™ at end of member declaration
   44 |   void SetWorkItem(const WorkItem& work_item) LOCKS_EXCLUDED(mutex_);
      |                                             ^
      |                                              ;
/home/terranova/uav_ws/src/cartographer/cartographer/common/task.h:44:62: error: â€˜mutex_â€™ has not been declared
   44 |   void SetWorkItem(const WorkItem& work_item) LOCKS_EXCLUDED(mutex_);
      |                                                              ^~~~~~
/home/terranova/uav_ws/src/cartographer/cartographer/common/task.h:44:68: error: ISO C++ forbids declaration of â€˜LOCKS_EXCLUDEDâ€™ with no type [-fpermissive]
   44 |   void SetWorkItem(const WorkItem& work_item) LOCKS_EXCLUDED(mutex_);
      |                                                                    ^
/home/terranova/uav_ws/src/cartographer/cartographer/common/task.h:44:47: error: â€˜int cartographer::common::Task::LOCKS_EXCLUDED(int)â€™ cannot be overloaded with â€˜int cartographer::common::Task::LOCKS_EXCLUDED(int)â€™
   44 |   void SetWorkItem(const WorkItem& work_item) LOCKS_EXCLUDED(mutex_);
      |                                               ^~~~~~~~~~~~~~
/home/terranova/uav_ws/src/cartographer/cartographer/common/task.h:41:20: note: previous declaration â€˜int cartographer::common::Task::LOCKS_EXCLUDED(int)â€™
   41 |   State GetState() LOCKS_EXCLUDED(mutex_);
      |                    ^~~~~~~~~~~~~~
/home/terranova/uav_ws/src/cartographer/cartographer/common/task.h:48:52: error: expected â€˜;â€™ at end of member declaration
   48 |   void AddDependency(std::weak_ptr<Task> dependency) LOCKS_EXCLUDED(mutex_);
      |                                                    ^
      |                                                     ;
/home/terranova/uav_ws/src/cartographer/cartographer/common/task.h:48:69: error: â€˜mutex_â€™ has not been declared
   48 |   void AddDependency(std::weak_ptr<Task> dependency) LOCKS_EXCLUDED(mutex_);
      |                                                                     ^~~~~~
/home/terranova/uav_ws/src/cartographer/cartographer/common/task.h:48:75: error: ISO C++ forbids declaration of â€˜LOCKS_EXCLUDEDâ€™ with no type [-fpermissive]
   48 |   void AddDependency(std::weak_ptr<Task> dependency) LOCKS_EXCLUDED(mutex_);
      |                                                                           ^
/home/terranova/uav_ws/src/cartographer/cartographer/common/task.h:48:54: error: â€˜int cartographer::common::Task::LOCKS_EXCLUDED(int)â€™ cannot be overloaded with â€˜int cartographer::common::Task::LOCKS_EXCLUDED(int)â€™
   48 |   void AddDependency(std::weak_ptr<Task> dependency) LOCKS_EXCLUDED(mutex_);
      |                                                      ^~~~~~~~~~~~~~
/home/terranova/uav_ws/src/cartographer/cartographer/common/task.h:41:20: note: previous declaration â€˜int cartographer::common::Task::LOCKS_EXCLUDED(int)â€™
   41 |   State GetState() LOCKS_EXCLUDED(mutex_);
      |                    ^~~~~~~~~~~~~~
/home/terranova/uav_ws/src/cartographer/cartographer/common/task.h:55:16: error: expected â€˜;â€™ at end of member declaration
   55 |   void Execute() LOCKS_EXCLUDED(mutex_);
      |                ^
      |                 ;
/home/terranova/uav_ws/src/cartographer/cartographer/common/task.h:55:33: error: â€˜mutex_â€™ has not been declared
   55 |   void Execute() LOCKS_EXCLUDED(mutex_);
      |                                 ^~~~~~
/home/terranova/uav_ws/src/cartographer/cartographer/common/task.h:55:39: error: ISO C++ forbids declaration of â€˜LOCKS_EXCLUDEDâ€™ with no type [-fpermissive]
   55 |   void Execute() LOCKS_EXCLUDED(mutex_);
      |                                       ^
/home/terranova/uav_ws/src/cartographer/cartographer/common/task.h:55:18: error: â€˜int cartographer::common::Task::LOCKS_EXCLUDED(int)â€™ cannot be overloaded with â€˜int cartographer::common::Task::LOCKS_EXCLUDED(int)â€™
   55 |   void Execute() LOCKS_EXCLUDED(mutex_);
      |                  ^~~~~~~~~~~~~~
/home/terranova/uav_ws/src/cartographer/cartographer/common/task.h:41:20: note: previous declaration â€˜int cartographer::common::Task::LOCKS_EXCLUDED(int)â€™
   41 |   State GetState() LOCKS_EXCLUDED(mutex_);
      |                    ^~~~~~~~~~~~~~
/home/terranova/uav_ws/src/cartographer/cartographer/common/task.h:58:54: error: expected â€˜;â€™ at end of member declaration
   58 |   void SetThreadPool(ThreadPoolInterface* thread_pool) LOCKS_EXCLUDED(mutex_);
      |                                                      ^
      |                                                       ;
/home/terranova/uav_ws/src/cartographer/cartographer/common/task.h:58:71: error: â€˜mutex_â€™ has not been declared
   58 |   void SetThreadPool(ThreadPoolInterface* thread_pool) LOCKS_EXCLUDED(mutex_);
      |                                                                       ^~~~~~
/home/terranova/uav_ws/src/cartographer/cartographer/common/task.h:58:77: error: ISO C++ forbids declaration of â€˜LOCKS_EXCLUDEDâ€™ with no type [-fpermissive]
   58 |   void SetThreadPool(ThreadPoolInterface* thread_pool) LOCKS_EXCLUDED(mutex_);
      |                                                                             ^
/home/terranova/uav_ws/src/cartographer/cartographer/common/task.h:58:56: error: â€˜int cartographer::common::Task::LOCKS_EXCLUDED(int)â€™ cannot be overloaded with â€˜int cartographer::common::Task::LOCKS_EXCLUDED(int)â€™
   58 |   void SetThreadPool(ThreadPoolInterface* thread_pool) LOCKS_EXCLUDED(mutex_);
      |                                                        ^~~~~~~~~~~~~~
/home/terranova/uav_ws/src/cartographer/cartographer/common/task.h:41:20: note: previous declaration â€˜int cartographer::common::Task::LOCKS_EXCLUDED(int)â€™
   41 |   State GetState() LOCKS_EXCLUDED(mutex_);
      |                    ^~~~~~~~~~~~~~
/home/terranova/uav_ws/src/cartographer/cartographer/common/task.h:64:12: error: expected â€˜;â€™ at end of member declaration
   64 |   WorkItem work_item_ GUARDED_BY(mutex_);
      |            ^~~~~~~~~~
      |                      ;
/home/terranova/uav_ws/src/cartographer/cartographer/common/task.h:64:34: error: â€˜mutex_â€™ has not been declared
   64 |   WorkItem work_item_ GUARDED_BY(mutex_);
      |                                  ^~~~~~
/home/terranova/uav_ws/src/cartographer/cartographer/common/task.h:64:40: error: ISO C++ forbids declaration of â€˜GUARDED_BYâ€™ with no type [-fpermissive]
   64 |   WorkItem work_item_ GUARDED_BY(mutex_);
      |                                        ^
/home/terranova/uav_ws/src/cartographer/cartographer/common/task.h:65:24: error: expected â€˜;â€™ at end of member declaration
   65 |   ThreadPoolInterface* thread_pool_to_notify_ GUARDED_BY(mutex_) = nullptr;
      |                        ^~~~~~~~~~~~~~~~~~~~~~
      |                                              ;
/home/terranova/uav_ws/src/cartographer/cartographer/common/task.h:65:58: error: â€˜mutex_â€™ has not been declared
   65 |   ThreadPoolInterface* thread_pool_to_notify_ GUARDED_BY(mutex_) = nullptr;
      |                                                          ^~~~~~
/home/terranova/uav_ws/src/cartographer/cartographer/common/task.h:65:75: error: invalid pure specifier (only â€˜= 0â€™ is allowed) before â€˜;â€™ token
   65 |   ThreadPoolInterface* thread_pool_to_notify_ GUARDED_BY(mutex_) = nullptr;
      |                                                                           ^
/home/terranova/uav_ws/src/cartographer/cartographer/common/task.h:65:75: error: ISO C++ forbids declaration of â€˜GUARDED_BYâ€™ with no type [-fpermissive]
/home/terranova/uav_ws/src/cartographer/cartographer/common/task.h:65:47: error: â€˜int cartographer::common::Task::GUARDED_BY(int)â€™ cannot be overloaded with â€˜int cartographer::common::Task::GUARDED_BY(int)â€™
   65 |   ThreadPoolInterface* thread_pool_to_notify_ GUARDED_BY(mutex_) = nullptr;
      |                                               ^~~~~~~~~~
/home/terranova/uav_ws/src/cartographer/cartographer/common/task.h:64:23: note: previous declaration â€˜int cartographer::common::Task::GUARDED_BY(int)â€™
   64 |   WorkItem work_item_ GUARDED_BY(mutex_);
      |                       ^~~~~~~~~~
/home/terranova/uav_ws/src/cartographer/cartographer/common/task.h:66:9: error: expected â€˜;â€™ at end of member declaration
   66 |   State state_ GUARDED_BY(mutex_) = NEW;
      |         ^~~~~~
      |               ;
/home/terranova/uav_ws/src/cartographer/cartographer/common/task.h:66:27: error: â€˜mutex_â€™ has not been declared
   66 |   State state_ GUARDED_BY(mutex_) = NEW;
      |                           ^~~~~~
/home/terranova/uav_ws/src/cartographer/cartographer/common/task.h:66:40: error: invalid pure specifier (only â€˜= 0â€™ is allowed) before â€˜;â€™ token
   66 |   State state_ GUARDED_BY(mutex_) = NEW;
      |                                        ^
/home/terranova/uav_ws/src/cartographer/cartographer/common/task.h:66:40: error: ISO C++ forbids declaration of â€˜GUARDED_BYâ€™ with no type [-fpermissive]
/home/terranova/uav_ws/src/cartographer/cartographer/common/task.h:66:16: error: â€˜int cartographer::common::Task::GUARDED_BY(int)â€™ cannot be overloaded with â€˜int cartographer::common::Task::GUARDED_BY(int)â€™
   66 |   State state_ GUARDED_BY(mutex_) = NEW;
      |                ^~~~~~~~~~
/home/terranova/uav_ws/src/cartographer/cartographer/common/task.h:64:23: note: previous declaration â€˜int cartographer::common::Task::GUARDED_BY(int)â€™
   64 |   WorkItem work_item_ GUARDED_BY(mutex_);
      |                       ^~~~~~~~~~
/home/terranova/uav_ws/src/cartographer/cartographer/common/task.h:67:16: error: expected â€˜;â€™ at end of member declaration
   67 |   unsigned int uncompleted_dependencies_ GUARDED_BY(mutex_) = 0;
      |                ^~~~~~~~~~~~~~~~~~~~~~~~~
      |                                         ;
/home/terranova/uav_ws/src/cartographer/cartographer/common/task.h:67:53: error: â€˜mutex_â€™ has not been declared
   67 |   unsigned int uncompleted_dependencies_ GUARDED_BY(mutex_) = 0;
      |                                                     ^~~~~~
/home/terranova/uav_ws/src/cartographer/cartographer/common/task.h:67:63: error: ISO C++ forbids declaration of â€˜GUARDED_BYâ€™ with no type [-fpermissive]
   67 |   unsigned int uncompleted_dependencies_ GUARDED_BY(mutex_) = 0;
      |                                                               ^
/home/terranova/uav_ws/src/cartographer/cartographer/common/task.h:67:42: error: â€˜int cartographer::common::Task::GUARDED_BY(int)â€™ cannot be overloaded with â€˜int cartographer::common::Task::GUARDED_BY(int)â€™
   67 |   unsigned int uncompleted_dependencies_ GUARDED_BY(mutex_) = 0;
      |                                          ^~~~~~~~~~
/home/terranova/uav_ws/src/cartographer/cartographer/common/task.h:64:23: note: previous declaration â€˜int cartographer::common::Task::GUARDED_BY(int)â€™
   64 |   WorkItem work_item_ GUARDED_BY(mutex_);
      |                       ^~~~~~~~~~
/home/terranova/uav_ws/src/cartographer/cartographer/common/task.h:68:19: error: expected â€˜;â€™ at end of member declaration
   68 |   std::set<Task*> dependent_tasks_ GUARDED_BY(mutex_);
      |                   ^~~~~~~~~~~~~~~~
      |                                   ;
/home/terranova/uav_ws/src/cartographer/cartographer/common/task.h:68:47: error: â€˜mutex_â€™ has not been declared
   68 |   std::set<Task*> dependent_tasks_ GUARDED_BY(mutex_);
      |                                               ^~~~~~
/home/terranova/uav_ws/src/cartographer/cartographer/common/task.h:68:53: error: ISO C++ forbids declaration of â€˜GUARDED_BYâ€™ with no type [-fpermissive]
   68 |   std::set<Task*> dependent_tasks_ GUARDED_BY(mutex_);
      |                                                     ^
/home/terranova/uav_ws/src/cartographer/cartographer/common/task.h:68:36: error: â€˜int cartographer::common::Task::GUARDED_BY(int)â€™ cannot be overloaded with â€˜int cartographer::common::Task::GUARDED_BY(int)â€™
   68 |   std::set<Task*> dependent_tasks_ GUARDED_BY(mutex_);
      |                                    ^~~~~~~~~~
/home/terranova/uav_ws/src/cartographer/cartographer/common/task.h:64:23: note: previous declaration â€˜int cartographer::common::Task::GUARDED_BY(int)â€™
   64 |   WorkItem work_item_ GUARDED_BY(mutex_);
      |                       ^~~~~~~~~~
In file included from /home/terranova/uav_ws/src/cartographer/cartographer/common/internal/testing/thread_pool_for_testing.h:26,
                 from /home/terranova/uav_ws/src/cartographer/cartographer/common/internal/testing/thread_pool_for_testing.cc:17:
/home/terranova/uav_ws/src/cartographer/cartographer/common/thread_pool.h:67:58: error: expected â€˜;â€™ at end of member declaration
   67 |   std::weak_ptr<Task> Schedule(std::unique_ptr<Task> task)
      |                                                          ^
      |                                                           ;
/home/terranova/uav_ws/src/cartographer/cartographer/common/thread_pool.h:68:22: error: â€˜mutex_â€™ has not been declared
   68 |       LOCKS_EXCLUDED(mutex_) override;
      |                      ^~~~~~
/home/terranova/uav_ws/src/cartographer/cartographer/common/thread_pool.h:68:30: error: ISO C++ forbids declaration of â€˜LOCKS_EXCLUDEDâ€™ with no type [-fpermissive]
   68 |       LOCKS_EXCLUDED(mutex_) override;
      |                              ^~~~~~~~
/home/terranova/uav_ws/src/cartographer/cartographer/common/thread_pool.h:73:46: error: expected â€˜;â€™ at end of member declaration
   73 |   void NotifyDependenciesCompleted(Task* task) LOCKS_EXCLUDED(mutex_) override;
      |                                              ^
      |                                               ;
/home/terranova/uav_ws/src/cartographer/cartographer/common/thread_pool.h:73:63: error: â€˜mutex_â€™ has not been declared
   73 |   void NotifyDependenciesCompleted(Task* task) LOCKS_EXCLUDED(mutex_) override;
      |                                                               ^~~~~~
/home/terranova/uav_ws/src/cartographer/cartographer/common/thread_pool.h:73:71: error: ISO C++ forbids declaration of â€˜LOCKS_EXCLUDEDâ€™ with no type [-fpermissive]
   73 |   void NotifyDependenciesCompleted(Task* task) LOCKS_EXCLUDED(mutex_) override;
      |                                                                       ^~~~~~~~
/home/terranova/uav_ws/src/cartographer/cartographer/common/thread_pool.h:73:48: error: â€˜int cartographer::common::ThreadPool::LOCKS_EXCLUDED(int)â€™ cannot be overloaded with â€˜int cartographer::common::ThreadPool::LOCKS_EXCLUDED(int)â€™
   73 |   void NotifyDependenciesCompleted(Task* task) LOCKS_EXCLUDED(mutex_) override;
      |                                                ^~~~~~~~~~~~~~
/home/terranova/uav_ws/src/cartographer/cartographer/common/thread_pool.h:68:7: note: previous declaration â€˜int cartographer::common::ThreadPool::LOCKS_EXCLUDED(int)â€™
   68 |       LOCKS_EXCLUDED(mutex_) override;
      |       ^~~~~~~~~~~~~~
/home/terranova/uav_ws/src/cartographer/cartographer/common/thread_pool.h:76:8: error: expected â€˜;â€™ at end of member declaration
   76 |   bool running_ GUARDED_BY(mutex_) = true;
      |        ^~~~~~~~
      |                ;
/home/terranova/uav_ws/src/cartographer/cartographer/common/thread_pool.h:76:28: error: â€˜mutex_â€™ is not a type
   76 |   bool running_ GUARDED_BY(mutex_) = true;
      |                            ^~~~~~
/home/terranova/uav_ws/src/cartographer/cartographer/common/thread_pool.h:76:42: error: invalid pure specifier (only â€˜= 0â€™ is allowed) before â€˜;â€™ token
   76 |   bool running_ GUARDED_BY(mutex_) = true;
      |                                          ^
/home/terranova/uav_ws/src/cartographer/cartographer/common/thread_pool.h:76:42: error: ISO C++ forbids declaration of â€˜GUARDED_BYâ€™ with no type [-fpermissive]
/home/terranova/uav_ws/src/cartographer/cartographer/common/thread_pool.h:77:28: error: expected â€˜;â€™ at end of member declaration
   77 |   std::vector<std::thread> pool_ GUARDED_BY(mutex_);
      |                            ^~~~~
      |                                 ;
/home/terranova/uav_ws/src/cartographer/cartographer/common/thread_pool.h:77:45: error: â€˜mutex_â€™ is not a type
   77 |   std::vector<std::thread> pool_ GUARDED_BY(mutex_);
      |                                             ^~~~~~
/home/terranova/uav_ws/src/cartographer/cartographer/common/thread_pool.h:77:51: error: ISO C++ forbids declaration of â€˜GUARDED_BYâ€™ with no type [-fpermissive]
   77 |   std::vector<std::thread> pool_ GUARDED_BY(mutex_);
      |                                                   ^
/home/terranova/uav_ws/src/cartographer/cartographer/common/thread_pool.h:77:34: error: â€˜int cartographer::common::ThreadPool::GUARDED_BY(int)â€™ cannot be overloaded with â€˜int cartographer::common::ThreadPool::GUARDED_BY(int)â€™
   77 |   std::vector<std::thread> pool_ GUARDED_BY(mutex_);
      |                                  ^~~~~~~~~~
/home/terranova/uav_ws/src/cartographer/cartographer/common/thread_pool.h:76:17: note: previous declaration â€˜int cartographer::common::ThreadPool::GUARDED_BY(int)â€™
   76 |   bool running_ GUARDED_BY(mutex_) = true;
      |                 ^~~~~~~~~~
/home/terranova/uav_ws/src/cartographer/cartographer/common/thread_pool.h:78:37: error: expected â€˜;â€™ at end of member declaration
   78 |   std::deque<std::shared_ptr<Task>> task_queue_ GUARDED_BY(mutex_);
      |                                     ^~~~~~~~~~~
      |                                                ;
/home/terranova/uav_ws/src/cartographer/cartographer/common/thread_pool.h:78:60: error: â€˜mutex_â€™ is not a type
   78 |   std::deque<std::shared_ptr<Task>> task_queue_ GUARDED_BY(mutex_);
      |                                                            ^~~~~~
/home/terranova/uav_ws/src/cartographer/cartographer/common/thread_pool.h:78:66: error: ISO C++ forbids declaration of â€˜GUARDED_BYâ€™ with no type [-fpermissive]
   78 |   std::deque<std::shared_ptr<Task>> task_queue_ GUARDED_BY(mutex_);
      |                                                                  ^
/home/terranova/uav_ws/src/cartographer/cartographer/common/thread_pool.h:78:49: error: â€˜int cartographer::common::ThreadPool::GUARDED_BY(int)â€™ cannot be overloaded with â€˜int cartographer::common::ThreadPool::GUARDED_BY(int)â€™
   78 |   std::deque<std::shared_ptr<Task>> task_queue_ GUARDED_BY(mutex_);
      |                                                 ^~~~~~~~~~
/home/terranova/uav_ws/src/cartographer/cartographer/common/thread_pool.h:76:17: note: previous declaration â€˜int cartographer::common::ThreadPool::GUARDED_BY(int)â€™
   76 |   bool running_ GUARDED_BY(mutex_) = true;
      |                 ^~~~~~~~~~
/home/terranova/uav_ws/src/cartographer/cartographer/common/thread_pool.h:79:53: error: expected â€˜;â€™ at end of member declaration
   79 |   absl::flat_hash_map<Task*, std::shared_ptr<Task>> tasks_not_ready_
      |                                                     ^~~~~~~~~~~~~~~~
      |                                                                     ;
/home/terranova/uav_ws/src/cartographer/cartographer/common/thread_pool.h:80:18: error: â€˜mutex_â€™ is not a type
   80 |       GUARDED_BY(mutex_);
      |                  ^~~~~~
/home/terranova/uav_ws/src/cartographer/cartographer/common/thread_pool.h:80:24: error: ISO C++ forbids declaration of â€˜GUARDED_BYâ€™ with no type [-fpermissive]
   80 |       GUARDED_BY(mutex_);
      |                        ^
/home/terranova/uav_ws/src/cartographer/cartographer/common/thread_pool.h:80:7: error: â€˜int cartographer::common::ThreadPool::GUARDED_BY(int)â€™ cannot be overloaded with â€˜int cartographer::common::ThreadPool::GUARDED_BY(int)â€™
   80 |       GUARDED_BY(mutex_);
      |       ^~~~~~~~~~
/home/terranova/uav_ws/src/cartographer/cartographer/common/thread_pool.h:76:17: note: previous declaration â€˜int cartographer::common::ThreadPool::GUARDED_BY(int)â€™
   76 |   bool running_ GUARDED_BY(mutex_) = true;
      |                 ^~~~~~~~~~
/home/terranova/uav_ws/src/cartographer/cartographer/common/thread_pool.h:68:7: error: â€˜int cartographer::common::ThreadPool::LOCKS_EXCLUDED(int)â€™ marked â€˜overrideâ€™, but does not override
   68 |       LOCKS_EXCLUDED(mutex_) override;
      |       ^~~~~~~~~~~~~~
In file included from /home/terranova/uav_ws/src/cartographer/cartographer/common/internal/testing/thread_pool_for_testing.cc:17:
/home/terranova/uav_ws/src/cartographer/cartographer/common/internal/testing/thread_pool_for_testing.h:37:58: error: expected â€˜;â€™ at end of member declaration
   37 |   std::weak_ptr<Task> Schedule(std::unique_ptr<Task> task)
      |                                                          ^
      |                                                           ;
/home/terranova/uav_ws/src/cartographer/cartographer/common/internal/testing/thread_pool_for_testing.h:38:22: error: â€˜mutex_â€™ has not been declared
   38 |       LOCKS_EXCLUDED(mutex_) override;
      |                      ^~~~~~
/home/terranova/uav_ws/src/cartographer/cartographer/common/internal/testing/thread_pool_for_testing.h:38:30: error: ISO C++ forbids declaration of â€˜LOCKS_EXCLUDEDâ€™ with no type [-fpermissive]
   38 |       LOCKS_EXCLUDED(mutex_) override;
      |                              ^~~~~~~~
/home/terranova/uav_ws/src/cartographer/cartographer/common/internal/testing/thread_pool_for_testing.h:47:46: error: expected â€˜;â€™ at end of member declaration
   47 |   void NotifyDependenciesCompleted(Task* task) LOCKS_EXCLUDED(mutex_) override;
      |                                              ^
      |                                               ;
/home/terranova/uav_ws/src/cartographer/cartographer/common/internal/testing/thread_pool_for_testing.h:47:63: error: â€˜mutex_â€™ has not been declared
   47 |   void NotifyDependenciesCompleted(Task* task) LOCKS_EXCLUDED(mutex_) override;
      |                                                               ^~~~~~
/home/terranova/uav_ws/src/cartographer/cartographer/common/internal/testing/thread_pool_for_testing.h:47:71: error: ISO C++ forbids declaration of â€˜LOCKS_EXCLUDEDâ€™ with no type [-fpermissive]
   47 |   void NotifyDependenciesCompleted(Task* task) LOCKS_EXCLUDED(mutex_) override;
      |                                                                       ^~~~~~~~
/home/terranova/uav_ws/src/cartographer/cartographer/common/internal/testing/thread_pool_for_testing.h:47:48: error: â€˜int cartographer::common::testing::ThreadPoolForTesting::LOCKS_EXCLUDED(int)â€™ cannot be overloaded with â€˜int cartographer::common::testing::ThreadPoolForTesting::LOCKS_EXCLUDED(int)â€™
   47 |   void NotifyDependenciesCompleted(Task* task) LOCKS_EXCLUDED(mutex_) override;
      |                                                ^~~~~~~~~~~~~~
/home/terranova/uav_ws/src/cartographer/cartographer/common/internal/testing/thread_pool_for_testing.h:38:7: note: previous declaration â€˜int cartographer::common::testing::ThreadPoolForTesting::LOCKS_EXCLUDED(int)â€™
   38 |       LOCKS_EXCLUDED(mutex_) override;
      |       ^~~~~~~~~~~~~~
/home/terranova/uav_ws/src/cartographer/cartographer/common/internal/testing/thread_pool_for_testing.h:50:8: error: expected â€˜;â€™ at end of member declaration
   50 |   bool running_ GUARDED_BY(mutex_) = true;
      |        ^~~~~~~~
      |                ;
/home/terranova/uav_ws/src/cartographer/cartographer/common/internal/testing/thread_pool_for_testing.h:50:28: error: â€˜mutex_â€™ is not a type
   50 |   bool running_ GUARDED_BY(mutex_) = true;
      |                            ^~~~~~
/home/terranova/uav_ws/src/cartographer/cartographer/common/internal/testing/thread_pool_for_testing.h:50:42: error: invalid pure specifier (only â€˜= 0â€™ is allowed) before â€˜;â€™ token
   50 |   bool running_ GUARDED_BY(mutex_) = true;
      |                                          ^
/home/terranova/uav_ws/src/cartographer/cartographer/common/internal/testing/thread_pool_for_testing.h:50:42: error: ISO C++ forbids declaration of â€˜GUARDED_BYâ€™ with no type [-fpermissive]
/home/terranova/uav_ws/src/cartographer/cartographer/common/internal/testing/thread_pool_for_testing.h:51:8: error: expected â€˜;â€™ at end of member declaration
   51 |   bool idle_ GUARDED_BY(mutex_) = true;
      |        ^~~~~
      |             ;
/home/terranova/uav_ws/src/cartographer/cartographer/common/internal/testing/thread_pool_for_testing.h:51:25: error: â€˜mutex_â€™ is not a type
   51 |   bool idle_ GUARDED_BY(mutex_) = true;
      |                         ^~~~~~
/home/terranova/uav_ws/src/cartographer/cartographer/common/internal/testing/thread_pool_for_testing.h:51:39: error: invalid pure specifier (only â€˜= 0â€™ is allowed) before â€˜;â€™ token
   51 |   bool idle_ GUARDED_BY(mutex_) = true;
      |                                       ^
/home/terranova/uav_ws/src/cartographer/cartographer/common/internal/testing/thread_pool_for_testing.h:51:39: error: ISO C++ forbids declaration of â€˜GUARDED_BYâ€™ with no type [-fpermissive]
/home/terranova/uav_ws/src/cartographer/cartographer/common/internal/testing/thread_pool_for_testing.h:51:14: error: â€˜int cartographer::common::testing::ThreadPoolForTesting::GUARDED_BY(int)â€™ cannot be overloaded with â€˜int cartographer::common::testing::ThreadPoolForTesting::GUARDED_BY(int)â€™
   51 |   bool idle_ GUARDED_BY(mutex_) = true;
      |              ^~~~~~~~~~
/home/terranova/uav_ws/src/cartographer/cartographer/common/internal/testing/thread_pool_for_testing.h:50:17: note: previous declaration â€˜int cartographer::common::testing::ThreadPoolForTesting::GUARDED_BY(int)â€™
   50 |   bool running_ GUARDED_BY(mutex_) = true;
      |                 ^~~~~~~~~~
/home/terranova/uav_ws/src/cartographer/cartographer/common/internal/testing/thread_pool_for_testing.h:52:37: error: expected â€˜;â€™ at end of member declaration
   52 |   std::deque<std::shared_ptr<Task>> task_queue_ GUARDED_BY(mutex_);
      |                                     ^~~~~~~~~~~
      |                                                ;
/home/terranova/uav_ws/src/cartographer/cartographer/common/internal/testing/thread_pool_for_testing.h:52:60: error: â€˜mutex_â€™ is not a type
   52 |   std::deque<std::shared_ptr<Task>> task_queue_ GUARDED_BY(mutex_);
      |                                                            ^~~~~~
/home/terranova/uav_ws/src/cartographer/cartographer/common/internal/testing/thread_pool_for_testing.h:52:66: error: ISO C++ forbids declaration of â€˜GUARDED_BYâ€™ with no type [-fpermissive]
   52 |   std::deque<std::shared_ptr<Task>> task_queue_ GUARDED_BY(mutex_);
      |                                                                  ^
/home/terranova/uav_ws/src/cartographer/cartographer/common/internal/testing/thread_pool_for_testing.h:52:49: error: â€˜int cartographer::common::testing::ThreadPoolForTesting::GUARDED_BY(int)â€™ cannot be overloaded with â€˜int cartographer::common::testing::ThreadPoolForTesting::GUARDED_BY(int)â€™
   52 |   std::deque<std::shared_ptr<Task>> task_queue_ GUARDED_BY(mutex_);
      |                                                 ^~~~~~~~~~
/home/terranova/uav_ws/src/cartographer/cartographer/common/internal/testing/thread_pool_for_testing.h:50:17: note: previous declaration â€˜int cartographer::common::testing::ThreadPoolForTesting::GUARDED_BY(int)â€™
   50 |   bool running_ GUARDED_BY(mutex_) = true;
      |                 ^~~~~~~~~~
/home/terranova/uav_ws/src/cartographer/cartographer/common/internal/testing/thread_pool_for_testing.h:53:42: error: expected â€˜;â€™ at end of member declaration
   53 |   std::map<Task*, std::shared_ptr<Task>> tasks_not_ready_ GUARDED_BY(mutex_);
      |                                          ^~~~~~~~~~~~~~~~
      |                                                          ;
/home/terranova/uav_ws/src/cartographer/cartographer/common/internal/testing/thread_pool_for_testing.h:53:70: error: â€˜mutex_â€™ is not a type
   53 |   std::map<Task*, std::shared_ptr<Task>> tasks_not_ready_ GUARDED_BY(mutex_);
      |                                                                      ^~~~~~
/home/terranova/uav_ws/src/cartographer/cartographer/common/internal/testing/thread_pool_for_testing.h:53:76: error: ISO C++ forbids declaration of â€˜GUARDED_BYâ€™ with no type [-fpermissive]
   53 |   std::map<Task*, std::shared_ptr<Task>> tasks_not_ready_ GUARDED_BY(mutex_);
      |                                                                            ^
/home/terranova/uav_ws/src/cartographer/cartographer/common/internal/testing/thread_pool_for_testing.h:53:59: error: â€˜int cartographer::common::testing::ThreadPoolForTesting::GUARDED_BY(int)â€™ cannot be overloaded with â€˜int cartographer::common::testing::ThreadPoolForTesting::GUARDED_BY(int)â€™
   53 |   std::map<Task*, std::shared_ptr<Task>> tasks_not_ready_ GUARDED_BY(mutex_);
      |                                                           ^~~~~~~~~~
/home/terranova/uav_ws/src/cartographer/cartographer/common/internal/testing/thread_pool_for_testing.h:50:17: note: previous declaration â€˜int cartographer::common::testing::ThreadPoolForTesting::GUARDED_BY(int)â€™
   50 |   bool running_ GUARDED_BY(mutex_) = true;
      |                 ^~~~~~~~~~
/home/terranova/uav_ws/src/cartographer/cartographer/common/internal/testing/thread_pool_for_testing.h:54:15: error: expected â€˜;â€™ at end of member declaration
   54 |   std::thread thread_ GUARDED_BY(mutex_);
      |               ^~~~~~~
      |                      ;
/home/terranova/uav_ws/src/cartographer/cartographer/common/internal/testing/thread_pool_for_testing.h:54:34: error: â€˜mutex_â€™ is not a type
   54 |   std::thread thread_ GUARDED_BY(mutex_);
      |                                  ^~~~~~
/home/terranova/uav_ws/src/cartographer/cartographer/common/internal/testing/thread_pool_for_testing.h:54:40: error: ISO C++ forbids declaration of â€˜GUARDED_BYâ€™ with no type [-fpermissive]
   54 |   std::thread thread_ GUARDED_BY(mutex_);
      |                                        ^
/home/terranova/uav_ws/src/cartographer/cartographer/common/internal/testing/thread_pool_for_testing.h:54:23: error: â€˜int cartographer::common::testing::ThreadPoolForTesting::GUARDED_BY(int)â€™ cannot be overloaded with â€˜int cartographer::common::testing::ThreadPoolForTesting::GUARDED_BY(int)â€™
   54 |   std::thread thread_ GUARDED_BY(mutex_);
      |                       ^~~~~~~~~~
/home/terranova/uav_ws/src/cartographer/cartographer/common/internal/testing/thread_pool_for_testing.h:50:17: note: previous declaration â€˜int cartographer::common::testing::ThreadPoolForTesting::GUARDED_BY(int)â€™
   50 |   bool running_ GUARDED_BY(mutex_) = true;
      |                 ^~~~~~~~~~
/home/terranova/uav_ws/src/cartographer/cartographer/common/internal/testing/thread_pool_for_testing.h:38:7: error: â€˜int cartographer::common::testing::ThreadPoolForTesting::LOCKS_EXCLUDED(int)â€™ marked â€˜overrideâ€™, but does not override
   38 |       LOCKS_EXCLUDED(mutex_) override;
      |       ^~~~~~~~~~~~~~
/home/terranova/uav_ws/src/cartographer/cartographer/common/internal/testing/thread_pool_for_testing.cc: In lambda function:
/home/terranova/uav_ws/src/cartographer/cartographer/common/internal/testing/thread_pool_for_testing.cc:75:30: error: expected â€˜{â€™ before â€˜EXCLUSIVE_LOCKS_REQUIREDâ€™
   75 |                              EXCLUSIVE_LOCKS_REQUIRED(mutex_) { return idle_; };
      |                              ^~~~~~~~~~~~~~~~~~~~~~~~
/home/terranova/uav_ws/src/cartographer/cartographer/common/internal/testing/thread_pool_for_testing.cc: In member function â€˜void cartographer::common::testing::ThreadPoolForTesting::WaitUntilIdle()â€™:
/home/terranova/uav_ws/src/cartographer/cartographer/common/internal/testing/thread_pool_for_testing.cc:75:30: error: expected â€˜,â€™ or â€˜;â€™ before â€˜EXCLUSIVE_LOCKS_REQUIREDâ€™
/home/terranova/uav_ws/src/cartographer/cartographer/common/internal/testing/thread_pool_for_testing.cc:79:61: error: no matching function for call to â€˜absl::Condition::Condition(const cartographer::common::testing::ThreadPoolForTesting::WaitUntilIdle()::<lambda()>*)â€™
   79 |       if (mutex_.AwaitWithTimeout(absl::Condition(&predicate),
      |                                                             ^
In file included from /home/terranova/uav_ws/src/cartographer/cartographer/common/internal/testing/thread_pool_for_testing.h:25,
                 from /home/terranova/uav_ws/src/cartographer/cartographer/common/internal/testing/thread_pool_for_testing.cc:17:
/home/terranova/uav_ws/install/absl/include/absl/synchronization/mutex.h:873:13: note: candidate: â€˜constexpr absl::Condition::Condition()â€™
  873 |   constexpr Condition() : eval_(AlwaysTrue), arg_(nullptr) {}
      |             ^~~~~~~~~
/home/terranova/uav_ws/install/absl/include/absl/synchronization/mutex.h:873:13: note:   candidate expects 0 arguments, 1 provided
/home/terranova/uav_ws/install/absl/include/absl/synchronization/mutex.h:793:12: note: candidate: â€˜template<class T, class E> absl::Condition::Condition(const T*)â€™
  793 |   explicit Condition(const T* obj)
      |            ^~~~~~~~~
/home/terranova/uav_ws/install/absl/include/absl/synchronization/mutex.h:793:12: note:   template argument deduction/substitution failed:
/home/terranova/uav_ws/install/absl/include/absl/synchronization/mutex.h:791:47: error: invalid static_cast from type â€˜void (cartographer::common::testing::ThreadPoolForTesting::WaitUntilIdle()::<lambda()>::*)() constâ€™ to type â€˜bool (cartographer::common::testing::ThreadPoolForTesting::WaitUntilIdle()::<lambda()>::*)() constâ€™
  791 |   template <typename T, typename E = decltype(static_cast<bool (T::*)() const>(
      |                                               ^~~~~~~~~~~~~~~~~~~~~~~~~~~~~~~~~
  792 |                             &T::operator()))>
      |                             ~~~~~~~~~~~~~~~    
/home/terranova/uav_ws/install/absl/include/absl/synchronization/mutex.h:764:12: note: candidate: â€˜absl::Condition::Condition(const bool*)â€™
  764 |   explicit Condition(const bool* cond);
      |            ^~~~~~~~~
/home/terranova/uav_ws/install/absl/include/absl/synchronization/mutex.h:764:34: note:   no known conversion for argument 1 from â€˜const cartographer::common::testing::ThreadPoolForTesting::WaitUntilIdle()::<lambda()>*â€™ to â€˜const bool*â€™
  764 |   explicit Condition(const bool* cond);
      |                      ~~~~~~~~~~~~^~~~
/home/terranova/uav_ws/install/absl/include/absl/synchronization/mutex.h:760:3: note: candidate: â€˜template<class T> absl::Condition::Condition(const T*, bool (absl::internal::type_identity<T>::type::*)() const)â€™
  760 |   Condition(const T* object,
      |   ^~~~~~~~~
/home/terranova/uav_ws/install/absl/include/absl/synchronization/mutex.h:760:3: note:   template argument deduction/substitution failed:
/home/terranova/uav_ws/src/cartographer/cartographer/common/internal/testing/thread_pool_for_testing.cc:79:61: note:   candidate expects 2 arguments, 1 provided
   79 |       if (mutex_.AwaitWithTimeout(absl::Condition(&predicate),
      |                                                             ^
In file included from /home/terranova/uav_ws/src/cartographer/cartographer/common/internal/testing/thread_pool_for_testing.h:25,
                 from /home/terranova/uav_ws/src/cartographer/cartographer/common/internal/testing/thread_pool_for_testing.cc:17:
/home/terranova/uav_ws/install/absl/include/absl/synchronization/mutex.h:755:3: note: candidate: â€˜template<class T> absl::Condition::Condition(T*, bool (absl::internal::type_identity<T>::type::*)())â€™
  755 |   Condition(T* object,
      |   ^~~~~~~~~
/home/terranova/uav_ws/install/absl/include/absl/synchronization/mutex.h:755:3: note:   template argument deduction/substitution failed:
/home/terranova/uav_ws/src/cartographer/cartographer/common/internal/testing/thread_pool_for_testing.cc:79:61: note:   candidate expects 2 arguments, 1 provided
   79 |       if (mutex_.AwaitWithTimeout(absl::Condition(&predicate),
      |                                                             ^
In file included from /home/terranova/uav_ws/src/cartographer/cartographer/common/internal/testing/thread_pool_for_testing.h:25,
                 from /home/terranova/uav_ws/src/cartographer/cartographer/common/internal/testing/thread_pool_for_testing.cc:17:
/home/terranova/uav_ws/install/absl/include/absl/synchronization/mutex.h:743:3: note: candidate: â€˜template<class T, class> absl::Condition::Condition(bool (*)(T*), typename absl::internal::type_identity<T>::type*)â€™
  743 |   Condition(bool (*func)(T*),
      |   ^~~~~~~~~
/home/terranova/uav_ws/install/absl/include/absl/synchronization/mutex.h:743:3: note:   template argument deduction/substitution failed:
/home/terranova/uav_ws/src/cartographer/cartographer/common/internal/testing/thread_pool_for_testing.cc:79:61: note:   mismatched types â€˜bool(T*)â€™ and â€˜const cartographer::common::testing::ThreadPoolForTesting::WaitUntilIdle()::<lambda()>â€™
   79 |       if (mutex_.AwaitWithTimeout(absl::Condition(&predicate),
      |                                                             ^
In file included from /home/terranova/uav_ws/src/cartographer/cartographer/common/internal/testing/thread_pool_for_testing.h:25,
                 from /home/terranova/uav_ws/src/cartographer/cartographer/common/internal/testing/thread_pool_for_testing.cc:17:
/home/terranova/uav_ws/install/absl/include/absl/synchronization/mutex.h:729:3: note: candidate: â€˜template<class T> absl::Condition::Condition(bool (*)(T*), T*)â€™
  729 |   Condition(bool (*func)(T*), T* arg);
      |   ^~~~~~~~~
/home/terranova/uav_ws/install/absl/include/absl/synchronization/mutex.h:729:3: note:   template argument deduction/substitution failed:
/home/terranova/uav_ws/src/cartographer/cartographer/common/internal/testing/thread_pool_for_testing.cc:79:61: note:   mismatched types â€˜bool(T*)â€™ and â€˜const cartographer::common::testing::ThreadPoolForTesting::WaitUntilIdle()::<lambda()>â€™
   79 |       if (mutex_.AwaitWithTimeout(absl::Condition(&predicate),
      |                                                             ^
In file included from /home/terranova/uav_ws/src/cartographer/cartographer/common/internal/testing/thread_pool_for_testing.h:25,
                 from /home/terranova/uav_ws/src/cartographer/cartographer/common/internal/testing/thread_pool_for_testing.cc:17:
/home/terranova/uav_ws/install/absl/include/absl/synchronization/mutex.h:717:3: note: candidate: â€˜absl::Condition::Condition(bool (*)(void*), void*)â€™
  717 |   Condition(bool (*func)(void*), void* arg);
      |   ^~~~~~~~~
/home/terranova/uav_ws/install/absl/include/absl/synchronization/mutex.h:717:3: note:   candidate expects 2 arguments, 1 provided
/home/terranova/uav_ws/install/absl/include/absl/synchronization/mutex.h:714:7: note: candidate: â€˜constexpr absl::Condition::Condition(const absl::Condition&)â€™
  714 | class Condition {
      |       ^~~~~~~~~
/home/terranova/uav_ws/install/absl/include/absl/synchronization/mutex.h:714:7: note:   no known conversion for argument 1 from â€˜const cartographer::common::testing::ThreadPoolForTesting::WaitUntilIdle()::<lambda()>*â€™ to â€˜const absl::Condition&â€™
/home/terranova/uav_ws/install/absl/include/absl/synchronization/mutex.h:714:7: note: candidate: â€˜constexpr absl::Condition::Condition(absl::Condition&&)â€™
/home/terranova/uav_ws/install/absl/include/absl/synchronization/mutex.h:714:7: note:   no known conversion for argument 1 from â€˜const cartographer::common::testing::ThreadPoolForTesting::WaitUntilIdle()::<lambda()>*â€™ to â€˜absl::Condition&&â€™
/home/terranova/uav_ws/src/cartographer/cartographer/common/internal/testing/thread_pool_for_testing.cc: In lambda function:
/home/terranova/uav_ws/src/cartographer/cartographer/common/internal/testing/thread_pool_for_testing.cc:88:35: error: expected â€˜{â€™ before â€˜EXCLUSIVE_LOCKS_REQUIREDâ€™
   88 |   const auto predicate = [this]() EXCLUSIVE_LOCKS_REQUIRED(mutex_) {
      |                                   ^~~~~~~~~~~~~~~~~~~~~~~~
/home/terranova/uav_ws/src/cartographer/cartographer/common/internal/testing/thread_pool_for_testing.cc: In member function â€˜void cartographer::common::testing::ThreadPoolForTesting::DoWork()â€™:
/home/terranova/uav_ws/src/cartographer/cartographer/common/internal/testing/thread_pool_for_testing.cc:88:35: error: expected â€˜,â€™ or â€˜;â€™ before â€˜EXCLUSIVE_LOCKS_REQUIREDâ€™
/home/terranova/uav_ws/src/cartographer/cartographer/common/internal/testing/thread_pool_for_testing.cc:95:57: error: no matching function for call to â€˜absl::Condition::Condition(const cartographer::common::testing::ThreadPoolForTesting::DoWork()::<lambda()>*)â€™
   95 |       mutex_.AwaitWithTimeout(absl::Condition(&predicate),
      |                                                         ^
In file included from /home/terranova/uav_ws/src/cartographer/cartographer/common/internal/testing/thread_pool_for_testing.h:25,
                 from /home/terranova/uav_ws/src/cartographer/cartographer/common/internal/testing/thread_pool_for_testing.cc:17:
/home/terranova/uav_ws/install/absl/include/absl/synchronization/mutex.h:873:13: note: candidate: â€˜constexpr absl::Condition::Condition()â€™
  873 |   constexpr Condition() : eval_(AlwaysTrue), arg_(nullptr) {}
      |             ^~~~~~~~~
/home/terranova/uav_ws/install/absl/include/absl/synchronization/mutex.h:873:13: note:   candidate expects 0 arguments, 1 provided
/home/terranova/uav_ws/install/absl/include/absl/synchronization/mutex.h:793:12: note: candidate: â€˜template<class T, class E> absl::Condition::Condition(const T*)â€™
  793 |   explicit Condition(const T* obj)
      |            ^~~~~~~~~
/home/terranova/uav_ws/install/absl/include/absl/synchronization/mutex.h:793:12: note:   template argument deduction/substitution failed:
/home/terranova/uav_ws/install/absl/include/absl/synchronization/mutex.h:791:47: error: invalid static_cast from type â€˜void (cartographer::common::testing::ThreadPoolForTesting::DoWork()::<lambda()>::*)() constâ€™ to type â€˜bool (cartographer::common::testing::ThreadPoolForTesting::DoWork()::<lambda()>::*)() constâ€™
  791 |   template <typename T, typename E = decltype(static_cast<bool (T::*)() const>(
      |                                               ^~~~~~~~~~~~~~~~~~~~~~~~~~~~~~~~~
  792 |                             &T::operator()))>
      |                             ~~~~~~~~~~~~~~~    
/home/terranova/uav_ws/install/absl/include/absl/synchronization/mutex.h:764:12: note: candidate: â€˜absl::Condition::Condition(const bool*)â€™
  764 |   explicit Condition(const bool* cond);
      |            ^~~~~~~~~
/home/terranova/uav_ws/install/absl/include/absl/synchronization/mutex.h:764:34: note:   no known conversion for argument 1 from â€˜const cartographer::common::testing::ThreadPoolForTesting::DoWork()::<lambda()>*â€™ to â€˜const bool*â€™
  764 |   explicit Condition(const bool* cond);
      |                      ~~~~~~~~~~~~^~~~
/home/terranova/uav_ws/install/absl/include/absl/synchronization/mutex.h:760:3: note: candidate: â€˜template<class T> absl::Condition::Condition(const T*, bool (absl::internal::type_identity<T>::type::*)() const)â€™
  760 |   Condition(const T* object,
      |   ^~~~~~~~~
/home/terranova/uav_ws/install/absl/include/absl/synchronization/mutex.h:760:3: note:   template argument deduction/substitution failed:
/home/terranova/uav_ws/src/cartographer/cartographer/common/internal/testing/thread_pool_for_testing.cc:95:57: note:   candidate expects 2 arguments, 1 provided
   95 |       mutex_.AwaitWithTimeout(absl::Condition(&predicate),
      |                                                         ^
In file included from /home/terranova/uav_ws/src/cartographer/cartographer/common/internal/testing/thread_pool_for_testing.h:25,
                 from /home/terranova/uav_ws/src/cartographer/cartographer/common/internal/testing/thread_pool_for_testing.cc:17:
/home/terranova/uav_ws/install/absl/include/absl/synchronization/mutex.h:755:3: note: candidate: â€˜template<class T> absl::Condition::Condition(T*, bool (absl::internal::type_identity<T>::type::*)())â€™
  755 |   Condition(T* object,
      |   ^~~~~~~~~
/home/terranova/uav_ws/install/absl/include/absl/synchronization/mutex.h:755:3: note:   template argument deduction/substitution failed:
/home/terranova/uav_ws/src/cartographer/cartographer/common/internal/testing/thread_pool_for_testing.cc:95:57: note:   candidate expects 2 arguments, 1 provided
   95 |       mutex_.AwaitWithTimeout(absl::Condition(&predicate),
      |                                                         ^
In file included from /home/terranova/uav_ws/src/cartographer/cartographer/common/internal/testing/thread_pool_for_testing.h:25,
                 from /home/terranova/uav_ws/src/cartographer/cartographer/common/internal/testing/thread_pool_for_testing.cc:17:
/home/terranova/uav_ws/install/absl/include/absl/synchronization/mutex.h:743:3: note: candidate: â€˜template<class T, class> absl::Condition::Condition(bool (*)(T*), typename absl::internal::type_identity<T>::type*)â€™
  743 |   Condition(bool (*func)(T*),
      |   ^~~~~~~~~
/home/terranova/uav_ws/install/absl/include/absl/synchronization/mutex.h:743:3: note:   template argument deduction/substitution failed:
/home/terranova/uav_ws/src/cartographer/cartographer/common/internal/testing/thread_pool_for_testing.cc:95:57: note:   mismatched types â€˜bool(T*)â€™ and â€˜const cartographer::common::testing::ThreadPoolForTesting::DoWork()::<lambda()>â€™
   95 |       mutex_.AwaitWithTimeout(absl::Condition(&predicate),
      |                                                         ^
In file included from /home/terranova/uav_ws/src/cartographer/cartographer/common/internal/testing/thread_pool_for_testing.h:25,
                 from /home/terranova/uav_ws/src/cartographer/cartographer/common/internal/testing/thread_pool_for_testing.cc:17:
/home/terranova/uav_ws/install/absl/include/absl/synchronization/mutex.h:729:3: note: candidate: â€˜template<class T> absl::Condition::Condition(bool (*)(T*), T*)â€™
  729 |   Condition(bool (*func)(T*), T* arg);
      |   ^~~~~~~~~
/home/terranova/uav_ws/install/absl/include/absl/synchronization/mutex.h:729:3: note:   template argument deduction/substitution failed:
/home/terranova/uav_ws/src/cartographer/cartographer/common/internal/testing/thread_pool_for_testing.cc:95:57: note:   mismatched types â€˜bool(T*)â€™ and â€˜const cartographer::common::testing::ThreadPoolForTesting::DoWork()::<lambda()>â€™
   95 |       mutex_.AwaitWithTimeout(absl::Condition(&predicate),
      |                                                         ^
In file included from /home/terranova/uav_ws/src/cartographer/cartographer/common/internal/testing/thread_pool_for_testing.h:25,
                 from /home/terranova/uav_ws/src/cartographer/cartographer/common/internal/testing/thread_pool_for_testing.cc:17:
/home/terranova/uav_ws/install/absl/include/absl/synchronization/mutex.h:717:3: note: candidate: â€˜absl::Condition::Condition(bool (*)(void*), void*)â€™
  717 |   Condition(bool (*func)(void*), void* arg);
      |   ^~~~~~~~~
/home/terranova/uav_ws/install/absl/include/absl/synchronization/mutex.h:717:3: note:   candidate expects 2 arguments, 1 provided
/home/terranova/uav_ws/install/absl/include/absl/synchronization/mutex.h:714:7: note: candidate: â€˜constexpr absl::Condition::Condition(const absl::Condition&)â€™
  714 | class Condition {
      |       ^~~~~~~~~
/home/terranova/uav_ws/install/absl/include/absl/synchronization/mutex.h:714:7: note:   no known conversion for argument 1 from â€˜const cartographer::common::testing::ThreadPoolForTesting::DoWork()::<lambda()>*â€™ to â€˜const absl::Condition&â€™
/home/terranova/uav_ws/install/absl/include/absl/synchronization/mutex.h:714:7: note: candidate: â€˜constexpr absl::Condition::Condition(absl::Condition&&)â€™
/home/terranova/uav_ws/install/absl/include/absl/synchronization/mutex.h:714:7: note:   no known conversion for argument 1 from â€˜const cartographer::common::testing::ThreadPoolForTesting::DoWork()::<lambda()>*â€™ to â€˜absl::Condition&&â€™
make[2]: *** [CMakeFiles/cartographer.dir/build.make:419: CMakeFiles/cartographer.dir/cartographer/common/internal/testing/thread_pool_for_testing.cc.o] Error 1
make[1]: *** [CMakeFiles/Makefile2:337: CMakeFiles/cartographer.dir/all] Error 2
make: *** [Makefile:146: all] Error 2
