[0.046s] Invoking command in '/home/terranova/uav_ws/build/cartographer': CMAKE_PREFIX_PATH=/home/terranova/uav_ws/install/cartographer_ros_msgs:/home/terranova/uav_ws/install/vision_opencv:/home/terranova/uav_ws/install/uav_gazebo:/home/terranova/uav_ws/install/uav_cartographer:/home/terranova/uav_ws/install/turtlebot3:/home/terranova/uav_ws/install/turtlebot3_simulations:/home/terranova/uav_ws/install/turtlebot3_bringup:/home/terranova/uav_ws/install/turtlebot3_node:/home/terranova/uav_ws/install/turtlebot3_navigation2:/home/terranova/uav_ws/install/turtlebot3_fake_node:/home/terranova/uav_ws/install/turtlebot3_msgs:/home/terranova/uav_ws/install/turtlebot3_gazebo:/home/terranova/uav_ws/install/turtlebot3_description:/home/terranova/uav_ws/install/turtlebot3_cartographer:/home/terranova/uav_ws/install/turtlebot3_teleop:/home/terranova/uav_ws/install/turtlebot3_example:/home/terranova/uav_ws/install/opencv_tests:/home/terranova/uav_ws/install/joint_state_publisher_gui:/home/terranova/uav_ws/install/joint_state_publisher:/opt/ros/foxy:/home/terranova/uav_ws/install/realsense_gazebo_plugin:/home/terranova/uav_ws/install/perception_pcl:/home/terranova/uav_ws/install/pcl_ros:/home/terranova/uav_ws/install/pcl_conversions:/home/terranova/uav_ws/install/pcl_msgs:/home/terranova/uav_ws/install/image_geometry:/home/terranova/uav_ws/install/hls_lfcd_lds_driver:/home/terranova/uav_ws/install/gazebo_ros_pkgs:/home/terranova/uav_ws/install/gazebo_plugins:/home/terranova/uav_ws/install/gazebo_ros:/home/terranova/uav_ws/install/gazebo_msgs:/home/terranova/uav_ws/install/gazebo_dev:/home/terranova/uav_ws/install/dynamixel_sdk_examples:/home/terranova/uav_ws/install/dynamixel_sdk_custom_interfaces:/home/terranova/uav_ws/install/dynamixel_sdk:/home/terranova/uav_ws/install/cv_bridge:/home/terranova/uav_ws/install/absl /home/terranova/.local/bin/cmake /home/terranova/uav_ws/src/cartographer -DCMAKE_INSTALL_PREFIX=/home/terranova/uav_ws/install/cartographer
[0.215s] -- The C compiler identification is GNU 9.4.0
[0.322s] -- The CXX compiler identification is GNU 9.4.0
[0.358s] -- Detecting C compiler ABI info
[0.451s] -- Detecting C compiler ABI info - done
[0.473s] -- Check for working C compiler: /usr/lib/ccache/cc - skipped
[0.473s] -- Detecting C compile features
[0.474s] -- Detecting C compile features - done
[0.501s] -- Detecting CXX compiler ABI info
[0.657s] -- Detecting CXX compiler ABI info - done
[0.692s] -- Check for working CXX compiler: /usr/lib/ccache/c++ - skipped
[0.693s] -- Detecting CXX compile features
[0.695s] -- Detecting CXX compile features - done
[0.701s] -- Build type: Release
[0.728s] Files /home/terranova/uav_ws/build/cartographer/AllFiles.cmake and - differ
[0.785s] [33mCMake Warning at /usr/src/googletest/googlemock/CMakeLists.txt:43 (project):
[0.785s]   VERSION keyword not followed by a value or was followed by a value that
[0.785s]   expanded to nothing.
[0.785s] 
[0.786s] [0m
[0.786s] [0mCMake Deprecation Warning at /usr/src/googletest/googlemock/CMakeLists.txt:45 (cmake_minimum_required):
[0.786s]   Compatibility with CMake < 3.5 will be removed from a future version of
[0.786s]   CMake.
[0.786s] 
[0.787s]   Update the VERSION argument <min> value or use a ...<max> suffix to tell
[0.787s]   CMake that the project does not need compatibility with older versions.
[0.787s] 
[0.787s] [0m
[0.787s] [33mCMake Warning at /usr/src/googletest/googletest/CMakeLists.txt:54 (project):
[0.788s]   VERSION keyword not followed by a value or was followed by a value that
[0.788s]   expanded to nothing.
[0.788s] 
[0.788s] [0m
[0.788s] [0mCMake Deprecation Warning at /usr/src/googletest/googletest/CMakeLists.txt:56 (cmake_minimum_required):
[0.789s]   Compatibility with CMake < 3.5 will be removed from a future version of
[0.789s]   CMake.
[0.789s] 
[0.789s]   Update the VERSION argument <min> value or use a ...<max> suffix to tell
[0.789s]   CMake that the project does not need compatibility with older versions.
[0.790s] 
[0.790s] [0m
[0.790s] [33mCMake Warning (dev) at /usr/src/googletest/googletest/cmake/internal_utils.cmake:249 (find_package):
[0.790s]   Policy CMP0148 is not set: The FindPythonInterp and FindPythonLibs modules
[0.790s]   are removed.  Run "cmake --help-policy CMP0148" for policy details.  Use
[0.790s]   the cmake_policy command to set the policy and suppress this warning.
[0.791s] 
[0.791s] Call Stack (most recent call first):
[0.791s]   /usr/src/googletest/googletest/CMakeLists.txt:91 (include)
[0.791s] This warning is for project developers.  Use -Wno-dev to suppress it.
[0.791s] [0m
[0.869s] -- Found PythonInterp: /usr/bin/python (found version "3.8.10") 
[0.871s] -- Performing Test CMAKE_HAVE_LIBC_PTHREAD
[1.003s] -- Performing Test CMAKE_HAVE_LIBC_PTHREAD - Failed
[1.003s] -- Looking for pthread_create in pthreads
[1.105s] -- Looking for pthread_create in pthreads - not found
[1.106s] -- Looking for pthread_create in pthread
[1.231s] -- Looking for pthread_create in pthread - found
[1.234s] -- Found Threads: TRUE  
[1.249s] -- Found GMock: gmock_main;-lpthread  
[1.335s] -- Found Boost: /usr/lib/x86_64-linux-gnu/cmake/Boost-1.71.0/BoostConfig.cmake (found version "1.71.0") found components: iostreams 
[1.355s] -- Found installed version of Eigen: /usr/lib/cmake/eigen3
[1.358s] -- Found required Ceres dependency: Eigen version 3.3.7 in /usr/include/eigen3
[1.375s] -- Found required Ceres dependency: glog
[1.382s] -- Found installed version of gflags: /usr/lib/x86_64-linux-gnu/cmake/gflags
[1.382s] -- Detected gflags version: 2.2.2
[1.384s] -- Found required Ceres dependency: gflags
[1.386s] -- Found Ceres version: 1.14.0 installed in: /usr with components: [EigenSparse, SparseLinearAlgebraLibrary, LAPACK, SuiteSparse, CXSparse, SchurSpecializations, OpenMP, Multithreading]
[1.453s] -- Found Lua: /usr/lib/x86_64-linux-gnu/liblua5.2.so;/usr/lib/x86_64-linux-gnu/libm.so (found version "5.2.4") 
[1.556s] -- Found Protobuf: /usr/lib/x86_64-linux-gnu/libprotobuf.so;-lpthread (found suitable version "3.6.1", minimum required is "3.0.0") 
[1.568s] -- Found PkgConfig: /usr/bin/pkg-config (found version "0.29.1") 
[1.569s] -- Checking for one of the modules 'cairo>=1.12.16'
[1.716s] -- Found Sphinx: /usr/bin/sphinx-build  
[1.809s] -- Configuring done (1.7s)
[2.663s] -- Generating done (0.8s)
[2.682s] -- Build files have been written to: /home/terranova/uav_ws/build/cartographer
[2.723s] Invoked command in '/home/terranova/uav_ws/build/cartographer' returned '0': CMAKE_PREFIX_PATH=/home/terranova/uav_ws/install/cartographer_ros_msgs:/home/terranova/uav_ws/install/vision_opencv:/home/terranova/uav_ws/install/uav_gazebo:/home/terranova/uav_ws/install/uav_cartographer:/home/terranova/uav_ws/install/turtlebot3:/home/terranova/uav_ws/install/turtlebot3_simulations:/home/terranova/uav_ws/install/turtlebot3_bringup:/home/terranova/uav_ws/install/turtlebot3_node:/home/terranova/uav_ws/install/turtlebot3_navigation2:/home/terranova/uav_ws/install/turtlebot3_fake_node:/home/terranova/uav_ws/install/turtlebot3_msgs:/home/terranova/uav_ws/install/turtlebot3_gazebo:/home/terranova/uav_ws/install/turtlebot3_description:/home/terranova/uav_ws/install/turtlebot3_cartographer:/home/terranova/uav_ws/install/turtlebot3_teleop:/home/terranova/uav_ws/install/turtlebot3_example:/home/terranova/uav_ws/install/opencv_tests:/home/terranova/uav_ws/install/joint_state_publisher_gui:/home/terranova/uav_ws/install/joint_state_publisher:/opt/ros/foxy:/home/terranova/uav_ws/install/realsense_gazebo_plugin:/home/terranova/uav_ws/install/perception_pcl:/home/terranova/uav_ws/install/pcl_ros:/home/terranova/uav_ws/install/pcl_conversions:/home/terranova/uav_ws/install/pcl_msgs:/home/terranova/uav_ws/install/image_geometry:/home/terranova/uav_ws/install/hls_lfcd_lds_driver:/home/terranova/uav_ws/install/gazebo_ros_pkgs:/home/terranova/uav_ws/install/gazebo_plugins:/home/terranova/uav_ws/install/gazebo_ros:/home/terranova/uav_ws/install/gazebo_msgs:/home/terranova/uav_ws/install/gazebo_dev:/home/terranova/uav_ws/install/dynamixel_sdk_examples:/home/terranova/uav_ws/install/dynamixel_sdk_custom_interfaces:/home/terranova/uav_ws/install/dynamixel_sdk:/home/terranova/uav_ws/install/cv_bridge:/home/terranova/uav_ws/install/absl /home/terranova/.local/bin/cmake /home/terranova/uav_ws/src/cartographer -DCMAKE_INSTALL_PREFIX=/home/terranova/uav_ws/install/cartographer
[2.725s] Invoking command in '/home/terranova/uav_ws/build/cartographer': CMAKE_PREFIX_PATH=/home/terranova/uav_ws/install/cartographer_ros_msgs:/home/terranova/uav_ws/install/vision_opencv:/home/terranova/uav_ws/install/uav_gazebo:/home/terranova/uav_ws/install/uav_cartographer:/home/terranova/uav_ws/install/turtlebot3:/home/terranova/uav_ws/install/turtlebot3_simulations:/home/terranova/uav_ws/install/turtlebot3_bringup:/home/terranova/uav_ws/install/turtlebot3_node:/home/terranova/uav_ws/install/turtlebot3_navigation2:/home/terranova/uav_ws/install/turtlebot3_fake_node:/home/terranova/uav_ws/install/turtlebot3_msgs:/home/terranova/uav_ws/install/turtlebot3_gazebo:/home/terranova/uav_ws/install/turtlebot3_description:/home/terranova/uav_ws/install/turtlebot3_cartographer:/home/terranova/uav_ws/install/turtlebot3_teleop:/home/terranova/uav_ws/install/turtlebot3_example:/home/terranova/uav_ws/install/opencv_tests:/home/terranova/uav_ws/install/joint_state_publisher_gui:/home/terranova/uav_ws/install/joint_state_publisher:/opt/ros/foxy:/home/terranova/uav_ws/install/realsense_gazebo_plugin:/home/terranova/uav_ws/install/perception_pcl:/home/terranova/uav_ws/install/pcl_ros:/home/terranova/uav_ws/install/pcl_conversions:/home/terranova/uav_ws/install/pcl_msgs:/home/terranova/uav_ws/install/image_geometry:/home/terranova/uav_ws/install/hls_lfcd_lds_driver:/home/terranova/uav_ws/install/gazebo_ros_pkgs:/home/terranova/uav_ws/install/gazebo_plugins:/home/terranova/uav_ws/install/gazebo_ros:/home/terranova/uav_ws/install/gazebo_msgs:/home/terranova/uav_ws/install/gazebo_dev:/home/terranova/uav_ws/install/dynamixel_sdk_examples:/home/terranova/uav_ws/install/dynamixel_sdk_custom_interfaces:/home/terranova/uav_ws/install/dynamixel_sdk:/home/terranova/uav_ws/install/cv_bridge:/home/terranova/uav_ws/install/absl /home/terranova/.local/bin/cmake --build /home/terranova/uav_ws/build/cartographer -- -j4 -l4
[2.924s] [  0%] [34m[1mRunning C++ protocol buffer compiler on /home/terranova/uav_ws/src/cartographer/cartographer/transform/proto/transform.proto[0m
[2.941s] [  1%] [32mBuilding CXX object googletest/CMakeFiles/gtest.dir/src/gtest-all.cc.o[0m
[2.943s] [  1%] [34m[1mBuilding documentation.[0m
[2.947s] [  1%] Built target cartographer_detect_changes
[2.958s] [  1%] [34m[1mRunning C++ protocol buffer compiler on /home/terranova/uav_ws/src/cartographer/cartographer/common/proto/ceres_solver_options.proto[0m
[2.971s] [  1%] [34m[1mRunning C++ protocol buffer compiler on /home/terranova/uav_ws/src/cartographer/cartographer/ground_truth/proto/relations.proto[0m
[2.980s] [  2%] [34m[1mRunning C++ protocol buffer compiler on /home/terranova/uav_ws/src/cartographer/cartographer/mapping/proto/cell_limits_2d.proto[0m
[2.994s] [  2%] [34m[1mRunning C++ protocol buffer compiler on /home/terranova/uav_ws/src/cartographer/cartographer/mapping/proto/connected_components.proto[0m
[3.018s] [  2%] [34m[1mRunning C++ protocol buffer compiler on /home/terranova/uav_ws/src/cartographer/cartographer/mapping/proto/grid_2d.proto[0m
[3.036s] [  2%] [34m[1mRunning C++ protocol buffer compiler on /home/terranova/uav_ws/src/cartographer/cartographer/mapping/proto/grid_2d_options.proto[0m
[3.073s] [  3%] [32m[1mLinking CXX static library ../lib/libgtest.a[0m
[3.073s] [  3%] [34m[1mRunning C++ protocol buffer compiler on /home/terranova/uav_ws/src/cartographer/cartographer/mapping/proto/local_trajectory_builder_options_2d.proto[0m
[3.078s] [  3%] [34m[1mRunning C++ protocol buffer compiler on /home/terranova/uav_ws/src/cartographer/cartographer/mapping/proto/hybrid_grid.proto[0m
[3.118s] [  3%] [34m[1mRunning C++ protocol buffer compiler on /home/terranova/uav_ws/src/cartographer/cartographer/mapping/proto/local_trajectory_builder_options_3d.proto[0m
[3.125s] [  3%] [34m[1mRunning C++ protocol buffer compiler on /home/terranova/uav_ws/src/cartographer/cartographer/mapping/proto/map_builder_options.proto[0m
[3.150s] [  4%] [34m[1mRunning C++ protocol buffer compiler on /home/terranova/uav_ws/src/cartographer/cartographer/mapping/proto/map_limits.proto[0m
[3.165s] [  4%] Built target gtest
[3.178s] [  4%] [34m[1mRunning C++ protocol buffer compiler on /home/terranova/uav_ws/src/cartographer/cartographer/mapping/proto/motion_filter_options.proto[0m
[3.190s] [  5%] [32mBuilding CXX object gmock/CMakeFiles/gmock.dir/src/gmock-all.cc.o[0m
[3.205s] [  5%] [34m[1mRunning C++ protocol buffer compiler on /home/terranova/uav_ws/src/cartographer/cartographer/mapping/proto/normal_estimation_options_2d.proto[0m
[3.224s] [  6%] [34m[1mRunning C++ protocol buffer compiler on /home/terranova/uav_ws/src/cartographer/cartographer/mapping/proto/pose_graph.proto[0m
[3.232s] [  6%] [34m[1mRunning C++ protocol buffer compiler on /home/terranova/uav_ws/src/cartographer/cartographer/mapping/proto/pose_extrapolator_options.proto[0m
[3.249s] [  6%] [34m[1mRunning C++ protocol buffer compiler on /home/terranova/uav_ws/src/cartographer/cartographer/mapping/proto/pose_graph/constraint_builder_options.proto[0m
[3.258s] [  6%] [32m[1mLinking CXX static library ../lib/libgmock.a[0m
[3.270s] [  6%] [34m[1mRunning C++ protocol buffer compiler on /home/terranova/uav_ws/src/cartographer/cartographer/mapping/proto/pose_graph/optimization_problem_options.proto[0m
[3.276s] [  6%] [34m[1mRunning C++ protocol buffer compiler on /home/terranova/uav_ws/src/cartographer/cartographer/mapping/proto/pose_graph_options.proto[0m
[3.282s] /usr/bin/sphinx-build:6: DeprecationWarning: pkg_resources is deprecated as an API. See https://setuptools.pypa.io/en/latest/pkg_resources.html
[3.282s]   from pkg_resources import load_entry_point
[3.320s] [  7%] [34m[1mRunning C++ protocol buffer compiler on /home/terranova/uav_ws/src/cartographer/cartographer/mapping/proto/probability_grid.proto[0m
[3.320s] [  7%] [34m[1mRunning C++ protocol buffer compiler on /home/terranova/uav_ws/src/cartographer/cartographer/mapping/proto/probability_grid_range_data_inserter_options_2d.proto[0m
[3.337s] [  7%] Built target gmock
[3.348s] [  7%] [34m[1mRunning C++ protocol buffer compiler on /home/terranova/uav_ws/src/cartographer/cartographer/mapping/proto/range_data_inserter_options.proto[0m
[3.356s] [  7%] [34m[1mRunning C++ protocol buffer compiler on /home/terranova/uav_ws/src/cartographer/cartographer/mapping/proto/range_data_inserter_options_3d.proto[0m
[3.370s] [  8%] [34m[1mRunning C++ protocol buffer compiler on /home/terranova/uav_ws/src/cartographer/cartographer/mapping/proto/scan_matching/ceres_scan_matcher_options_2d.proto[0m
[3.383s] [  8%] [34m[1mRunning C++ protocol buffer compiler on /home/terranova/uav_ws/src/cartographer/cartographer/mapping/proto/scan_matching/ceres_scan_matcher_options_3d.proto[0m
[3.387s] [  8%] [32mBuilding CXX object gmock/CMakeFiles/gmock_main.dir/src/gmock_main.cc.o[0m
[3.390s] [  8%] [34m[1mRunning C++ protocol buffer compiler on /home/terranova/uav_ws/src/cartographer/cartographer/mapping/proto/scan_matching/fast_correlative_scan_matcher_options_2d.proto[0m
[3.406s] [  8%] [34m[1mRunning C++ protocol buffer compiler on /home/terranova/uav_ws/src/cartographer/cartographer/mapping/proto/scan_matching/fast_correlative_scan_matcher_options_3d.proto[0m
[3.417s] [  9%] [34m[1mRunning C++ protocol buffer compiler on /home/terranova/uav_ws/src/cartographer/cartographer/mapping/proto/scan_matching/real_time_correlative_scan_matcher_options.proto[0m
[3.443s] [  9%] [32m[1mLinking CXX static library ../lib/libgmock_main.a[0m
[3.448s] [  9%] [34m[1mRunning C++ protocol buffer compiler on /home/terranova/uav_ws/src/cartographer/cartographer/mapping/proto/submap.proto[0m
[3.452s] [  9%] [34m[1mRunning C++ protocol buffer compiler on /home/terranova/uav_ws/src/cartographer/cartographer/mapping/proto/serialization.proto[0m
[3.491s] [  9%] Built target gmock_main
[3.492s] [  9%] [34m[1mRunning C++ protocol buffer compiler on /home/terranova/uav_ws/src/cartographer/cartographer/mapping/proto/submap_visualization.proto[0m
[3.497s] [ 10%] [34m[1mRunning C++ protocol buffer compiler on /home/terranova/uav_ws/src/cartographer/cartographer/mapping/proto/submaps_options_2d.proto[0m
[3.503s] [ 10%] [34m[1mRunning C++ protocol buffer compiler on /home/terranova/uav_ws/src/cartographer/cartographer/mapping/proto/submaps_options_3d.proto[0m
[3.526s] [ 10%] [34m[1mRunning C++ protocol buffer compiler on /home/terranova/uav_ws/src/cartographer/cartographer/mapping/proto/trajectory.proto[0m
[3.527s] [ 10%] [34m[1mRunning C++ protocol buffer compiler on /home/terranova/uav_ws/src/cartographer/cartographer/mapping/proto/trajectory_builder_options.proto[0m
[3.534s] [ 11%] [34m[1mRunning C++ protocol buffer compiler on /home/terranova/uav_ws/src/cartographer/cartographer/mapping/proto/trajectory_node_data.proto[0m
[3.561s] [ 11%] [34m[1mRunning C++ protocol buffer compiler on /home/terranova/uav_ws/src/cartographer/cartographer/mapping/proto/tsdf_2d.proto[0m
[3.567s] [ 11%] [34m[1mRunning C++ protocol buffer compiler on /home/terranova/uav_ws/src/cartographer/cartographer/mapping/proto/tsdf_range_data_inserter_options_2d.proto[0m
[3.568s] [ 12%] [34m[1mRunning C++ protocol buffer compiler on /home/terranova/uav_ws/src/cartographer/cartographer/sensor/proto/adaptive_voxel_filter_options.proto[0m
[3.600s] [ 12%] [34m[1mRunning C++ protocol buffer compiler on /home/terranova/uav_ws/src/cartographer/cartographer/transform/proto/timestamped_transform.proto[0m
[3.602s] [ 12%] [34m[1mRunning C++ protocol buffer compiler on /home/terranova/uav_ws/src/cartographer/cartographer/sensor/proto/sensor.proto[0m
[3.779s] [ 13%] [32mBuilding CXX object CMakeFiles/cartographer.dir/cartographer/common/configuration_file_resolver.cc.o[0m
[3.780s] [ 13%] [32mBuilding CXX object CMakeFiles/cartographer.dir/cartographer/common/histogram.cc.o[0m
[3.785s] [ 13%] [32mBuilding CXX object CMakeFiles/cartographer.dir/cartographer/common/fixed_ratio_sampler.cc.o[0m
[4.381s] [01mRunning Sphinx v1.8.5[39;49;00m
[4.989s] 
[4.990s] [31;01mExtension error:[39;49;00m
[4.991s] Could not import extension sphinx.builders.latex (exception: cannot import name 'contextfunction' from 'jinja2' (/home/terranova/.local/lib/python3.8/site-packages/jinja2/__init__.py))
[5.196s] make[2]: *** [docs/CMakeFiles/build_doc.dir/build.make:71: docs/CMakeFiles/build_doc] Error 2
[5.197s] make[1]: *** [CMakeFiles/Makefile2:3028: docs/CMakeFiles/build_doc.dir/all] Error 2
[5.198s] make[1]: *** Waiting for unfinished jobs....
[5.224s] [ 13%] [32mBuilding CXX object CMakeFiles/cartographer.dir/cartographer/common/internal/ceres_solver_options.cc.o[0m
[10.746s] [ 14%] [32mBuilding CXX object CMakeFiles/cartographer.dir/cartographer/common/internal/testing/thread_pool_for_testing.cc.o[0m
[11.262s] [ 14%] [32mBuilding CXX object CMakeFiles/cartographer.dir/cartographer/common/lua_parameter_dictionary.cc.o[0m
[11.443s] [ 14%] [32mBuilding CXX object CMakeFiles/cartographer.dir/cartographer/common/task.cc.o[0m
[16.767s] In file included from /home/terranova/uav_ws/src/cartographer/cartographer/common/task.h:24,
[16.767s]                  from /home/terranova/uav_ws/src/cartographer/cartographer/common/task.cc:17:
[16.767s] /home/terranova/uav_ws/src/cartographer/cartographer/common/thread_pool.h:67:58: error: expected â€˜;â€™ at end of member declaration
[16.767s]    67 |   std::weak_ptr<Task> Schedule(std::unique_ptr<Task> task)
[16.768s]       |                                                          ^
[16.768s]       |                                                           ;
[16.768s] /home/terranova/uav_ws/src/cartographer/cartographer/common/thread_pool.h:68:22: error: â€˜mutex_â€™ has not been declared
[16.768s]    68 |       LOCKS_EXCLUDED(mutex_) override;
[16.768s]       |                      ^~~~~~
[16.769s] /home/terranova/uav_ws/src/cartographer/cartographer/common/thread_pool.h:68:30: error: ISO C++ forbids declaration of â€˜LOCKS_EXCLUDEDâ€™ with no type [-fpermissive]
[16.769s]    68 |       LOCKS_EXCLUDED(mutex_) override;
[16.769s]       |                              ^~~~~~~~
[16.769s] /home/terranova/uav_ws/src/cartographer/cartographer/common/thread_pool.h:73:46: error: expected â€˜;â€™ at end of member declaration
[16.769s]    73 |   void NotifyDependenciesCompleted(Task* task) LOCKS_EXCLUDED(mutex_) override;
[16.775s]       |                                              ^
[16.775s]       |                                               ;
[16.776s] /home/terranova/uav_ws/src/cartographer/cartographer/common/thread_pool.h:73:63: error: â€˜mutex_â€™ has not been declared
[16.776s]    73 |   void NotifyDependenciesCompleted(Task* task) LOCKS_EXCLUDED(mutex_) override;
[16.776s]       |                                                               ^~~~~~
[16.776s] /home/terranova/uav_ws/src/cartographer/cartographer/common/thread_pool.h:73:71: error: ISO C++ forbids declaration of â€˜LOCKS_EXCLUDEDâ€™ with no type [-fpermissive]
[16.777s]    73 |   void NotifyDependenciesCompleted(Task* task) LOCKS_EXCLUDED(mutex_) override;
[16.777s]       |                                                                       ^~~~~~~~
[16.777s] /home/terranova/uav_ws/src/cartographer/cartographer/common/thread_pool.h:73:48: error: â€˜int cartographer::common::ThreadPool::LOCKS_EXCLUDED(int)â€™ cannot be overloaded with â€˜int cartographer::common::ThreadPool::LOCKS_EXCLUDED(int)â€™
[16.777s]    73 |   void NotifyDependenciesCompleted(Task* task) LOCKS_EXCLUDED(mutex_) override;
[16.785s]       |                                                ^~~~~~~~~~~~~~
[16.785s] /home/terranova/uav_ws/src/cartographer/cartographer/common/thread_pool.h:68:7: note: previous declaration â€˜int cartographer::common::ThreadPool::LOCKS_EXCLUDED(int)â€™
[16.786s]    68 |       LOCKS_EXCLUDED(mutex_) override;
[16.786s]       |       ^~~~~~~~~~~~~~
[16.786s] /home/terranova/uav_ws/src/cartographer/cartographer/common/thread_pool.h:76:8: error: expected â€˜;â€™ at end of member declaration
[16.786s]    76 |   bool running_ GUARDED_BY(mutex_) = true;
[16.787s]       |        ^~~~~~~~
[16.787s]       |                ;
[16.787s] /home/terranova/uav_ws/src/cartographer/cartographer/common/thread_pool.h:76:28: error: â€˜mutex_â€™ is not a type
[16.787s]    76 |   bool running_ GUARDED_BY(mutex_) = true;
[16.787s]       |                            ^~~~~~
[16.788s] /home/terranova/uav_ws/src/cartographer/cartographer/common/thread_pool.h:76:42: error: invalid pure specifier (only â€˜= 0â€™ is allowed) before â€˜;â€™ token
[16.788s]    76 |   bool running_ GUARDED_BY(mutex_) = true;
[16.788s]       |                                          ^
[16.788s] /home/terranova/uav_ws/src/cartographer/cartographer/common/thread_pool.h:76:42: error: ISO C++ forbids declaration of â€˜GUARDED_BYâ€™ with no type [-fpermissive]
[16.788s] /home/terranova/uav_ws/src/cartographer/cartographer/common/thread_pool.h:77:28: error: expected â€˜;â€™ at end of member declaration
[16.794s]    77 |   std::vector<std::thread> pool_ GUARDED_BY(mutex_);
[16.794s]       |                            ^~~~~
[16.794s]       |                                 ;
[16.794s] /home/terranova/uav_ws/src/cartographer/cartographer/common/thread_pool.h:77:45: error: â€˜mutex_â€™ is not a type
[16.795s]    77 |   std::vector<std::thread> pool_ GUARDED_BY(mutex_);
[16.795s]       |                                             ^~~~~~
[16.795s] /home/terranova/uav_ws/src/cartographer/cartographer/common/thread_pool.h:77:51: error: ISO C++ forbids declaration of â€˜GUARDED_BYâ€™ with no type [-fpermissive]
[16.795s]    77 |   std::vector<std::thread> pool_ GUARDED_BY(mutex_);
[16.796s]       |                                                   ^
[16.796s] /home/terranova/uav_ws/src/cartographer/cartographer/common/thread_pool.h:77:34: error: â€˜int cartographer::common::ThreadPool::GUARDED_BY(int)â€™ cannot be overloaded with â€˜int cartographer::common::ThreadPool::GUARDED_BY(int)â€™
[16.796s]    77 |   std::vector<std::thread> pool_ GUARDED_BY(mutex_);
[16.796s]       |                                  ^~~~~~~~~~
[16.796s] /home/terranova/uav_ws/src/cartographer/cartographer/common/thread_pool.h:76:17: note: previous declaration â€˜int cartographer::common::ThreadPool::GUARDED_BY(int)â€™
[16.797s]    76 |   bool running_ GUARDED_BY(mutex_) = true;
[16.797s]       |                 ^~~~~~~~~~
[16.797s] /home/terranova/uav_ws/src/cartographer/cartographer/common/thread_pool.h:78:37: error: expected â€˜;â€™ at end of member declaration
[16.797s]    78 |   std::deque<std::shared_ptr<Task>> task_queue_ GUARDED_BY(mutex_);
[16.797s]       |                                     ^~~~~~~~~~~
[16.809s]       |                                                ;
[16.809s] /home/terranova/uav_ws/src/cartographer/cartographer/common/thread_pool.h:78:60: error: â€˜mutex_â€™ is not a type
[16.809s]    78 |   std::deque<std::shared_ptr<Task>> task_queue_ GUARDED_BY(mutex_);
[16.810s]       |                                                            ^~~~~~
[16.810s] /home/terranova/uav_ws/src/cartographer/cartographer/common/thread_pool.h:78:66: error: ISO C++ forbids declaration of â€˜GUARDED_BYâ€™ with no type [-fpermissive]
[16.810s]    78 |   std::deque<std::shared_ptr<Task>> task_queue_ GUARDED_BY(mutex_);
[16.810s]       |                                                                  ^
[16.811s] /home/terranova/uav_ws/src/cartographer/cartographer/common/thread_pool.h:78:49: error: â€˜int cartographer::common::ThreadPool::GUARDED_BY(int)â€™ cannot be overloaded with â€˜int cartographer::common::ThreadPool::GUARDED_BY(int)â€™
[16.811s]    78 |   std::deque<std::shared_ptr<Task>> task_queue_ GUARDED_BY(mutex_);
[16.811s]       |                                                 ^~~~~~~~~~
[16.811s] /home/terranova/uav_ws/src/cartographer/cartographer/common/thread_pool.h:76:17: note: previous declaration â€˜int cartographer::common::ThreadPool::GUARDED_BY(int)â€™
[16.812s]    76 |   bool running_ GUARDED_BY(mutex_) = true;
[16.812s]       |                 ^~~~~~~~~~
[16.812s] /home/terranova/uav_ws/src/cartographer/cartographer/common/thread_pool.h:79:53: error: expected â€˜;â€™ at end of member declaration
[16.812s]    79 |   absl::flat_hash_map<Task*, std::shared_ptr<Task>> tasks_not_ready_
[16.812s]       |                                                     ^~~~~~~~~~~~~~~~
[16.813s]       |                                                                     ;
[16.813s] /home/terranova/uav_ws/src/cartographer/cartographer/common/thread_pool.h:80:18: error: â€˜mutex_â€™ is not a type
[16.813s]    80 |       GUARDED_BY(mutex_);
[16.813s]       |                  ^~~~~~
[16.813s] /home/terranova/uav_ws/src/cartographer/cartographer/common/thread_pool.h:80:24: error: ISO C++ forbids declaration of â€˜GUARDED_BYâ€™ with no type [-fpermissive]
[16.822s]    80 |       GUARDED_BY(mutex_);
[16.822s]       |                        ^
[16.823s] /home/terranova/uav_ws/src/cartographer/cartographer/common/thread_pool.h:80:7: error: â€˜int cartographer::common::ThreadPool::GUARDED_BY(int)â€™ cannot be overloaded with â€˜int cartographer::common::ThreadPool::GUARDED_BY(int)â€™
[16.823s]    80 |       GUARDED_BY(mutex_);
[16.823s]       |       ^~~~~~~~~~
[16.823s] /home/terranova/uav_ws/src/cartographer/cartographer/common/thread_pool.h:76:17: note: previous declaration â€˜int cartographer::common::ThreadPool::GUARDED_BY(int)â€™
[16.823s]    76 |   bool running_ GUARDED_BY(mutex_) = true;
[16.824s]       |                 ^~~~~~~~~~
[16.824s] /home/terranova/uav_ws/src/cartographer/cartographer/common/thread_pool.h:68:7: error: â€˜int cartographer::common::ThreadPool::LOCKS_EXCLUDED(int)â€™ marked â€˜overrideâ€™, but does not override
[16.824s]    68 |       LOCKS_EXCLUDED(mutex_) override;
[16.825s]       |       ^~~~~~~~~~~~~~
[16.825s] In file included from /home/terranova/uav_ws/src/cartographer/cartographer/common/task.cc:17:
[16.825s] /home/terranova/uav_ws/src/cartographer/cartographer/common/task.h:41:18: error: expected â€˜;â€™ at end of member declaration
[16.825s]    41 |   State GetState() LOCKS_EXCLUDED(mutex_);
[16.830s]       |                  ^
[16.830s]       |                   ;
[16.831s] /home/terranova/uav_ws/src/cartographer/cartographer/common/task.h:41:35: error: â€˜mutex_â€™ has not been declared
[16.831s]    41 |   State GetState() LOCKS_EXCLUDED(mutex_);
[16.831s]       |                                   ^~~~~~
[16.831s] /home/terranova/uav_ws/src/cartographer/cartographer/common/task.h:41:41: error: ISO C++ forbids declaration of â€˜LOCKS_EXCLUDEDâ€™ with no type [-fpermissive]
[16.831s]    41 |   State GetState() LOCKS_EXCLUDED(mutex_);
[16.832s]       |                                         ^
[16.832s] /home/terranova/uav_ws/src/cartographer/cartographer/common/task.h:44:45: error: expected â€˜;â€™ at end of member declaration
[16.832s]    44 |   void SetWorkItem(const WorkItem& work_item) LOCKS_EXCLUDED(mutex_);
[16.832s]       |                                             ^
[16.833s]       |                                              ;
[16.833s] /home/terranova/uav_ws/src/cartographer/cartographer/common/task.h:44:62: error: â€˜mutex_â€™ has not been declared
[16.833s]    44 |   void SetWorkItem(const WorkItem& work_item) LOCKS_EXCLUDED(mutex_);
[16.833s]       |                                                              ^~~~~~
[16.834s] /home/terranova/uav_ws/src/cartographer/cartographer/common/task.h:44:68: error: ISO C++ forbids declaration of â€˜LOCKS_EXCLUDEDâ€™ with no type [-fpermissive]
[16.834s]    44 |   void SetWorkItem(const WorkItem& work_item) LOCKS_EXCLUDED(mutex_);
[16.834s]       |                                                                    ^
[16.834s] /home/terranova/uav_ws/src/cartographer/cartographer/common/task.h:44:47: error: â€˜int cartographer::common::Task::LOCKS_EXCLUDED(int)â€™ cannot be overloaded with â€˜int cartographer::common::Task::LOCKS_EXCLUDED(int)â€™
[16.834s]    44 |   void SetWorkItem(const WorkItem& work_item) LOCKS_EXCLUDED(mutex_);
[16.835s]       |                                               ^~~~~~~~~~~~~~
[16.835s] /home/terranova/uav_ws/src/cartographer/cartographer/common/task.h:41:20: note: previous declaration â€˜int cartographer::common::Task::LOCKS_EXCLUDED(int)â€™
[16.835s]    41 |   State GetState() LOCKS_EXCLUDED(mutex_);
[16.835s]       |                    ^~~~~~~~~~~~~~
[16.841s] /home/terranova/uav_ws/src/cartographer/cartographer/common/task.h:48:52: error: expected â€˜;â€™ at end of member declaration
[16.841s]    48 |   void AddDependency(std::weak_ptr<Task> dependency) LOCKS_EXCLUDED(mutex_);
[16.842s]       |                                                    ^
[16.842s]       |                                                     ;
[16.842s] /home/terranova/uav_ws/src/cartographer/cartographer/common/task.h:48:69: error: â€˜mutex_â€™ has not been declared
[16.843s]    48 |   void AddDependency(std::weak_ptr<Task> dependency) LOCKS_EXCLUDED(mutex_);
[16.843s]       |                                                                     ^~~~~~
[16.843s] /home/terranova/uav_ws/src/cartographer/cartographer/common/task.h:48:75: error: ISO C++ forbids declaration of â€˜LOCKS_EXCLUDEDâ€™ with no type [-fpermissive]
[16.843s]    48 |   void AddDependency(std::weak_ptr<Task> dependency) LOCKS_EXCLUDED(mutex_);
[16.843s]       |                                                                           ^
[16.844s] /home/terranova/uav_ws/src/cartographer/cartographer/common/task.h:48:54: error: â€˜int cartographer::common::Task::LOCKS_EXCLUDED(int)â€™ cannot be overloaded with â€˜int cartographer::common::Task::LOCKS_EXCLUDED(int)â€™
[16.844s]    48 |   void AddDependency(std::weak_ptr<Task> dependency) LOCKS_EXCLUDED(mutex_);
[16.844s]       |                                                      ^~~~~~~~~~~~~~
[16.844s] /home/terranova/uav_ws/src/cartographer/cartographer/common/task.h:41:20: note: previous declaration â€˜int cartographer::common::Task::LOCKS_EXCLUDED(int)â€™
[16.845s]    41 |   State GetState() LOCKS_EXCLUDED(mutex_);
[16.845s]       |                    ^~~~~~~~~~~~~~
[16.845s] /home/terranova/uav_ws/src/cartographer/cartographer/common/task.h:55:16: error: expected â€˜;â€™ at end of member declaration
[16.845s]    55 |   void Execute() LOCKS_EXCLUDED(mutex_);
[16.852s]       |                ^
[16.852s]       |                 ;
[16.853s] /home/terranova/uav_ws/src/cartographer/cartographer/common/task.h:55:33: error: â€˜mutex_â€™ has not been declared
[16.853s]    55 |   void Execute() LOCKS_EXCLUDED(mutex_);
[16.853s]       |                                 ^~~~~~
[16.853s] /home/terranova/uav_ws/src/cartographer/cartographer/common/task.h:55:39: error: ISO C++ forbids declaration of â€˜LOCKS_EXCLUDEDâ€™ with no type [-fpermissive]
[16.854s]    55 |   void Execute() LOCKS_EXCLUDED(mutex_);
[16.854s]       |                                       ^
[16.854s] /home/terranova/uav_ws/src/cartographer/cartographer/common/task.h:55:18: error: â€˜int cartographer::common::Task::LOCKS_EXCLUDED(int)â€™ cannot be overloaded with â€˜int cartographer::common::Task::LOCKS_EXCLUDED(int)â€™
[16.854s]    55 |   void Execute() LOCKS_EXCLUDED(mutex_);
[16.854s]       |                  ^~~~~~~~~~~~~~
[16.855s] /home/terranova/uav_ws/src/cartographer/cartographer/common/task.h:41:20: note: previous declaration â€˜int cartographer::common::Task::LOCKS_EXCLUDED(int)â€™
[16.855s]    41 |   State GetState() LOCKS_EXCLUDED(mutex_);
[16.855s]       |                    ^~~~~~~~~~~~~~
[16.855s] /home/terranova/uav_ws/src/cartographer/cartographer/common/task.h:58:54: error: expected â€˜;â€™ at end of member declaration
[16.856s]    58 |   void SetThreadPool(ThreadPoolInterface* thread_pool) LOCKS_EXCLUDED(mutex_);
[16.863s]       |                                                      ^
[16.864s]       |                                                       ;
[16.864s] /home/terranova/uav_ws/src/cartographer/cartographer/common/task.h:58:71: error: â€˜mutex_â€™ has not been declared
[16.866s]    58 |   void SetThreadPool(ThreadPoolInterface* thread_pool) LOCKS_EXCLUDED(mutex_);
[16.867s]       |                                                                       ^~~~~~
[16.867s] /home/terranova/uav_ws/src/cartographer/cartographer/common/task.h:58:77: error: ISO C++ forbids declaration of â€˜LOCKS_EXCLUDEDâ€™ with no type [-fpermissive]
[16.867s]    58 |   void SetThreadPool(ThreadPoolInterface* thread_pool) LOCKS_EXCLUDED(mutex_);
[16.868s]       |                                                                             ^
[16.868s] /home/terranova/uav_ws/src/cartographer/cartographer/common/task.h:58:56: error: â€˜int cartographer::common::Task::LOCKS_EXCLUDED(int)â€™ cannot be overloaded with â€˜int cartographer::common::Task::LOCKS_EXCLUDED(int)â€™
[16.868s]    58 |   void SetThreadPool(ThreadPoolInterface* thread_pool) LOCKS_EXCLUDED(mutex_);
[16.868s]       |                                                        ^~~~~~~~~~~~~~
[16.869s] /home/terranova/uav_ws/src/cartographer/cartographer/common/task.h:41:20: note: previous declaration â€˜int cartographer::common::Task::LOCKS_EXCLUDED(int)â€™
[16.869s]    41 |   State GetState() LOCKS_EXCLUDED(mutex_);
[16.869s]       |                    ^~~~~~~~~~~~~~
[16.869s] /home/terranova/uav_ws/src/cartographer/cartographer/common/task.h:64:12: error: expected â€˜;â€™ at end of member declaration
[16.869s]    64 |   WorkItem work_item_ GUARDED_BY(mutex_);
[16.875s]       |            ^~~~~~~~~~
[16.875s]       |                      ;
[16.875s] /home/terranova/uav_ws/src/cartographer/cartographer/common/task.h:64:34: error: â€˜mutex_â€™ has not been declared
[16.875s]    64 |   WorkItem work_item_ GUARDED_BY(mutex_);
[16.876s]       |                                  ^~~~~~
[16.876s] /home/terranova/uav_ws/src/cartographer/cartographer/common/task.h:64:40: error: ISO C++ forbids declaration of â€˜GUARDED_BYâ€™ with no type [-fpermissive]
[16.880s]    64 |   WorkItem work_item_ GUARDED_BY(mutex_);
[16.880s]       |                                        ^
[16.880s] /home/terranova/uav_ws/src/cartographer/cartographer/common/task.h:65:24: error: expected â€˜;â€™ at end of member declaration
[16.880s]    65 |   ThreadPoolInterface* thread_pool_to_notify_ GUARDED_BY(mutex_) = nullptr;
[16.881s]       |                        ^~~~~~~~~~~~~~~~~~~~~~
[16.881s]       |                                              ;
[16.881s] /home/terranova/uav_ws/src/cartographer/cartographer/common/task.h:65:58: error: â€˜mutex_â€™ has not been declared
[16.881s]    65 |   ThreadPoolInterface* thread_pool_to_notify_ GUARDED_BY(mutex_) = nullptr;
[16.881s]       |                                                          ^~~~~~
[16.882s] /home/terranova/uav_ws/src/cartographer/cartographer/common/task.h:65:75: error: invalid pure specifier (only â€˜= 0â€™ is allowed) before â€˜;â€™ token
[16.882s]    65 |   ThreadPoolInterface* thread_pool_to_notify_ GUARDED_BY(mutex_) = nullptr;
[16.882s]       |                                                                           ^
[16.886s] /home/terranova/uav_ws/src/cartographer/cartographer/common/task.h:65:75: error: ISO C++ forbids declaration of â€˜GUARDED_BYâ€™ with no type [-fpermissive]
[16.886s] /home/terranova/uav_ws/src/cartographer/cartographer/common/task.h:65:47: error: â€˜int cartographer::common::Task::GUARDED_BY(int)â€™ cannot be overloaded with â€˜int cartographer::common::Task::GUARDED_BY(int)â€™
[16.890s]    65 |   ThreadPoolInterface* thread_pool_to_notify_ GUARDED_BY(mutex_) = nullptr;
[16.890s]       |                                               ^~~~~~~~~~
[16.891s] /home/terranova/uav_ws/src/cartographer/cartographer/common/task.h:64:23: note: previous declaration â€˜int cartographer::common::Task::GUARDED_BY(int)â€™
[16.891s]    64 |   WorkItem work_item_ GUARDED_BY(mutex_);
[16.891s]       |                       ^~~~~~~~~~
[16.891s] /home/terranova/uav_ws/src/cartographer/cartographer/common/task.h:66:9: error: expected â€˜;â€™ at end of member declaration
[16.891s]    66 |   State state_ GUARDED_BY(mutex_) = NEW;
[16.892s]       |         ^~~~~~
[16.892s]       |               ;
[16.892s] /home/terranova/uav_ws/src/cartographer/cartographer/common/task.h:66:27: error: â€˜mutex_â€™ has not been declared
[16.892s]    66 |   State state_ GUARDED_BY(mutex_) = NEW;
[16.892s]       |                           ^~~~~~
[16.893s] /home/terranova/uav_ws/src/cartographer/cartographer/common/task.h:66:40: error: invalid pure specifier (only â€˜= 0â€™ is allowed) before â€˜;â€™ token
[16.893s]    66 |   State state_ GUARDED_BY(mutex_) = NEW;
[16.893s]       |                                        ^
[16.893s] /home/terranova/uav_ws/src/cartographer/cartographer/common/task.h:66:40: error: ISO C++ forbids declaration of â€˜GUARDED_BYâ€™ with no type [-fpermissive]
[16.893s] /home/terranova/uav_ws/src/cartographer/cartographer/common/task.h:66:16: error: â€˜int cartographer::common::Task::GUARDED_BY(int)â€™ cannot be overloaded with â€˜int cartographer::common::Task::GUARDED_BY(int)â€™
[16.897s]    66 |   State state_ GUARDED_BY(mutex_) = NEW;
[16.897s]       |                ^~~~~~~~~~
[16.897s] /home/terranova/uav_ws/src/cartographer/cartographer/common/task.h:64:23: note: previous declaration â€˜int cartographer::common::Task::GUARDED_BY(int)â€™
[16.897s]    64 |   WorkItem work_item_ GUARDED_BY(mutex_);
[16.898s]       |                       ^~~~~~~~~~
[16.898s] /home/terranova/uav_ws/src/cartographer/cartographer/common/task.h:67:16: error: expected â€˜;â€™ at end of member declaration
[16.898s]    67 |   unsigned int uncompleted_dependencies_ GUARDED_BY(mutex_) = 0;
[16.902s]       |                ^~~~~~~~~~~~~~~~~~~~~~~~~
[16.902s]       |                                         ;
[16.902s] /home/terranova/uav_ws/src/cartographer/cartographer/common/task.h:67:53: error: â€˜mutex_â€™ has not been declared
[16.903s]    67 |   unsigned int uncompleted_dependencies_ GUARDED_BY(mutex_) = 0;
[16.903s]       |                                                     ^~~~~~
[16.903s] /home/terranova/uav_ws/src/cartographer/cartographer/common/task.h:67:63: error: ISO C++ forbids declaration of â€˜GUARDED_BYâ€™ with no type [-fpermissive]
[16.903s]    67 |   unsigned int uncompleted_dependencies_ GUARDED_BY(mutex_) = 0;
[16.904s]       |                                                               ^
[16.904s] /home/terranova/uav_ws/src/cartographer/cartographer/common/task.h:67:42: error: â€˜int cartographer::common::Task::GUARDED_BY(int)â€™ cannot be overloaded with â€˜int cartographer::common::Task::GUARDED_BY(int)â€™
[16.904s]    67 |   unsigned int uncompleted_dependencies_ GUARDED_BY(mutex_) = 0;
[16.904s]       |                                          ^~~~~~~~~~
[16.904s] /home/terranova/uav_ws/src/cartographer/cartographer/common/task.h:64:23: note: previous declaration â€˜int cartographer::common::Task::GUARDED_BY(int)â€™
[16.905s]    64 |   WorkItem work_item_ GUARDED_BY(mutex_);
[16.905s]       |                       ^~~~~~~~~~
[16.905s] /home/terranova/uav_ws/src/cartographer/cartographer/common/task.h:68:19: error: expected â€˜;â€™ at end of member declaration
[16.905s]    68 |   std::set<Task*> dependent_tasks_ GUARDED_BY(mutex_);
[16.905s]       |                   ^~~~~~~~~~~~~~~~
[16.914s]       |                                   ;
[16.914s] /home/terranova/uav_ws/src/cartographer/cartographer/common/task.h:68:47: error: â€˜mutex_â€™ has not been declared
[16.914s]    68 |   std::set<Task*> dependent_tasks_ GUARDED_BY(mutex_);
[16.914s]       |                                               ^~~~~~
[16.915s] /home/terranova/uav_ws/src/cartographer/cartographer/common/task.h:68:53: error: ISO C++ forbids declaration of â€˜GUARDED_BYâ€™ with no type [-fpermissive]
[16.915s]    68 |   std::set<Task*> dependent_tasks_ GUARDED_BY(mutex_);
[16.915s]       |                                                     ^
[16.915s] /home/terranova/uav_ws/src/cartographer/cartographer/common/task.h:68:36: error: â€˜int cartographer::common::Task::GUARDED_BY(int)â€™ cannot be overloaded with â€˜int cartographer::common::Task::GUARDED_BY(int)â€™
[16.915s]    68 |   std::set<Task*> dependent_tasks_ GUARDED_BY(mutex_);
[16.916s]       |                                    ^~~~~~~~~~
[16.916s] /home/terranova/uav_ws/src/cartographer/cartographer/common/task.h:64:23: note: previous declaration â€˜int cartographer::common::Task::GUARDED_BY(int)â€™
[16.916s]    64 |   WorkItem work_item_ GUARDED_BY(mutex_);
[16.916s]       |                       ^~~~~~~~~~
[16.918s] make[2]: *** [CMakeFiles/cartographer.dir/build.make:447: CMakeFiles/cartographer.dir/cartographer/common/task.cc.o] Error 1
[16.919s] make[2]: *** Waiting for unfinished jobs....
[19.793s] In file included from /home/terranova/uav_ws/src/cartographer/cartographer/common/thread_pool.h:28,
[19.794s]                  from /home/terranova/uav_ws/src/cartographer/cartographer/common/internal/testing/thread_pool_for_testing.h:26,
[19.794s]                  from /home/terranova/uav_ws/src/cartographer/cartographer/common/internal/testing/thread_pool_for_testing.cc:17:
[19.795s] /home/terranova/uav_ws/src/cartographer/cartographer/common/task.h:41:18: error: expected â€˜;â€™ at end of member declaration
[19.795s]    41 |   State GetState() LOCKS_EXCLUDED(mutex_);
[19.795s]       |                  ^
[19.795s]       |                   ;
[19.795s] /home/terranova/uav_ws/src/cartographer/cartographer/common/task.h:41:35: error: â€˜mutex_â€™ has not been declared
[19.796s]    41 |   State GetState() LOCKS_EXCLUDED(mutex_);
[19.796s]       |                                   ^~~~~~
[19.796s] /home/terranova/uav_ws/src/cartographer/cartographer/common/task.h:41:41: error: ISO C++ forbids declaration of â€˜LOCKS_EXCLUDEDâ€™ with no type [-fpermissive]
[19.796s]    41 |   State GetState() LOCKS_EXCLUDED(mutex_);
[19.796s]       |                                         ^
[19.796s] /home/terranova/uav_ws/src/cartographer/cartographer/common/task.h:44:45: error: expected â€˜;â€™ at end of member declaration
[19.797s]    44 |   void SetWorkItem(const WorkItem& work_item) LOCKS_EXCLUDED(mutex_);
[19.797s]       |                                             ^
[19.797s]       |                                              ;
[19.797s] /home/terranova/uav_ws/src/cartographer/cartographer/common/task.h:44:62: error: â€˜mutex_â€™ has not been declared
[19.798s]    44 |   void SetWorkItem(const WorkItem& work_item) LOCKS_EXCLUDED(mutex_);
[19.798s]       |                                                              ^~~~~~
[19.798s] /home/terranova/uav_ws/src/cartographer/cartographer/common/task.h:44:68: error: ISO C++ forbids declaration of â€˜LOCKS_EXCLUDEDâ€™ with no type [-fpermissive]
[19.798s]    44 |   void SetWorkItem(const WorkItem& work_item) LOCKS_EXCLUDED(mutex_);
[19.798s]       |                                                                    ^
[19.799s] /home/terranova/uav_ws/src/cartographer/cartographer/common/task.h:44:47: error: â€˜int cartographer::common::Task::LOCKS_EXCLUDED(int)â€™ cannot be overloaded with â€˜int cartographer::common::Task::LOCKS_EXCLUDED(int)â€™
[19.799s]    44 |   void SetWorkItem(const WorkItem& work_item) LOCKS_EXCLUDED(mutex_);
[19.799s]       |                                               ^~~~~~~~~~~~~~
[19.799s] /home/terranova/uav_ws/src/cartographer/cartographer/common/task.h:41:20: note: previous declaration â€˜int cartographer::common::Task::LOCKS_EXCLUDED(int)â€™
[19.799s]    41 |   State GetState() LOCKS_EXCLUDED(mutex_);
[19.799s]       |                    ^~~~~~~~~~~~~~
[19.800s] /home/terranova/uav_ws/src/cartographer/cartographer/common/task.h:48:52: error: expected â€˜;â€™ at end of member declaration
[19.800s]    48 |   void AddDependency(std::weak_ptr<Task> dependency) LOCKS_EXCLUDED(mutex_);
[19.803s]       |                                                    ^
[19.803s]       |                                                     ;
[19.804s] /home/terranova/uav_ws/src/cartographer/cartographer/common/task.h:48:69: error: â€˜mutex_â€™ has not been declared
[19.804s]    48 |   void AddDependency(std::weak_ptr<Task> dependency) LOCKS_EXCLUDED(mutex_);
[19.805s]       |                                                                     ^~~~~~
[19.805s] /home/terranova/uav_ws/src/cartographer/cartographer/common/task.h:48:75: error: ISO C++ forbids declaration of â€˜LOCKS_EXCLUDEDâ€™ with no type [-fpermissive]
[19.805s]    48 |   void AddDependency(std::weak_ptr<Task> dependency) LOCKS_EXCLUDED(mutex_);
[19.806s]       |                                                                           ^
[19.806s] /home/terranova/uav_ws/src/cartographer/cartographer/common/task.h:48:54: error: â€˜int cartographer::common::Task::LOCKS_EXCLUDED(int)â€™ cannot be overloaded with â€˜int cartographer::common::Task::LOCKS_EXCLUDED(int)â€™
[19.806s]    48 |   void AddDependency(std::weak_ptr<Task> dependency) LOCKS_EXCLUDED(mutex_);
[19.807s]       |                                                      ^~~~~~~~~~~~~~
[19.807s] /home/terranova/uav_ws/src/cartographer/cartographer/common/task.h:41:20: note: previous declaration â€˜int cartographer::common::Task::LOCKS_EXCLUDED(int)â€™
[19.807s]    41 |   State GetState() LOCKS_EXCLUDED(mutex_);
[19.808s]       |                    ^~~~~~~~~~~~~~
[19.808s] /home/terranova/uav_ws/src/cartographer/cartographer/common/task.h:55:16: error: expected â€˜;â€™ at end of member declaration
[19.809s]    55 |   void Execute() LOCKS_EXCLUDED(mutex_);
[19.809s]       |                ^
[19.810s]       |                 ;
[19.810s] /home/terranova/uav_ws/src/cartographer/cartographer/common/task.h:55:33: error: â€˜mutex_â€™ has not been declared
[19.810s]    55 |   void Execute() LOCKS_EXCLUDED(mutex_);
[19.810s]       |                                 ^~~~~~
[19.810s] /home/terranova/uav_ws/src/cartographer/cartographer/common/task.h:55:39: error: ISO C++ forbids declaration of â€˜LOCKS_EXCLUDEDâ€™ with no type [-fpermissive]
[19.811s]    55 |   void Execute() LOCKS_EXCLUDED(mutex_);
[19.811s]       |                                       ^
[19.811s] /home/terranova/uav_ws/src/cartographer/cartographer/common/task.h:55:18: error: â€˜int cartographer::common::Task::LOCKS_EXCLUDED(int)â€™ cannot be overloaded with â€˜int cartographer::common::Task::LOCKS_EXCLUDED(int)â€™
[19.811s]    55 |   void Execute() LOCKS_EXCLUDED(mutex_);
[19.811s]       |                  ^~~~~~~~~~~~~~
[19.812s] /home/terranova/uav_ws/src/cartographer/cartographer/common/task.h:41:20: note: previous declaration â€˜int cartographer::common::Task::LOCKS_EXCLUDED(int)â€™
[19.812s]    41 |   State GetState() LOCKS_EXCLUDED(mutex_);
[19.812s]       |                    ^~~~~~~~~~~~~~
[19.812s] /home/terranova/uav_ws/src/cartographer/cartographer/common/task.h:58:54: error: expected â€˜;â€™ at end of member declaration
[19.813s]    58 |   void SetThreadPool(ThreadPoolInterface* thread_pool) LOCKS_EXCLUDED(mutex_);
[19.813s]       |                                                      ^
[19.814s]       |                                                       ;
[19.815s] /home/terranova/uav_ws/src/cartographer/cartographer/common/task.h:58:71: error: â€˜mutex_â€™ has not been declared
[19.815s]    58 |   void SetThreadPool(ThreadPoolInterface* thread_pool) LOCKS_EXCLUDED(mutex_);
[19.816s]       |                                                                       ^~~~~~
[19.816s] /home/terranova/uav_ws/src/cartographer/cartographer/common/task.h:58:77: error: ISO C++ forbids declaration of â€˜LOCKS_EXCLUDEDâ€™ with no type [-fpermissive]
[19.817s]    58 |   void SetThreadPool(ThreadPoolInterface* thread_pool) LOCKS_EXCLUDED(mutex_);
[19.817s]       |                                                                             ^
[19.817s] /home/terranova/uav_ws/src/cartographer/cartographer/common/task.h:58:56: error: â€˜int cartographer::common::Task::LOCKS_EXCLUDED(int)â€™ cannot be overloaded with â€˜int cartographer::common::Task::LOCKS_EXCLUDED(int)â€™
[19.818s]    58 |   void SetThreadPool(ThreadPoolInterface* thread_pool) LOCKS_EXCLUDED(mutex_);
[19.819s]       |                                                        ^~~~~~~~~~~~~~
[19.819s] /home/terranova/uav_ws/src/cartographer/cartographer/common/task.h:41:20: note: previous declaration â€˜int cartographer::common::Task::LOCKS_EXCLUDED(int)â€™
[19.819s]    41 |   State GetState() LOCKS_EXCLUDED(mutex_);
[19.819s]       |                    ^~~~~~~~~~~~~~
[19.820s] /home/terranova/uav_ws/src/cartographer/cartographer/common/task.h:64:12: error: expected â€˜;â€™ at end of member declaration
[19.820s]    64 |   WorkItem work_item_ GUARDED_BY(mutex_);
[19.820s]       |            ^~~~~~~~~~
[19.820s]       |                      ;
[19.820s] /home/terranova/uav_ws/src/cartographer/cartographer/common/task.h:64:34: error: â€˜mutex_â€™ has not been declared
[19.821s]    64 |   WorkItem work_item_ GUARDED_BY(mutex_);
[19.821s]       |                                  ^~~~~~
[19.821s] /home/terranova/uav_ws/src/cartographer/cartographer/common/task.h:64:40: error: ISO C++ forbids declaration of â€˜GUARDED_BYâ€™ with no type [-fpermissive]
[19.821s]    64 |   WorkItem work_item_ GUARDED_BY(mutex_);
[19.821s]       |                                        ^
[19.821s] /home/terranova/uav_ws/src/cartographer/cartographer/common/task.h:65:24: error: expected â€˜;â€™ at end of member declaration
[19.822s]    65 |   ThreadPoolInterface* thread_pool_to_notify_ GUARDED_BY(mutex_) = nullptr;
[19.822s]       |                        ^~~~~~~~~~~~~~~~~~~~~~
[19.822s]       |                                              ;
[19.822s] /home/terranova/uav_ws/src/cartographer/cartographer/common/task.h:65:58: error: â€˜mutex_â€™ has not been declared
[19.822s]    65 |   ThreadPoolInterface* thread_pool_to_notify_ GUARDED_BY(mutex_) = nullptr;
[19.823s]       |                                                          ^~~~~~
[19.823s] /home/terranova/uav_ws/src/cartographer/cartographer/common/task.h:65:75: error: invalid pure specifier (only â€˜= 0â€™ is allowed) before â€˜;â€™ token
[19.823s]    65 |   ThreadPoolInterface* thread_pool_to_notify_ GUARDED_BY(mutex_) = nullptr;
[19.823s]       |                                                                           ^
[19.823s] /home/terranova/uav_ws/src/cartographer/cartographer/common/task.h:65:75: error: ISO C++ forbids declaration of â€˜GUARDED_BYâ€™ with no type [-fpermissive]
[19.824s] /home/terranova/uav_ws/src/cartographer/cartographer/common/task.h:65:47: error: â€˜int cartographer::common::Task::GUARDED_BY(int)â€™ cannot be overloaded with â€˜int cartographer::common::Task::GUARDED_BY(int)â€™
[19.824s]    65 |   ThreadPoolInterface* thread_pool_to_notify_ GUARDED_BY(mutex_) = nullptr;
[19.824s]       |                                               ^~~~~~~~~~
[19.825s] /home/terranova/uav_ws/src/cartographer/cartographer/common/task.h:64:23: note: previous declaration â€˜int cartographer::common::Task::GUARDED_BY(int)â€™
[19.825s]    64 |   WorkItem work_item_ GUARDED_BY(mutex_);
[19.825s]       |                       ^~~~~~~~~~
[19.825s] /home/terranova/uav_ws/src/cartographer/cartographer/common/task.h:66:9: error: expected â€˜;â€™ at end of member declaration
[19.825s]    66 |   State state_ GUARDED_BY(mutex_) = NEW;
[19.826s]       |         ^~~~~~
[19.826s]       |               ;
[19.827s] /home/terranova/uav_ws/src/cartographer/cartographer/common/task.h:66:27: error: â€˜mutex_â€™ has not been declared
[19.827s]    66 |   State state_ GUARDED_BY(mutex_) = NEW;
[19.827s]       |                           ^~~~~~
[19.827s] /home/terranova/uav_ws/src/cartographer/cartographer/common/task.h:66:40: error: invalid pure specifier (only â€˜= 0â€™ is allowed) before â€˜;â€™ token
[19.827s]    66 |   State state_ GUARDED_BY(mutex_) = NEW;
[19.828s]       |                                        ^
[19.828s] /home/terranova/uav_ws/src/cartographer/cartographer/common/task.h:66:40: error: ISO C++ forbids declaration of â€˜GUARDED_BYâ€™ with no type [-fpermissive]
[19.828s] /home/terranova/uav_ws/src/cartographer/cartographer/common/task.h:66:16: error: â€˜int cartographer::common::Task::GUARDED_BY(int)â€™ cannot be overloaded with â€˜int cartographer::common::Task::GUARDED_BY(int)â€™
[19.828s]    66 |   State state_ GUARDED_BY(mutex_) = NEW;
[19.828s]       |                ^~~~~~~~~~
[19.828s] /home/terranova/uav_ws/src/cartographer/cartographer/common/task.h:64:23: note: previous declaration â€˜int cartographer::common::Task::GUARDED_BY(int)â€™
[19.829s]    64 |   WorkItem work_item_ GUARDED_BY(mutex_);
[19.829s]       |                       ^~~~~~~~~~
[19.832s] /home/terranova/uav_ws/src/cartographer/cartographer/common/task.h:67:16: error: expected â€˜;â€™ at end of member declaration
[19.833s]    67 |   unsigned int uncompleted_dependencies_ GUARDED_BY(mutex_) = 0;
[19.833s]       |                ^~~~~~~~~~~~~~~~~~~~~~~~~
[19.833s]       |                                         ;
[19.833s] /home/terranova/uav_ws/src/cartographer/cartographer/common/task.h:67:53: error: â€˜mutex_â€™ has not been declared
[19.834s]    67 |   unsigned int uncompleted_dependencies_ GUARDED_BY(mutex_) = 0;
[19.834s]       |                                                     ^~~~~~
[19.834s] /home/terranova/uav_ws/src/cartographer/cartographer/common/task.h:67:63: error: ISO C++ forbids declaration of â€˜GUARDED_BYâ€™ with no type [-fpermissive]
[19.834s]    67 |   unsigned int uncompleted_dependencies_ GUARDED_BY(mutex_) = 0;
[19.834s]       |                                                               ^
[19.835s] /home/terranova/uav_ws/src/cartographer/cartographer/common/task.h:67:42: error: â€˜int cartographer::common::Task::GUARDED_BY(int)â€™ cannot be overloaded with â€˜int cartographer::common::Task::GUARDED_BY(int)â€™
[19.835s]    67 |   unsigned int uncompleted_dependencies_ GUARDED_BY(mutex_) = 0;
[19.835s]       |                                          ^~~~~~~~~~
[19.835s] /home/terranova/uav_ws/src/cartographer/cartographer/common/task.h:64:23: note: previous declaration â€˜int cartographer::common::Task::GUARDED_BY(int)â€™
[19.835s]    64 |   WorkItem work_item_ GUARDED_BY(mutex_);
[19.836s]       |                       ^~~~~~~~~~
[19.836s] /home/terranova/uav_ws/src/cartographer/cartographer/common/task.h:68:19: error: expected â€˜;â€™ at end of member declaration
[19.836s]    68 |   std::set<Task*> dependent_tasks_ GUARDED_BY(mutex_);
[19.836s]       |                   ^~~~~~~~~~~~~~~~
[19.836s]       |                                   ;
[19.837s] /home/terranova/uav_ws/src/cartographer/cartographer/common/task.h:68:47: error: â€˜mutex_â€™ has not been declared
[19.837s]    68 |   std::set<Task*> dependent_tasks_ GUARDED_BY(mutex_);
[19.837s]       |                                               ^~~~~~
[19.837s] /home/terranova/uav_ws/src/cartographer/cartographer/common/task.h:68:53: error: ISO C++ forbids declaration of â€˜GUARDED_BYâ€™ with no type [-fpermissive]
[19.837s]    68 |   std::set<Task*> dependent_tasks_ GUARDED_BY(mutex_);
[19.837s]       |                                                     ^
[19.838s] /home/terranova/uav_ws/src/cartographer/cartographer/common/task.h:68:36: error: â€˜int cartographer::common::Task::GUARDED_BY(int)â€™ cannot be overloaded with â€˜int cartographer::common::Task::GUARDED_BY(int)â€™
[19.838s]    68 |   std::set<Task*> dependent_tasks_ GUARDED_BY(mutex_);
[19.838s]       |                                    ^~~~~~~~~~
[19.838s] /home/terranova/uav_ws/src/cartographer/cartographer/common/task.h:64:23: note: previous declaration â€˜int cartographer::common::Task::GUARDED_BY(int)â€™
[19.838s]    64 |   WorkItem work_item_ GUARDED_BY(mutex_);
[19.839s]       |                       ^~~~~~~~~~
[19.839s] In file included from /home/terranova/uav_ws/src/cartographer/cartographer/common/internal/testing/thread_pool_for_testing.h:26,
[19.839s]                  from /home/terranova/uav_ws/src/cartographer/cartographer/common/internal/testing/thread_pool_for_testing.cc:17:
[19.839s] /home/terranova/uav_ws/src/cartographer/cartographer/common/thread_pool.h:67:58: error: expected â€˜;â€™ at end of member declaration
[19.839s]    67 |   std::weak_ptr<Task> Schedule(std::unique_ptr<Task> task)
[19.840s]       |                                                          ^
[19.840s]       |                                                           ;
[19.841s] /home/terranova/uav_ws/src/cartographer/cartographer/common/thread_pool.h:68:22: error: â€˜mutex_â€™ has not been declared
[19.841s]    68 |       LOCKS_EXCLUDED(mutex_) override;
[19.841s]       |                      ^~~~~~
[19.841s] /home/terranova/uav_ws/src/cartographer/cartographer/common/thread_pool.h:68:30: error: ISO C++ forbids declaration of â€˜LOCKS_EXCLUDEDâ€™ with no type [-fpermissive]
[19.841s]    68 |       LOCKS_EXCLUDED(mutex_) override;
[19.842s]       |                              ^~~~~~~~
[19.842s] /home/terranova/uav_ws/src/cartographer/cartographer/common/thread_pool.h:73:46: error: expected â€˜;â€™ at end of member declaration
[19.842s]    73 |   void NotifyDependenciesCompleted(Task* task) LOCKS_EXCLUDED(mutex_) override;
[19.842s]       |                                              ^
[19.842s]       |                                               ;
[19.842s] /home/terranova/uav_ws/src/cartographer/cartographer/common/thread_pool.h:73:63: error: â€˜mutex_â€™ has not been declared
[19.843s]    73 |   void NotifyDependenciesCompleted(Task* task) LOCKS_EXCLUDED(mutex_) override;
[19.843s]       |                                                               ^~~~~~
[19.843s] /home/terranova/uav_ws/src/cartographer/cartographer/common/thread_pool.h:73:71: error: ISO C++ forbids declaration of â€˜LOCKS_EXCLUDEDâ€™ with no type [-fpermissive]
[19.843s]    73 |   void NotifyDependenciesCompleted(Task* task) LOCKS_EXCLUDED(mutex_) override;
[19.843s]       |                                                                       ^~~~~~~~
[19.844s] /home/terranova/uav_ws/src/cartographer/cartographer/common/thread_pool.h:73:48: error: â€˜int cartographer::common::ThreadPool::LOCKS_EXCLUDED(int)â€™ cannot be overloaded with â€˜int cartographer::common::ThreadPool::LOCKS_EXCLUDED(int)â€™
[19.844s]    73 |   void NotifyDependenciesCompleted(Task* task) LOCKS_EXCLUDED(mutex_) override;
[19.844s]       |                                                ^~~~~~~~~~~~~~
[19.845s] /home/terranova/uav_ws/src/cartographer/cartographer/common/thread_pool.h:68:7: note: previous declaration â€˜int cartographer::common::ThreadPool::LOCKS_EXCLUDED(int)â€™
[19.845s]    68 |       LOCKS_EXCLUDED(mutex_) override;
[19.845s]       |       ^~~~~~~~~~~~~~
[19.845s] /home/terranova/uav_ws/src/cartographer/cartographer/common/thread_pool.h:76:8: error: expected â€˜;â€™ at end of member declaration
[19.845s]    76 |   bool running_ GUARDED_BY(mutex_) = true;
[19.846s]       |        ^~~~~~~~
[19.846s]       |                ;
[19.846s] /home/terranova/uav_ws/src/cartographer/cartographer/common/thread_pool.h:76:28: error: â€˜mutex_â€™ is not a type
[19.846s]    76 |   bool running_ GUARDED_BY(mutex_) = true;
[19.847s]       |                            ^~~~~~
[19.847s] /home/terranova/uav_ws/src/cartographer/cartographer/common/thread_pool.h:76:42: error: invalid pure specifier (only â€˜= 0â€™ is allowed) before â€˜;â€™ token
[19.847s]    76 |   bool running_ GUARDED_BY(mutex_) = true;
[19.847s]       |                                          ^
[19.847s] /home/terranova/uav_ws/src/cartographer/cartographer/common/thread_pool.h:76:42: error: ISO C++ forbids declaration of â€˜GUARDED_BYâ€™ with no type [-fpermissive]
[19.848s] /home/terranova/uav_ws/src/cartographer/cartographer/common/thread_pool.h:77:28: error: expected â€˜;â€™ at end of member declaration
[19.848s]    77 |   std::vector<std::thread> pool_ GUARDED_BY(mutex_);
[19.848s]       |                            ^~~~~
[19.849s]       |                                 ;
[19.849s] /home/terranova/uav_ws/src/cartographer/cartographer/common/thread_pool.h:77:45: error: â€˜mutex_â€™ is not a type
[19.849s]    77 |   std::vector<std::thread> pool_ GUARDED_BY(mutex_);
[19.849s]       |                                             ^~~~~~
[19.850s] /home/terranova/uav_ws/src/cartographer/cartographer/common/thread_pool.h:77:51: error: ISO C++ forbids declaration of â€˜GUARDED_BYâ€™ with no type [-fpermissive]
[19.850s]    77 |   std::vector<std::thread> pool_ GUARDED_BY(mutex_);
[19.850s]       |                                                   ^
[19.850s] /home/terranova/uav_ws/src/cartographer/cartographer/common/thread_pool.h:77:34: error: â€˜int cartographer::common::ThreadPool::GUARDED_BY(int)â€™ cannot be overloaded with â€˜int cartographer::common::ThreadPool::GUARDED_BY(int)â€™
[19.850s]    77 |   std::vector<std::thread> pool_ GUARDED_BY(mutex_);
[19.851s]       |                                  ^~~~~~~~~~
[19.851s] /home/terranova/uav_ws/src/cartographer/cartographer/common/thread_pool.h:76:17: note: previous declaration â€˜int cartographer::common::ThreadPool::GUARDED_BY(int)â€™
[19.851s]    76 |   bool running_ GUARDED_BY(mutex_) = true;
[19.851s]       |                 ^~~~~~~~~~
[19.851s] /home/terranova/uav_ws/src/cartographer/cartographer/common/thread_pool.h:78:37: error: expected â€˜;â€™ at end of member declaration
[19.851s]    78 |   std::deque<std::shared_ptr<Task>> task_queue_ GUARDED_BY(mutex_);
[19.852s]       |                                     ^~~~~~~~~~~
[19.852s]       |                                                ;
[19.852s] /home/terranova/uav_ws/src/cartographer/cartographer/common/thread_pool.h:78:60: error: â€˜mutex_â€™ is not a type
[19.852s]    78 |   std::deque<std::shared_ptr<Task>> task_queue_ GUARDED_BY(mutex_);
[19.852s]       |                                                            ^~~~~~
[19.853s] /home/terranova/uav_ws/src/cartographer/cartographer/common/thread_pool.h:78:66: error: ISO C++ forbids declaration of â€˜GUARDED_BYâ€™ with no type [-fpermissive]
[19.853s]    78 |   std::deque<std::shared_ptr<Task>> task_queue_ GUARDED_BY(mutex_);
[19.853s]       |                                                                  ^
[19.853s] /home/terranova/uav_ws/src/cartographer/cartographer/common/thread_pool.h:78:49: error: â€˜int cartographer::common::ThreadPool::GUARDED_BY(int)â€™ cannot be overloaded with â€˜int cartographer::common::ThreadPool::GUARDED_BY(int)â€™
[19.853s]    78 |   std::deque<std::shared_ptr<Task>> task_queue_ GUARDED_BY(mutex_);
[19.854s]       |                                                 ^~~~~~~~~~
[19.854s] /home/terranova/uav_ws/src/cartographer/cartographer/common/thread_pool.h:76:17: note: previous declaration â€˜int cartographer::common::ThreadPool::GUARDED_BY(int)â€™
[19.854s]    76 |   bool running_ GUARDED_BY(mutex_) = true;
[19.854s]       |                 ^~~~~~~~~~
[19.854s] /home/terranova/uav_ws/src/cartographer/cartographer/common/thread_pool.h:79:53: error: expected â€˜;â€™ at end of member declaration
[19.855s]    79 |   absl::flat_hash_map<Task*, std::shared_ptr<Task>> tasks_not_ready_
[19.855s]       |                                                     ^~~~~~~~~~~~~~~~
[19.855s]       |                                                                     ;
[19.855s] /home/terranova/uav_ws/src/cartographer/cartographer/common/thread_pool.h:80:18: error: â€˜mutex_â€™ is not a type
[19.855s]    80 |       GUARDED_BY(mutex_);
[19.855s]       |                  ^~~~~~
[19.856s] /home/terranova/uav_ws/src/cartographer/cartographer/common/thread_pool.h:80:24: error: ISO C++ forbids declaration of â€˜GUARDED_BYâ€™ with no type [-fpermissive]
[19.856s]    80 |       GUARDED_BY(mutex_);
[19.856s]       |                        ^
[19.856s] /home/terranova/uav_ws/src/cartographer/cartographer/common/thread_pool.h:80:7: error: â€˜int cartographer::common::ThreadPool::GUARDED_BY(int)â€™ cannot be overloaded with â€˜int cartographer::common::ThreadPool::GUARDED_BY(int)â€™
[19.857s]    80 |       GUARDED_BY(mutex_);
[19.857s]       |       ^~~~~~~~~~
[19.857s] /home/terranova/uav_ws/src/cartographer/cartographer/common/thread_pool.h:76:17: note: previous declaration â€˜int cartographer::common::ThreadPool::GUARDED_BY(int)â€™
[19.857s]    76 |   bool running_ GUARDED_BY(mutex_) = true;
[19.857s]       |                 ^~~~~~~~~~
[19.858s] /home/terranova/uav_ws/src/cartographer/cartographer/common/thread_pool.h:68:7: error: â€˜int cartographer::common::ThreadPool::LOCKS_EXCLUDED(int)â€™ marked â€˜overrideâ€™, but does not override
[19.858s]    68 |       LOCKS_EXCLUDED(mutex_) override;
[19.858s]       |       ^~~~~~~~~~~~~~
[19.858s] In file included from /home/terranova/uav_ws/src/cartographer/cartographer/common/internal/testing/thread_pool_for_testing.cc:17:
[19.858s] /home/terranova/uav_ws/src/cartographer/cartographer/common/internal/testing/thread_pool_for_testing.h:37:58: error: expected â€˜;â€™ at end of member declaration
[19.858s]    37 |   std::weak_ptr<Task> Schedule(std::unique_ptr<Task> task)
[19.859s]       |                                                          ^
[19.859s]       |                                                           ;
[19.859s] /home/terranova/uav_ws/src/cartographer/cartographer/common/internal/testing/thread_pool_for_testing.h:38:22: error: â€˜mutex_â€™ has not been declared
[19.859s]    38 |       LOCKS_EXCLUDED(mutex_) override;
[19.860s]       |                      ^~~~~~
[19.860s] /home/terranova/uav_ws/src/cartographer/cartographer/common/internal/testing/thread_pool_for_testing.h:38:30: error: ISO C++ forbids declaration of â€˜LOCKS_EXCLUDEDâ€™ with no type [-fpermissive]
[19.860s]    38 |       LOCKS_EXCLUDED(mutex_) override;
[19.860s]       |                              ^~~~~~~~
[19.860s] /home/terranova/uav_ws/src/cartographer/cartographer/common/internal/testing/thread_pool_for_testing.h:47:46: error: expected â€˜;â€™ at end of member declaration
[19.861s]    47 |   void NotifyDependenciesCompleted(Task* task) LOCKS_EXCLUDED(mutex_) override;
[19.861s]       |                                              ^
[19.861s]       |                                               ;
[19.861s] /home/terranova/uav_ws/src/cartographer/cartographer/common/internal/testing/thread_pool_for_testing.h:47:63: error: â€˜mutex_â€™ has not been declared
[19.861s]    47 |   void NotifyDependenciesCompleted(Task* task) LOCKS_EXCLUDED(mutex_) override;
[19.861s]       |                                                               ^~~~~~
[19.862s] /home/terranova/uav_ws/src/cartographer/cartographer/common/internal/testing/thread_pool_for_testing.h:47:71: error: ISO C++ forbids declaration of â€˜LOCKS_EXCLUDEDâ€™ with no type [-fpermissive]
[19.862s]    47 |   void NotifyDependenciesCompleted(Task* task) LOCKS_EXCLUDED(mutex_) override;
[19.863s]       |                                                                       ^~~~~~~~
[19.863s] /home/terranova/uav_ws/src/cartographer/cartographer/common/internal/testing/thread_pool_for_testing.h:47:48: error: â€˜int cartographer::common::testing::ThreadPoolForTesting::LOCKS_EXCLUDED(int)â€™ cannot be overloaded with â€˜int cartographer::common::testing::ThreadPoolForTesting::LOCKS_EXCLUDED(int)â€™
[19.863s]    47 |   void NotifyDependenciesCompleted(Task* task) LOCKS_EXCLUDED(mutex_) override;
[19.863s]       |                                                ^~~~~~~~~~~~~~
[19.863s] /home/terranova/uav_ws/src/cartographer/cartographer/common/internal/testing/thread_pool_for_testing.h:38:7: note: previous declaration â€˜int cartographer::common::testing::ThreadPoolForTesting::LOCKS_EXCLUDED(int)â€™
[19.864s]    38 |       LOCKS_EXCLUDED(mutex_) override;
[19.864s]       |       ^~~~~~~~~~~~~~
[19.864s] /home/terranova/uav_ws/src/cartographer/cartographer/common/internal/testing/thread_pool_for_testing.h:50:8: error: expected â€˜;â€™ at end of member declaration
[19.864s]    50 |   bool running_ GUARDED_BY(mutex_) = true;
[19.864s]       |        ^~~~~~~~
[19.865s]       |                ;
[19.865s] /home/terranova/uav_ws/src/cartographer/cartographer/common/internal/testing/thread_pool_for_testing.h:50:28: error: â€˜mutex_â€™ is not a type
[19.865s]    50 |   bool running_ GUARDED_BY(mutex_) = true;
[19.865s]       |                            ^~~~~~
[19.865s] /home/terranova/uav_ws/src/cartographer/cartographer/common/internal/testing/thread_pool_for_testing.h:50:42: error: invalid pure specifier (only â€˜= 0â€™ is allowed) before â€˜;â€™ token
[19.866s]    50 |   bool running_ GUARDED_BY(mutex_) = true;
[19.866s]       |                                          ^
[19.866s] /home/terranova/uav_ws/src/cartographer/cartographer/common/internal/testing/thread_pool_for_testing.h:50:42: error: ISO C++ forbids declaration of â€˜GUARDED_BYâ€™ with no type [-fpermissive]
[19.866s] /home/terranova/uav_ws/src/cartographer/cartographer/common/internal/testing/thread_pool_for_testing.h:51:8: error: expected â€˜;â€™ at end of member declaration
[19.866s]    51 |   bool idle_ GUARDED_BY(mutex_) = true;
[19.867s]       |        ^~~~~
[19.867s]       |             ;
[19.867s] /home/terranova/uav_ws/src/cartographer/cartographer/common/internal/testing/thread_pool_for_testing.h:51:25: error: â€˜mutex_â€™ is not a type
[19.867s]    51 |   bool idle_ GUARDED_BY(mutex_) = true;
[19.867s]       |                         ^~~~~~
[19.868s] /home/terranova/uav_ws/src/cartographer/cartographer/common/internal/testing/thread_pool_for_testing.h:51:39: error: invalid pure specifier (only â€˜= 0â€™ is allowed) before â€˜;â€™ token
[19.868s]    51 |   bool idle_ GUARDED_BY(mutex_) = true;
[19.868s]       |                                       ^
[19.868s] /home/terranova/uav_ws/src/cartographer/cartographer/common/internal/testing/thread_pool_for_testing.h:51:39: error: ISO C++ forbids declaration of â€˜GUARDED_BYâ€™ with no type [-fpermissive]
[19.868s] /home/terranova/uav_ws/src/cartographer/cartographer/common/internal/testing/thread_pool_for_testing.h:51:14: error: â€˜int cartographer::common::testing::ThreadPoolForTesting::GUARDED_BY(int)â€™ cannot be overloaded with â€˜int cartographer::common::testing::ThreadPoolForTesting::GUARDED_BY(int)â€™
[19.869s]    51 |   bool idle_ GUARDED_BY(mutex_) = true;
[19.869s]       |              ^~~~~~~~~~
[19.869s] /home/terranova/uav_ws/src/cartographer/cartographer/common/internal/testing/thread_pool_for_testing.h:50:17: note: previous declaration â€˜int cartographer::common::testing::ThreadPoolForTesting::GUARDED_BY(int)â€™
[19.869s]    50 |   bool running_ GUARDED_BY(mutex_) = true;
[19.870s]       |                 ^~~~~~~~~~
[19.870s] /home/terranova/uav_ws/src/cartographer/cartographer/common/internal/testing/thread_pool_for_testing.h:52:37: error: expected â€˜;â€™ at end of member declaration
[19.870s]    52 |   std::deque<std::shared_ptr<Task>> task_queue_ GUARDED_BY(mutex_);
[19.870s]       |                                     ^~~~~~~~~~~
[19.870s]       |                                                ;
[19.871s] /home/terranova/uav_ws/src/cartographer/cartographer/common/internal/testing/thread_pool_for_testing.h:52:60: error: â€˜mutex_â€™ is not a type
[19.871s]    52 |   std::deque<std::shared_ptr<Task>> task_queue_ GUARDED_BY(mutex_);
[19.871s]       |                                                            ^~~~~~
[19.871s] /home/terranova/uav_ws/src/cartographer/cartographer/common/internal/testing/thread_pool_for_testing.h:52:66: error: ISO C++ forbids declaration of â€˜GUARDED_BYâ€™ with no type [-fpermissive]
[19.871s]    52 |   std::deque<std::shared_ptr<Task>> task_queue_ GUARDED_BY(mutex_);
[19.872s]       |                                                                  ^
[19.872s] /home/terranova/uav_ws/src/cartographer/cartographer/common/internal/testing/thread_pool_for_testing.h:52:49: error: â€˜int cartographer::common::testing::ThreadPoolForTesting::GUARDED_BY(int)â€™ cannot be overloaded with â€˜int cartographer::common::testing::ThreadPoolForTesting::GUARDED_BY(int)â€™
[19.872s]    52 |   std::deque<std::shared_ptr<Task>> task_queue_ GUARDED_BY(mutex_);
[19.872s]       |                                                 ^~~~~~~~~~
[19.872s] /home/terranova/uav_ws/src/cartographer/cartographer/common/internal/testing/thread_pool_for_testing.h:50:17: note: previous declaration â€˜int cartographer::common::testing::ThreadPoolForTesting::GUARDED_BY(int)â€™
[19.873s]    50 |   bool running_ GUARDED_BY(mutex_) = true;
[19.873s]       |                 ^~~~~~~~~~
[19.873s] /home/terranova/uav_ws/src/cartographer/cartographer/common/internal/testing/thread_pool_for_testing.h:53:42: error: expected â€˜;â€™ at end of member declaration
[19.873s]    53 |   std::map<Task*, std::shared_ptr<Task>> tasks_not_ready_ GUARDED_BY(mutex_);
[19.873s]       |                                          ^~~~~~~~~~~~~~~~
[19.873s]       |                                                          ;
[19.874s] /home/terranova/uav_ws/src/cartographer/cartographer/common/internal/testing/thread_pool_for_testing.h:53:70: error: â€˜mutex_â€™ is not a type
[19.874s]    53 |   std::map<Task*, std::shared_ptr<Task>> tasks_not_ready_ GUARDED_BY(mutex_);
[19.874s]       |                                                                      ^~~~~~
[19.874s] /home/terranova/uav_ws/src/cartographer/cartographer/common/internal/testing/thread_pool_for_testing.h:53:76: error: ISO C++ forbids declaration of â€˜GUARDED_BYâ€™ with no type [-fpermissive]
[19.874s]    53 |   std::map<Task*, std::shared_ptr<Task>> tasks_not_ready_ GUARDED_BY(mutex_);
[19.875s]       |                                                                            ^
[19.875s] /home/terranova/uav_ws/src/cartographer/cartographer/common/internal/testing/thread_pool_for_testing.h:53:59: error: â€˜int cartographer::common::testing::ThreadPoolForTesting::GUARDED_BY(int)â€™ cannot be overloaded with â€˜int cartographer::common::testing::ThreadPoolForTesting::GUARDED_BY(int)â€™
[19.875s]    53 |   std::map<Task*, std::shared_ptr<Task>> tasks_not_ready_ GUARDED_BY(mutex_);
[19.875s]       |                                                           ^~~~~~~~~~
[19.875s] /home/terranova/uav_ws/src/cartographer/cartographer/common/internal/testing/thread_pool_for_testing.h:50:17: note: previous declaration â€˜int cartographer::common::testing::ThreadPoolForTesting::GUARDED_BY(int)â€™
[19.876s]    50 |   bool running_ GUARDED_BY(mutex_) = true;
[19.876s]       |                 ^~~~~~~~~~
[19.876s] /home/terranova/uav_ws/src/cartographer/cartographer/common/internal/testing/thread_pool_for_testing.h:54:15: error: expected â€˜;â€™ at end of member declaration
[19.876s]    54 |   std::thread thread_ GUARDED_BY(mutex_);
[19.876s]       |               ^~~~~~~
[19.876s]       |                      ;
[19.877s] /home/terranova/uav_ws/src/cartographer/cartographer/common/internal/testing/thread_pool_for_testing.h:54:34: error: â€˜mutex_â€™ is not a type
[19.877s]    54 |   std::thread thread_ GUARDED_BY(mutex_);
[19.877s]       |                                  ^~~~~~
[19.877s] /home/terranova/uav_ws/src/cartographer/cartographer/common/internal/testing/thread_pool_for_testing.h:54:40: error: ISO C++ forbids declaration of â€˜GUARDED_BYâ€™ with no type [-fpermissive]
[19.877s]    54 |   std::thread thread_ GUARDED_BY(mutex_);
[19.878s]       |                                        ^
[19.878s] /home/terranova/uav_ws/src/cartographer/cartographer/common/internal/testing/thread_pool_for_testing.h:54:23: error: â€˜int cartographer::common::testing::ThreadPoolForTesting::GUARDED_BY(int)â€™ cannot be overloaded with â€˜int cartographer::common::testing::ThreadPoolForTesting::GUARDED_BY(int)â€™
[19.879s]    54 |   std::thread thread_ GUARDED_BY(mutex_);
[19.879s]       |                       ^~~~~~~~~~
[19.879s] /home/terranova/uav_ws/src/cartographer/cartographer/common/internal/testing/thread_pool_for_testing.h:50:17: note: previous declaration â€˜int cartographer::common::testing::ThreadPoolForTesting::GUARDED_BY(int)â€™
[19.879s]    50 |   bool running_ GUARDED_BY(mutex_) = true;
[19.880s]       |                 ^~~~~~~~~~
[19.880s] /home/terranova/uav_ws/src/cartographer/cartographer/common/internal/testing/thread_pool_for_testing.h:38:7: error: â€˜int cartographer::common::testing::ThreadPoolForTesting::LOCKS_EXCLUDED(int)â€™ marked â€˜overrideâ€™, but does not override
[19.880s]    38 |       LOCKS_EXCLUDED(mutex_) override;
[19.880s]       |       ^~~~~~~~~~~~~~
[19.880s] /home/terranova/uav_ws/src/cartographer/cartographer/common/internal/testing/thread_pool_for_testing.cc: In lambda function:
[19.880s] /home/terranova/uav_ws/src/cartographer/cartographer/common/internal/testing/thread_pool_for_testing.cc:75:30: error: expected â€˜{â€™ before â€˜EXCLUSIVE_LOCKS_REQUIREDâ€™
[19.881s]    75 |                              EXCLUSIVE_LOCKS_REQUIRED(mutex_) { return idle_; };
[19.881s]       |                              ^~~~~~~~~~~~~~~~~~~~~~~~
[19.881s] /home/terranova/uav_ws/src/cartographer/cartographer/common/internal/testing/thread_pool_for_testing.cc: In member function â€˜void cartographer::common::testing::ThreadPoolForTesting::WaitUntilIdle()â€™:
[19.881s] /home/terranova/uav_ws/src/cartographer/cartographer/common/internal/testing/thread_pool_for_testing.cc:75:30: error: expected â€˜,â€™ or â€˜;â€™ before â€˜EXCLUSIVE_LOCKS_REQUIREDâ€™
[19.881s] /home/terranova/uav_ws/src/cartographer/cartographer/common/internal/testing/thread_pool_for_testing.cc:79:61: error: no matching function for call to â€˜absl::Condition::Condition(const cartographer::common::testing::ThreadPoolForTesting::WaitUntilIdle()::<lambda()>*)â€™
[19.882s]    79 |       if (mutex_.AwaitWithTimeout(absl::Condition(&predicate),
[19.882s]       |                                                             ^
[19.882s] In file included from /home/terranova/uav_ws/src/cartographer/cartographer/common/internal/testing/thread_pool_for_testing.h:25,
[19.882s]                  from /home/terranova/uav_ws/src/cartographer/cartographer/common/internal/testing/thread_pool_for_testing.cc:17:
[19.882s] /home/terranova/uav_ws/install/absl/include/absl/synchronization/mutex.h:873:13: note: candidate: â€˜constexpr absl::Condition::Condition()â€™
[19.885s]   873 |   constexpr Condition() : eval_(AlwaysTrue), arg_(nullptr) {}
[19.885s]       |             ^~~~~~~~~
[19.885s] /home/terranova/uav_ws/install/absl/include/absl/synchronization/mutex.h:873:13: note:   candidate expects 0 arguments, 1 provided
[19.885s] /home/terranova/uav_ws/install/absl/include/absl/synchronization/mutex.h:793:12: note: candidate: â€˜template<class T, class E> absl::Condition::Condition(const T*)â€™
[19.886s]   793 |   explicit Condition(const T* obj)
[19.886s]       |            ^~~~~~~~~
[19.886s] /home/terranova/uav_ws/install/absl/include/absl/synchronization/mutex.h:793:12: note:   template argument deduction/substitution failed:
[19.886s] /home/terranova/uav_ws/install/absl/include/absl/synchronization/mutex.h:791:47: error: invalid static_cast from type â€˜void (cartographer::common::testing::ThreadPoolForTesting::WaitUntilIdle()::<lambda()>::*)() constâ€™ to type â€˜bool (cartographer::common::testing::ThreadPoolForTesting::WaitUntilIdle()::<lambda()>::*)() constâ€™
[19.886s]   791 |   template <typename T, typename E = decltype(static_cast<bool (T::*)() const>(
[19.887s]       |                                               ^~~~~~~~~~~~~~~~~~~~~~~~~~~~~~~~~
[19.887s]   792 |                             &T::operator()))>
[19.887s]       |                             ~~~~~~~~~~~~~~~    
[19.887s] /home/terranova/uav_ws/install/absl/include/absl/synchronization/mutex.h:764:12: note: candidate: â€˜absl::Condition::Condition(const bool*)â€™
[19.887s]   764 |   explicit Condition(const bool* cond);
[19.888s]       |            ^~~~~~~~~
[19.888s] /home/terranova/uav_ws/install/absl/include/absl/synchronization/mutex.h:764:34: note:   no known conversion for argument 1 from â€˜const cartographer::common::testing::ThreadPoolForTesting::WaitUntilIdle()::<lambda()>*â€™ to â€˜const bool*â€™
[19.888s]   764 |   explicit Condition(const bool* cond);
[19.888s]       |                      ~~~~~~~~~~~~^~~~
[19.888s] /home/terranova/uav_ws/install/absl/include/absl/synchronization/mutex.h:760:3: note: candidate: â€˜template<class T> absl::Condition::Condition(const T*, bool (absl::internal::type_identity<T>::type::*)() const)â€™
[19.888s]   760 |   Condition(const T* object,
[19.889s]       |   ^~~~~~~~~
[19.889s] /home/terranova/uav_ws/install/absl/include/absl/synchronization/mutex.h:760:3: note:   template argument deduction/substitution failed:
[19.889s] /home/terranova/uav_ws/src/cartographer/cartographer/common/internal/testing/thread_pool_for_testing.cc:79:61: note:   candidate expects 2 arguments, 1 provided
[19.889s]    79 |       if (mutex_.AwaitWithTimeout(absl::Condition(&predicate),
[19.889s]       |                                                             ^
[19.890s] In file included from /home/terranova/uav_ws/src/cartographer/cartographer/common/internal/testing/thread_pool_for_testing.h:25,
[19.890s]                  from /home/terranova/uav_ws/src/cartographer/cartographer/common/internal/testing/thread_pool_for_testing.cc:17:
[19.890s] /home/terranova/uav_ws/install/absl/include/absl/synchronization/mutex.h:755:3: note: candidate: â€˜template<class T> absl::Condition::Condition(T*, bool (absl::internal::type_identity<T>::type::*)())â€™
[19.890s]   755 |   Condition(T* object,
[19.890s]       |   ^~~~~~~~~
[19.891s] /home/terranova/uav_ws/install/absl/include/absl/synchronization/mutex.h:755:3: note:   template argument deduction/substitution failed:
[19.891s] /home/terranova/uav_ws/src/cartographer/cartographer/common/internal/testing/thread_pool_for_testing.cc:79:61: note:   candidate expects 2 arguments, 1 provided
[19.891s]    79 |       if (mutex_.AwaitWithTimeout(absl::Condition(&predicate),
[19.891s]       |                                                             ^
[19.891s] In file included from /home/terranova/uav_ws/src/cartographer/cartographer/common/internal/testing/thread_pool_for_testing.h:25,
[19.891s]                  from /home/terranova/uav_ws/src/cartographer/cartographer/common/internal/testing/thread_pool_for_testing.cc:17:
[19.892s] /home/terranova/uav_ws/install/absl/include/absl/synchronization/mutex.h:743:3: note: candidate: â€˜template<class T, class> absl::Condition::Condition(bool (*)(T*), typename absl::internal::type_identity<T>::type*)â€™
[19.892s]   743 |   Condition(bool (*func)(T*),
[19.892s]       |   ^~~~~~~~~
[19.893s] /home/terranova/uav_ws/install/absl/include/absl/synchronization/mutex.h:743:3: note:   template argument deduction/substitution failed:
[19.893s] /home/terranova/uav_ws/src/cartographer/cartographer/common/internal/testing/thread_pool_for_testing.cc:79:61: note:   mismatched types â€˜bool(T*)â€™ and â€˜const cartographer::common::testing::ThreadPoolForTesting::WaitUntilIdle()::<lambda()>â€™
[19.893s]    79 |       if (mutex_.AwaitWithTimeout(absl::Condition(&predicate),
[19.893s]       |                                                             ^
[19.894s] In file included from /home/terranova/uav_ws/src/cartographer/cartographer/common/internal/testing/thread_pool_for_testing.h:25,
[19.894s]                  from /home/terranova/uav_ws/src/cartographer/cartographer/common/internal/testing/thread_pool_for_testing.cc:17:
[19.894s] /home/terranova/uav_ws/install/absl/include/absl/synchronization/mutex.h:729:3: note: candidate: â€˜template<class T> absl::Condition::Condition(bool (*)(T*), T*)â€™
[19.894s]   729 |   Condition(bool (*func)(T*), T* arg);
[19.894s]       |   ^~~~~~~~~
[19.895s] /home/terranova/uav_ws/install/absl/include/absl/synchronization/mutex.h:729:3: note:   template argument deduction/substitution failed:
[19.895s] /home/terranova/uav_ws/src/cartographer/cartographer/common/internal/testing/thread_pool_for_testing.cc:79:61: note:   mismatched types â€˜bool(T*)â€™ and â€˜const cartographer::common::testing::ThreadPoolForTesting::WaitUntilIdle()::<lambda()>â€™
[19.895s]    79 |       if (mutex_.AwaitWithTimeout(absl::Condition(&predicate),
[19.895s]       |                                                             ^
[19.895s] In file included from /home/terranova/uav_ws/src/cartographer/cartographer/common/internal/testing/thread_pool_for_testing.h:25,
[19.896s]                  from /home/terranova/uav_ws/src/cartographer/cartographer/common/internal/testing/thread_pool_for_testing.cc:17:
[19.896s] /home/terranova/uav_ws/install/absl/include/absl/synchronization/mutex.h:717:3: note: candidate: â€˜absl::Condition::Condition(bool (*)(void*), void*)â€™
[19.896s]   717 |   Condition(bool (*func)(void*), void* arg);
[19.896s]       |   ^~~~~~~~~
[19.896s] /home/terranova/uav_ws/install/absl/include/absl/synchronization/mutex.h:717:3: note:   candidate expects 2 arguments, 1 provided
[19.896s] /home/terranova/uav_ws/install/absl/include/absl/synchronization/mutex.h:714:7: note: candidate: â€˜constexpr absl::Condition::Condition(const absl::Condition&)â€™
[19.897s]   714 | class Condition {
[19.897s]       |       ^~~~~~~~~
[19.897s] /home/terranova/uav_ws/install/absl/include/absl/synchronization/mutex.h:714:7: note:   no known conversion for argument 1 from â€˜const cartographer::common::testing::ThreadPoolForTesting::WaitUntilIdle()::<lambda()>*â€™ to â€˜const absl::Condition&â€™
[19.897s] /home/terranova/uav_ws/install/absl/include/absl/synchronization/mutex.h:714:7: note: candidate: â€˜constexpr absl::Condition::Condition(absl::Condition&&)â€™
[19.897s] /home/terranova/uav_ws/install/absl/include/absl/synchronization/mutex.h:714:7: note:   no known conversion for argument 1 from â€˜const cartographer::common::testing::ThreadPoolForTesting::WaitUntilIdle()::<lambda()>*â€™ to â€˜absl::Condition&&â€™
[19.897s] /home/terranova/uav_ws/src/cartographer/cartographer/common/internal/testing/thread_pool_for_testing.cc: In lambda function:
[19.898s] /home/terranova/uav_ws/src/cartographer/cartographer/common/internal/testing/thread_pool_for_testing.cc:88:35: error: expected â€˜{â€™ before â€˜EXCLUSIVE_LOCKS_REQUIREDâ€™
[19.898s]    88 |   const auto predicate = [this]() EXCLUSIVE_LOCKS_REQUIRED(mutex_) {
[19.898s]       |                                   ^~~~~~~~~~~~~~~~~~~~~~~~
[19.898s] /home/terranova/uav_ws/src/cartographer/cartographer/common/internal/testing/thread_pool_for_testing.cc: In member function â€˜void cartographer::common::testing::ThreadPoolForTesting::DoWork()â€™:
[19.898s] /home/terranova/uav_ws/src/cartographer/cartographer/common/internal/testing/thread_pool_for_testing.cc:88:35: error: expected â€˜,â€™ or â€˜;â€™ before â€˜EXCLUSIVE_LOCKS_REQUIREDâ€™
[19.898s] /home/terranova/uav_ws/src/cartographer/cartographer/common/internal/testing/thread_pool_for_testing.cc:95:57: error: no matching function for call to â€˜absl::Condition::Condition(const cartographer::common::testing::ThreadPoolForTesting::DoWork()::<lambda()>*)â€™
[19.899s]    95 |       mutex_.AwaitWithTimeout(absl::Condition(&predicate),
[19.899s]       |                                                         ^
[19.900s] In file included from /home/terranova/uav_ws/src/cartographer/cartographer/common/internal/testing/thread_pool_for_testing.h:25,
[19.900s]                  from /home/terranova/uav_ws/src/cartographer/cartographer/common/internal/testing/thread_pool_for_testing.cc:17:
[19.900s] /home/terranova/uav_ws/install/absl/include/absl/synchronization/mutex.h:873:13: note: candidate: â€˜constexpr absl::Condition::Condition()â€™
[19.900s]   873 |   constexpr Condition() : eval_(AlwaysTrue), arg_(nullptr) {}
[19.900s]       |             ^~~~~~~~~
[19.900s] /home/terranova/uav_ws/install/absl/include/absl/synchronization/mutex.h:873:13: note:   candidate expects 0 arguments, 1 provided
[19.901s] /home/terranova/uav_ws/install/absl/include/absl/synchronization/mutex.h:793:12: note: candidate: â€˜template<class T, class E> absl::Condition::Condition(const T*)â€™
[19.901s]   793 |   explicit Condition(const T* obj)
[19.901s]       |            ^~~~~~~~~
[19.901s] /home/terranova/uav_ws/install/absl/include/absl/synchronization/mutex.h:793:12: note:   template argument deduction/substitution failed:
[19.901s] /home/terranova/uav_ws/install/absl/include/absl/synchronization/mutex.h:791:47: error: invalid static_cast from type â€˜void (cartographer::common::testing::ThreadPoolForTesting::DoWork()::<lambda()>::*)() constâ€™ to type â€˜bool (cartographer::common::testing::ThreadPoolForTesting::DoWork()::<lambda()>::*)() constâ€™
[19.902s]   791 |   template <typename T, typename E = decltype(static_cast<bool (T::*)() const>(
[19.902s]       |                                               ^~~~~~~~~~~~~~~~~~~~~~~~~~~~~~~~~
[19.902s]   792 |                             &T::operator()))>
[19.902s]       |                             ~~~~~~~~~~~~~~~    
[19.902s] /home/terranova/uav_ws/install/absl/include/absl/synchronization/mutex.h:764:12: note: candidate: â€˜absl::Condition::Condition(const bool*)â€™
[19.902s]   764 |   explicit Condition(const bool* cond);
[19.903s]       |            ^~~~~~~~~
[19.903s] /home/terranova/uav_ws/install/absl/include/absl/synchronization/mutex.h:764:34: note:   no known conversion for argument 1 from â€˜const cartographer::common::testing::ThreadPoolForTesting::DoWork()::<lambda()>*â€™ to â€˜const bool*â€™
[19.903s]   764 |   explicit Condition(const bool* cond);
[19.903s]       |                      ~~~~~~~~~~~~^~~~
[19.903s] /home/terranova/uav_ws/install/absl/include/absl/synchronization/mutex.h:760:3: note: candidate: â€˜template<class T> absl::Condition::Condition(const T*, bool (absl::internal::type_identity<T>::type::*)() const)â€™
[19.904s]   760 |   Condition(const T* object,
[19.904s]       |   ^~~~~~~~~
[19.904s] /home/terranova/uav_ws/install/absl/include/absl/synchronization/mutex.h:760:3: note:   template argument deduction/substitution failed:
[19.904s] /home/terranova/uav_ws/src/cartographer/cartographer/common/internal/testing/thread_pool_for_testing.cc:95:57: note:   candidate expects 2 arguments, 1 provided
[19.904s]    95 |       mutex_.AwaitWithTimeout(absl::Condition(&predicate),
[19.904s]       |                                                         ^
[19.905s] In file included from /home/terranova/uav_ws/src/cartographer/cartographer/common/internal/testing/thread_pool_for_testing.h:25,
[19.905s]                  from /home/terranova/uav_ws/src/cartographer/cartographer/common/internal/testing/thread_pool_for_testing.cc:17:
[19.905s] /home/terranova/uav_ws/install/absl/include/absl/synchronization/mutex.h:755:3: note: candidate: â€˜template<class T> absl::Condition::Condition(T*, bool (absl::internal::type_identity<T>::type::*)())â€™
[19.905s]   755 |   Condition(T* object,
[19.905s]       |   ^~~~~~~~~
[19.906s] /home/terranova/uav_ws/install/absl/include/absl/synchronization/mutex.h:755:3: note:   template argument deduction/substitution failed:
[19.906s] /home/terranova/uav_ws/src/cartographer/cartographer/common/internal/testing/thread_pool_for_testing.cc:95:57: note:   candidate expects 2 arguments, 1 provided
[19.906s]    95 |       mutex_.AwaitWithTimeout(absl::Condition(&predicate),
[19.906s]       |                                                         ^
[19.906s] In file included from /home/terranova/uav_ws/src/cartographer/cartographer/common/internal/testing/thread_pool_for_testing.h:25,
[19.907s]                  from /home/terranova/uav_ws/src/cartographer/cartographer/common/internal/testing/thread_pool_for_testing.cc:17:
[19.907s] /home/terranova/uav_ws/install/absl/include/absl/synchronization/mutex.h:743:3: note: candidate: â€˜template<class T, class> absl::Condition::Condition(bool (*)(T*), typename absl::internal::type_identity<T>::type*)â€™
[19.907s]   743 |   Condition(bool (*func)(T*),
[19.907s]       |   ^~~~~~~~~
[19.907s] /home/terranova/uav_ws/install/absl/include/absl/synchronization/mutex.h:743:3: note:   template argument deduction/substitution failed:
[19.908s] /home/terranova/uav_ws/src/cartographer/cartographer/common/internal/testing/thread_pool_for_testing.cc:95:57: note:   mismatched types â€˜bool(T*)â€™ and â€˜const cartographer::common::testing::ThreadPoolForTesting::DoWork()::<lambda()>â€™
[19.908s]    95 |       mutex_.AwaitWithTimeout(absl::Condition(&predicate),
[19.908s]       |                                                         ^
[19.908s] In file included from /home/terranova/uav_ws/src/cartographer/cartographer/common/internal/testing/thread_pool_for_testing.h:25,
[19.908s]                  from /home/terranova/uav_ws/src/cartographer/cartographer/common/internal/testing/thread_pool_for_testing.cc:17:
[19.908s] /home/terranova/uav_ws/install/absl/include/absl/synchronization/mutex.h:729:3: note: candidate: â€˜template<class T> absl::Condition::Condition(bool (*)(T*), T*)â€™
[19.909s]   729 |   Condition(bool (*func)(T*), T* arg);
[19.909s]       |   ^~~~~~~~~
[19.909s] /home/terranova/uav_ws/install/absl/include/absl/synchronization/mutex.h:729:3: note:   template argument deduction/substitution failed:
[19.909s] /home/terranova/uav_ws/src/cartographer/cartographer/common/internal/testing/thread_pool_for_testing.cc:95:57: note:   mismatched types â€˜bool(T*)â€™ and â€˜const cartographer::common::testing::ThreadPoolForTesting::DoWork()::<lambda()>â€™
[19.910s]    95 |       mutex_.AwaitWithTimeout(absl::Condition(&predicate),
[19.910s]       |                                                         ^
[19.910s] In file included from /home/terranova/uav_ws/src/cartographer/cartographer/common/internal/testing/thread_pool_for_testing.h:25,
[19.910s]                  from /home/terranova/uav_ws/src/cartographer/cartographer/common/internal/testing/thread_pool_for_testing.cc:17:
[19.910s] /home/terranova/uav_ws/install/absl/include/absl/synchronization/mutex.h:717:3: note: candidate: â€˜absl::Condition::Condition(bool (*)(void*), void*)â€™
[19.910s]   717 |   Condition(bool (*func)(void*), void* arg);
[19.911s]       |   ^~~~~~~~~
[19.911s] /home/terranova/uav_ws/install/absl/include/absl/synchronization/mutex.h:717:3: note:   candidate expects 2 arguments, 1 provided
[19.911s] /home/terranova/uav_ws/install/absl/include/absl/synchronization/mutex.h:714:7: note: candidate: â€˜constexpr absl::Condition::Condition(const absl::Condition&)â€™
[19.911s]   714 | class Condition {
[19.911s]       |       ^~~~~~~~~
[19.911s] /home/terranova/uav_ws/install/absl/include/absl/synchronization/mutex.h:714:7: note:   no known conversion for argument 1 from â€˜const cartographer::common::testing::ThreadPoolForTesting::DoWork()::<lambda()>*â€™ to â€˜const absl::Condition&â€™
[19.913s] /home/terranova/uav_ws/install/absl/include/absl/synchronization/mutex.h:714:7: note: candidate: â€˜constexpr absl::Condition::Condition(absl::Condition&&)â€™
[19.913s] /home/terranova/uav_ws/install/absl/include/absl/synchronization/mutex.h:714:7: note:   no known conversion for argument 1 from â€˜const cartographer::common::testing::ThreadPoolForTesting::DoWork()::<lambda()>*â€™ to â€˜absl::Condition&&â€™
[19.914s] make[2]: *** [CMakeFiles/cartographer.dir/build.make:419: CMakeFiles/cartographer.dir/cartographer/common/internal/testing/thread_pool_for_testing.cc.o] Error 1
[21.436s] make[1]: *** [CMakeFiles/Makefile2:337: CMakeFiles/cartographer.dir/all] Error 2
[21.438s] make: *** [Makefile:146: all] Error 2
[21.453s] Invoked command in '/home/terranova/uav_ws/build/cartographer' returned '2': CMAKE_PREFIX_PATH=/home/terranova/uav_ws/install/cartographer_ros_msgs:/home/terranova/uav_ws/install/vision_opencv:/home/terranova/uav_ws/install/uav_gazebo:/home/terranova/uav_ws/install/uav_cartographer:/home/terranova/uav_ws/install/turtlebot3:/home/terranova/uav_ws/install/turtlebot3_simulations:/home/terranova/uav_ws/install/turtlebot3_bringup:/home/terranova/uav_ws/install/turtlebot3_node:/home/terranova/uav_ws/install/turtlebot3_navigation2:/home/terranova/uav_ws/install/turtlebot3_fake_node:/home/terranova/uav_ws/install/turtlebot3_msgs:/home/terranova/uav_ws/install/turtlebot3_gazebo:/home/terranova/uav_ws/install/turtlebot3_description:/home/terranova/uav_ws/install/turtlebot3_cartographer:/home/terranova/uav_ws/install/turtlebot3_teleop:/home/terranova/uav_ws/install/turtlebot3_example:/home/terranova/uav_ws/install/opencv_tests:/home/terranova/uav_ws/install/joint_state_publisher_gui:/home/terranova/uav_ws/install/joint_state_publisher:/opt/ros/foxy:/home/terranova/uav_ws/install/realsense_gazebo_plugin:/home/terranova/uav_ws/install/perception_pcl:/home/terranova/uav_ws/install/pcl_ros:/home/terranova/uav_ws/install/pcl_conversions:/home/terranova/uav_ws/install/pcl_msgs:/home/terranova/uav_ws/install/image_geometry:/home/terranova/uav_ws/install/hls_lfcd_lds_driver:/home/terranova/uav_ws/install/gazebo_ros_pkgs:/home/terranova/uav_ws/install/gazebo_plugins:/home/terranova/uav_ws/install/gazebo_ros:/home/terranova/uav_ws/install/gazebo_msgs:/home/terranova/uav_ws/install/gazebo_dev:/home/terranova/uav_ws/install/dynamixel_sdk_examples:/home/terranova/uav_ws/install/dynamixel_sdk_custom_interfaces:/home/terranova/uav_ws/install/dynamixel_sdk:/home/terranova/uav_ws/install/cv_bridge:/home/terranova/uav_ws/install/absl /home/terranova/.local/bin/cmake --build /home/terranova/uav_ws/build/cartographer -- -j4 -l4
