[0.033s] Invoking command in '/home/terranova/uav_ws/build/cartographer_ros': AMENT_PREFIX_PATH=/home/terranova/uav_ws/install/cartographer_ros_msgs:${AMENT_PREFIX_PATH} CMAKE_PREFIX_PATH=/home/terranova/uav_ws/install/pcl_conversions:/home/terranova/uav_ws/install/pcl_msgs:/home/terranova/uav_ws/install/cartographer_ros_msgs:/home/terranova/uav_ws/install/vision_opencv:/home/terranova/uav_ws/install/uav_gazebo:/home/terranova/uav_ws/install/uav_cartographer:/home/terranova/uav_ws/install/turtlebot3:/home/terranova/uav_ws/install/turtlebot3_simulations:/home/terranova/uav_ws/install/turtlebot3_bringup:/home/terranova/uav_ws/install/turtlebot3_node:/home/terranova/uav_ws/install/turtlebot3_navigation2:/home/terranova/uav_ws/install/turtlebot3_fake_node:/home/terranova/uav_ws/install/turtlebot3_msgs:/home/terranova/uav_ws/install/turtlebot3_gazebo:/home/terranova/uav_ws/install/turtlebot3_description:/home/terranova/uav_ws/install/turtlebot3_cartographer:/home/terranova/uav_ws/install/turtlebot3_teleop:/home/terranova/uav_ws/install/turtlebot3_example:/home/terranova/uav_ws/install/opencv_tests:/home/terranova/uav_ws/install/joint_state_publisher_gui:/home/terranova/uav_ws/install/joint_state_publisher:/opt/ros/foxy:/home/terranova/uav_ws/install/realsense_gazebo_plugin:/home/terranova/uav_ws/install/perception_pcl:/home/terranova/uav_ws/install/pcl_ros:/home/terranova/uav_ws/install/image_geometry:/home/terranova/uav_ws/install/hls_lfcd_lds_driver:/home/terranova/uav_ws/install/gazebo_ros_pkgs:/home/terranova/uav_ws/install/gazebo_plugins:/home/terranova/uav_ws/install/gazebo_ros:/home/terranova/uav_ws/install/gazebo_msgs:/home/terranova/uav_ws/install/gazebo_dev:/home/terranova/uav_ws/install/dynamixel_sdk_examples:/home/terranova/uav_ws/install/dynamixel_sdk_custom_interfaces:/home/terranova/uav_ws/install/dynamixel_sdk:/home/terranova/uav_ws/install/cv_bridge:/home/terranova/uav_ws/install/absl LD_LIBRARY_PATH=/home/terranova/uav_ws/install/pcl_msgs/lib:/home/terranova/uav_ws/install/cartographer_ros_msgs/lib:/home/terranova/uav_ws/install/turtlebot3_msgs/lib:/home/terranova/uav_ws/install/realsense_gazebo_plugin/lib:/home/terranova/uav_ws/install/pcl_ros/lib:/home/terranova/uav_ws/install/image_geometry/lib:/home/terranova/uav_ws/install/gazebo_plugins/lib:/home/terranova/uav_ws/install/gazebo_ros/lib:/home/terranova/uav_ws/install/gazebo_msgs/lib:/home/terranova/uav_ws/install/dynamixel_sdk_custom_interfaces/lib:/home/terranova/uav_ws/install/dynamixel_sdk/lib:/home/terranova/uav_ws/install/cv_bridge/lib:/opt/ros/foxy/opt/yaml_cpp_vendor/lib:/opt/ros/foxy/opt/rviz_ogre_vendor/lib:/opt/ros/foxy/lib/x86_64-linux-gnu:/opt/ros/foxy/lib:/usr/lib/x86_64-linux-gnu/gazebo-11/plugins PYTHONPATH=/home/terranova/uav_ws/install/pcl_msgs/lib/python3.8/site-packages:/home/terranova/uav_ws/install/cartographer_ros_msgs/lib/python3.8/site-packages:/home/terranova/uav_ws/install/turtlebot3_teleop/lib/python3.8/site-packages:/home/terranova/uav_ws/install/turtlebot3_example/lib/python3.8/site-packages:/home/terranova/uav_ws/install/turtlebot3_msgs/lib/python3.8/site-packages:/home/terranova/uav_ws/install/opencv_tests/lib/python3.8/site-packages:/home/terranova/uav_ws/install/joint_state_publisher_gui/lib/python3.8/site-packages:/home/terranova/uav_ws/install/joint_state_publisher/lib/python3.8/site-packages:/home/terranova/uav_ws/install/image_geometry/lib/python3.8/site-packages:/home/terranova/uav_ws/install/gazebo_ros/lib/python3.8/site-packages:/home/terranova/uav_ws/install/gazebo_msgs/lib/python3.8/site-packages:/home/terranova/uav_ws/install/dynamixel_sdk_custom_interfaces/lib/python3.8/site-packages:/home/terranova/uav_ws/install/cv_bridge/lib/python3.8/site-packages:/opt/ros/foxy/lib/python3.8/site-packages:/home/terranova/.local/bin /home/terranova/.local/bin/cmake --build /home/terranova/uav_ws/build/cartographer_ros -- -j4 -l4
[0.248s] [  2%] [32mBuilding CXX object CMakeFiles/cartographer_ros.dir/src/assets_writer.cpp.o[0m
[0.256s] [  5%] [32mBuilding CXX object CMakeFiles/cartographer_ros.dir/src/map_builder_bridge.cpp.o[0m
[0.263s] [ 11%] [32mBuilding CXX object CMakeFiles/cartographer_ros.dir/src/node.cpp.o[0m
[0.266s] [ 11%] [32mBuilding CXX object CMakeFiles/cartographer_ros.dir/src/msg_conversion.cpp.o[0m
[4.617s] In file included from [01m[K/home/terranova/uav_ws/src/cartographer_ros/cartographer_ros/src/assets_writer.cpp:37[m[K:
[4.618s] [01m[K/home/terranova/uav_ws/src/cartographer_ros/cartographer_ros/include/cartographer_ros/ros_map_writing_points_processor.h:25:10:[m[K [01;31m[Kfatal error: [m[Kcartographer/mapping/proto/probability_grid_range_data_inserter_options_2d.pb.h: No such file or directory
[4.619s]    25 | #include [01;31m[K"cartographer/mapping/proto/probability_grid_range_data_inserter_options_2d.pb.h"[m[K
[4.621s]       |          [01;31m[K^~~~~~~~~~~~~~~~~~~~~~~~~~~~~~~~~~~~~~~~~~~~~~~~~~~~~~~~~~~~~~~~~~~~~~~~~~~~~~~~~[m[K
[4.622s] compilation terminated.
[4.637s] make[2]: *** [CMakeFiles/cartographer_ros.dir/build.make:76: CMakeFiles/cartographer_ros.dir/src/assets_writer.cpp.o] Error 1
[4.638s] make[2]: *** Waiting for unfinished jobs....
[4.717s] [01m[K/home/terranova/uav_ws/src/cartographer_ros/cartographer_ros/src/node.cpp:47:10:[m[K [01;31m[Kfatal error: [m[Ktf2_eigen/tf2_eigen.hpp: No such file or directory
[4.718s]    47 | #include [01;31m[K"tf2_eigen/tf2_eigen.hpp"[m[K
[4.719s]       |          [01;31m[K^~~~~~~~~~~~~~~~~~~~~~~~~[m[K
[4.721s] compilation terminated.
[4.731s] make[2]: *** [CMakeFiles/cartographer_ros.dir/build.make:132: CMakeFiles/cartographer_ros.dir/src/node.cpp.o] Error 1
[12.496s] In file included from /home/terranova/uav_ws/src/cartographer_ros/cartographer_ros/src/map_builder_bridge.cpp:17:
[12.496s] /home/terranova/uav_ws/src/cartographer_ros/cartographer_ros/include/cartographer_ros/map_builder_bridge.h:94:57: error: â€˜TrajectoryStateâ€™ is not a member of â€˜cartographer::mapping::PoseGraphInterfaceâ€™
[12.496s]    94 |            ::cartographer::mapping::PoseGraphInterface::TrajectoryState>
[12.496s]       |                                                         ^~~~~~~~~~~~~~~
[12.496s] /home/terranova/uav_ws/src/cartographer_ros/cartographer_ros/include/cartographer_ros/map_builder_bridge.h:94:72: error: template argument 2 is invalid
[12.496s]    94 |            ::cartographer::mapping::PoseGraphInterface::TrajectoryState>
[12.496s]       |                                                                        ^
[12.497s] /home/terranova/uav_ws/src/cartographer_ros/cartographer_ros/include/cartographer_ros/map_builder_bridge.h:94:72: error: template argument 4 is invalid
[12.497s] In file included from /opt/ros/foxy/include/cartographer/common/lua_parameter_dictionary.h:27,
[12.497s]                  from /opt/ros/foxy/include/cartographer/mapping/map_builder_interface.h:25,
[12.497s]                  from /home/terranova/uav_ws/src/cartographer_ros/cartographer_ros/include/cartographer_ros/map_builder_bridge.h:26,
[12.497s]                  from /home/terranova/uav_ws/src/cartographer_ros/cartographer_ros/src/map_builder_bridge.cpp:17:
[12.497s] /home/terranova/uav_ws/src/cartographer_ros/cartographer_ros/src/map_builder_bridge.cpp: In member function â€˜void cartographer_ros::MapBuilderBridge::FinishTrajectory(int)â€™:
[12.497s] /home/terranova/uav_ws/src/cartographer_ros/cartographer_ros/src/map_builder_bridge.cpp:155:31: error: request for member â€˜countâ€™ in â€˜((cartographer_ros::MapBuilderBridge*)this)->cartographer_ros::MapBuilderBridge::GetTrajectoryStates()â€™, which is of non-class type â€˜intâ€™
[12.497s]   155 |   CHECK(GetTrajectoryStates().count(trajectory_id));
[12.497s]       |                               ^~~~~
[12.497s] /home/terranova/uav_ws/src/cartographer_ros/cartographer_ros/src/map_builder_bridge.cpp: In member function â€˜bool cartographer_ros::MapBuilderBridge::SerializeState(const string&, bool)â€™:
[12.498s] /home/terranova/uav_ws/src/cartographer_ros/cartographer_ros/src/map_builder_bridge.cpp:167:24: error: â€˜class cartographer::mapping::MapBuilderInterfaceâ€™ has no member named â€˜SerializeStateToFileâ€™; did you mean â€˜SerializeStateâ€™?
[12.498s]   167 |   return map_builder_->SerializeStateToFile(include_unfinished_submaps,
[12.498s]       |                        ^~~~~~~~~~~~~~~~~~~~
[12.498s]       |                        SerializeState
[12.498s] /home/terranova/uav_ws/src/cartographer_ros/cartographer_ros/src/map_builder_bridge.cpp: At global scope:
[12.498s] /home/terranova/uav_ws/src/cartographer_ros/cartographer_ros/src/map_builder_bridge.cpp:202:60: error: â€˜TrajectoryStateâ€™ is not a member of â€˜cartographer::mapping::PoseGraphInterfaceâ€™
[12.498s]   202 | std::map<int, ::cartographer::mapping::PoseGraphInterface::TrajectoryState>
[12.498s]       |                                                            ^~~~~~~~~~~~~~~
[12.498s] /home/terranova/uav_ws/src/cartographer_ros/cartographer_ros/src/map_builder_bridge.cpp:202:75: error: template argument 2 is invalid
[12.498s]   202 | std::map<int, ::cartographer::mapping::PoseGraphInterface::TrajectoryState>
[12.499s]       |                                                                           ^
[12.499s] /home/terranova/uav_ws/src/cartographer_ros/cartographer_ros/src/map_builder_bridge.cpp:202:75: error: template argument 4 is invalid
[12.499s] /home/terranova/uav_ws/src/cartographer_ros/cartographer_ros/src/map_builder_bridge.cpp: In member function â€˜int cartographer_ros::MapBuilderBridge::GetTrajectoryStates()â€™:
[12.499s] /home/terranova/uav_ws/src/cartographer_ros/cartographer_ros/src/map_builder_bridge.cpp:204:56: error: â€˜class cartographer::mapping::PoseGraphInterfaceâ€™ has no member named â€˜GetTrajectoryStatesâ€™; did you mean â€˜GetTrajectoryNodesâ€™?
[12.499s]   204 |   auto trajectory_states = map_builder_->pose_graph()->GetTrajectoryStates();
[12.499s]       |                                                        ^~~~~~~~~~~~~~~~~~~
[12.499s]       |                                                        GetTrajectoryNodes
[12.499s] /home/terranova/uav_ws/src/cartographer_ros/cartographer_ros/src/map_builder_bridge.cpp:210:54: error: â€˜cartographer::mapping::PoseGraphInterface::TrajectoryStateâ€™ has not been declared
[12.499s]   210 |         ::cartographer::mapping::PoseGraphInterface::TrajectoryState::ACTIVE));
[12.499s]       |                                                      ^~~~~~~~~~~~~~~
[12.499s] make[2]: *** [CMakeFiles/cartographer_ros.dir/build.make:90: CMakeFiles/cartographer_ros.dir/src/map_builder_bridge.cpp.o] Error 1
[17.895s] /home/terranova/uav_ws/src/cartographer_ros/cartographer_ros/src/msg_conversion.cpp: In function â€˜std::tuple<cartographer::sensor::PointCloudWithIntensities, std::chrono::time_point<cartographer::common::UniversalTimeScaleClock, std::chrono::duration<long int, std::ratio<1, 10000000> > > > cartographer_ros::{anonymous}::LaserScanToPointCloudWithIntensities(const LaserMessageType&)â€™:
[17.895s] /home/terranova/uav_ws/src/cartographer_ros/cartographer_ros/src/msg_conversion.cpp:150:37: error: â€˜TimedRangefinderPointâ€™ in namespace â€˜cartographer::sensorâ€™ does not name a type
[17.895s]   150 |         const cartographer::sensor::TimedRangefinderPoint point{
[17.895s]       |                                     ^~~~~~~~~~~~~~~~~~~~~
[17.895s] /home/terranova/uav_ws/src/cartographer_ros/cartographer_ros/src/msg_conversion.cpp:153:38: error: â€˜pointâ€™ was not declared in this scope
[17.896s]   153 |         point_cloud.points.push_back(point);
[17.896s]       |                                      ^~~~~
[17.896s] /home/terranova/uav_ws/src/cartographer_ros/cartographer_ros/src/msg_conversion.cpp:168:55: error: â€˜__gnu_cxx::__alloc_traits<std::allocator<Eigen::Matrix<float, 4, 1> >, Eigen::Matrix<float, 4, 1> >::value_typeâ€™ {aka â€˜class Eigen::Matrix<float, 4, 1>â€™} has no member named â€˜timeâ€™
[17.896s]   168 |     const double duration = point_cloud.points.back().time;
[17.896s]       |                                                       ^~~~
[17.896s] /home/terranova/uav_ws/src/cartographer_ros/cartographer_ros/src/msg_conversion.cpp:171:13: error: â€˜class Eigen::Matrix<float, 4, 1>â€™ has no member named â€˜timeâ€™
[17.896s]   171 |       point.time -= duration;
[17.896s]       |             ^~~~
[17.896s] /home/terranova/uav_ws/src/cartographer_ros/cartographer_ros/src/msg_conversion.cpp: In function â€˜sensor_msgs::msg::PointCloud2 cartographer_ros::ToPointCloud2Message(int64_t, const string&, const TimedPointCloud&)â€™:
[17.896s] /home/terranova/uav_ws/src/cartographer_ros/cartographer_ros/src/msg_conversion.cpp:196:28: error: â€˜const class Eigen::Matrix<float, 4, 1>â€™ has no member named â€˜positionâ€™
[17.897s]   196 |     data[offset++] = point.position.x();
[17.897s]       |                            ^~~~~~~~
[17.897s] /home/terranova/uav_ws/src/cartographer_ros/cartographer_ros/src/msg_conversion.cpp:197:28: error: â€˜const class Eigen::Matrix<float, 4, 1>â€™ has no member named â€˜positionâ€™
[17.897s]   197 |     data[offset++] = point.position.y();
[17.897s]       |                            ^~~~~~~~
[17.897s] /home/terranova/uav_ws/src/cartographer_ros/cartographer_ros/src/msg_conversion.cpp:198:28: error: â€˜const class Eigen::Matrix<float, 4, 1>â€™ has no member named â€˜positionâ€™
[17.898s]   198 |     data[offset++] = point.position.z();
[17.898s]       |                            ^~~~~~~~
[17.898s] /home/terranova/uav_ws/src/cartographer_ros/cartographer_ros/src/msg_conversion.cpp: In function â€˜std::tuple<cartographer::sensor::PointCloudWithIntensities, std::chrono::time_point<cartographer::common::UniversalTimeScaleClock, std::chrono::duration<long int, std::ratio<1, 10000000> > > > cartographer_ros::ToPointCloudWithIntensities(const PointCloud2&)â€™:
[17.898s] /home/terranova/uav_ws/src/cartographer_ros/cartographer_ros/src/msg_conversion.cpp:270:55: error: â€˜__gnu_cxx::__alloc_traits<std::allocator<Eigen::Matrix<float, 4, 1> >, Eigen::Matrix<float, 4, 1> >::value_typeâ€™ {aka â€˜class Eigen::Matrix<float, 4, 1>â€™} has no member named â€˜timeâ€™
[17.898s]   270 |     const double duration = point_cloud.points.back().time;
[17.898s]       |                                                       ^~~~
[17.899s] /home/terranova/uav_ws/src/cartographer_ros/cartographer_ros/src/msg_conversion.cpp:273:13: error: â€˜class Eigen::Matrix<float, 4, 1>â€™ has no member named â€˜timeâ€™
[17.899s]   273 |       point.time -= duration;
[17.899s]       |             ^~~~
[17.899s] In file included from /usr/include/ceres/internal/fixed_array.h:39,
[17.899s]                  from /usr/include/ceres/internal/autodiff.h:147,
[17.899s]                  from /usr/include/ceres/autodiff_cost_function.h:132,
[17.899s]                  from /usr/include/ceres/ceres.h:37,
[17.900s]                  from /opt/ros/foxy/include/cartographer/common/math.h:25,
[17.900s]                  from /opt/ros/foxy/include/cartographer/io/color.h:22,
[17.900s]                  from /opt/ros/foxy/include/cartographer/io/image.h:25,
[17.900s]                  from /opt/ros/foxy/include/cartographer/io/submap_painter.h:22,
[17.900s]                  from /home/terranova/uav_ws/src/cartographer_ros/cartographer_ros/include/cartographer_ros/msg_conversion.h:21,
[17.900s]                  from /home/terranova/uav_ws/src/cartographer_ros/cartographer_ros/src/msg_conversion.cpp:17:
[17.900s] /home/terranova/uav_ws/src/cartographer_ros/cartographer_ros/src/msg_conversion.cpp:274:22: error: â€˜class Eigen::Matrix<float, 4, 1>â€™ has no member named â€˜timeâ€™
[17.900s]   274 |       CHECK_LE(point.time, 0.f)
[17.900s]       |                      ^~~~
[17.901s] /home/terranova/uav_ws/src/cartographer_ros/cartographer_ros/src/msg_conversion.cpp: In function â€˜std::unique_ptr<nav_msgs::msg::OccupancyGrid_<std::allocator<void> >, std::default_delete<nav_msgs::msg::OccupancyGrid_<std::allocator<void> > > > cartographer_ros::CreateOccupancyGridMsg(const cartographer::io::PaintSubmapSlicesResult&, double, const string&, const rclcpp::Time&)â€™:
[17.901s] /home/terranova/uav_ws/src/cartographer_ros/cartographer_ros/src/msg_conversion.cpp:378:25: error: â€˜abslâ€™ has not been declared
[17.901s]   378 |   auto occupancy_grid = absl::make_unique<nav_msgs::msg::OccupancyGrid>();
[17.901s]       |                         ^~~~
[17.901s] /home/terranova/uav_ws/src/cartographer_ros/cartographer_ros/src/msg_conversion.cpp:378:71: error: expected primary-expression before â€˜>â€™ token
[17.901s]   378 |   auto occupancy_grid = absl::make_unique<nav_msgs::msg::OccupancyGrid>();
[17.901s]       |                                                                       ^
[17.901s] /home/terranova/uav_ws/src/cartographer_ros/cartographer_ros/src/msg_conversion.cpp:378:73: error: expected primary-expression before â€˜)â€™ token
[17.901s]   378 |   auto occupancy_grid = absl::make_unique<nav_msgs::msg::OccupancyGrid>();
[17.901s]       |                                                                         ^
[17.902s] In file included from /usr/include/eigen3/Eigen/Core:458,
[17.902s]                  from /usr/include/eigen3/Eigen/Geometry:11,
[17.902s]                  from /opt/ros/foxy/include/cartographer/io/submap_painter.h:20,
[17.902s]                  from /home/terranova/uav_ws/src/cartographer_ros/cartographer_ros/include/cartographer_ros/msg_conversion.h:21,
[17.902s]                  from /home/terranova/uav_ws/src/cartographer_ros/cartographer_ros/src/msg_conversion.cpp:17:
[17.902s] /usr/include/eigen3/Eigen/src/Core/Matrix.h: In instantiation of â€˜Eigen::Matrix<_Scalar, _Rows, _Cols, _Options, _MaxRows, _MaxCols>::Matrix(const T0&, const T1&) [with T0 = Eigen::Matrix<float, 3, 1>; T1 = float; _Scalar = float; int _Rows = 4; int _Cols = 1; int _Options = 0; int _MaxRows = 4; int _MaxCols = 1]â€™:
[17.902s] /home/terranova/uav_ws/src/cartographer_ros/cartographer_ros/src/msg_conversion.cpp:230:69:   required from here
[17.902s] /usr/include/eigen3/Eigen/src/Core/Matrix.h:302:35: error: no matching function for call to â€˜Eigen::Matrix<float, 4, 1>::_init2<Eigen::Matrix<float, 3, 1, 0, 3, 1>, float>(const Eigen::Matrix<float, 3, 1>&, const float&)â€™
[17.902s]   302 |       Base::template _init2<T0,T1>(x, y);
[17.902s]       |       ~~~~~~~~~~~~~~~~~~~~~~~~~~~~^~~~~~
[17.902s] In file included from /usr/include/eigen3/Eigen/Core:457,
[17.903s]                  from /usr/include/eigen3/Eigen/Geometry:11,
[17.903s]                  from /opt/ros/foxy/include/cartographer/io/submap_painter.h:20,
[17.903s]                  from /home/terranova/uav_ws/src/cartographer_ros/cartographer_ros/include/cartographer_ros/msg_conversion.h:21,
[17.903s]                  from /home/terranova/uav_ws/src/cartographer_ros/cartographer_ros/src/msg_conversion.cpp:17:
[17.903s] /usr/include/eigen3/Eigen/src/Core/PlainObjectBase.h:738:30: note: candidate: â€˜void Eigen::PlainObjectBase<Derived>::_init2(Eigen::Index, Eigen::Index, typename Eigen::internal::enable_if<(typename Eigen::internal::dense_xpr_base<Derived>::type::SizeAtCompileTime != 2), T0>::type*) [with T0 = Eigen::Matrix<float, 3, 1>; T1 = float; Derived = Eigen::Matrix<float, 4, 1>; Eigen::Index = long int; typename Eigen::internal::enable_if<(typename Eigen::internal::dense_xpr_base<Derived>::type::SizeAtCompileTime != 2), T0>::type = Eigen::Matrix<float, 3, 1>]â€™
[17.903s]   738 |     EIGEN_STRONG_INLINE void _init2(Index rows, Index cols, typename internal::enable_if<Base::SizeAtCompileTime!=2,T0>::type* = 0)
[17.903s]       |                              ^~~~~~
[17.903s] /usr/include/eigen3/Eigen/src/Core/PlainObjectBase.h:738:43: note:   no known conversion for argument 1 from â€˜const Eigen::Matrix<float, 3, 1>â€™ to â€˜Eigen::Indexâ€™ {aka â€˜long intâ€™}
[17.903s]   738 |     EIGEN_STRONG_INLINE void _init2(Index rows, Index cols, typename internal::enable_if<Base::SizeAtCompileTime!=2,T0>::type* = 0)
[17.903s]       |                                     ~~~~~~^~~~
[17.904s] /usr/include/eigen3/Eigen/src/Core/PlainObjectBase.h:748:30: note: candidate: â€˜template<class T0, class T1> void Eigen::PlainObjectBase<Derived>::_init2(const T0&, const T1&, typename Eigen::internal::enable_if<(typename Eigen::internal::dense_xpr_base<Derived>::type::SizeAtCompileTime == 2), T0>::type*) [with T0 = T0; T1 = T1; Derived = Eigen::Matrix<float, 4, 1>]â€™
[17.904s]   748 |     EIGEN_STRONG_INLINE void _init2(const T0& val0, const T1& val1, typename internal::enable_if<Base::SizeAtCompileTime==2,T0>::type* = 0)
[17.904s]       |                              ^~~~~~
[17.904s] /usr/include/eigen3/Eigen/src/Core/PlainObjectBase.h:748:30: note:   template argument deduction/substitution failed:
[17.904s] /usr/include/eigen3/Eigen/src/Core/PlainObjectBase.h: In substitution of â€˜template<class T0, class T1> void Eigen::PlainObjectBase<Eigen::Matrix<float, 4, 1> >::_init2<T0, T1>(const T0&, const T1&, typename Eigen::internal::enable_if<false, T0>::type*) [with T0 = Eigen::Matrix<float, 3, 1>; T1 = float]â€™:
[17.904s] /usr/include/eigen3/Eigen/src/Core/Matrix.h:302:35:   required from â€˜Eigen::Matrix<_Scalar, _Rows, _Cols, _Options, _MaxRows, _MaxCols>::Matrix(const T0&, const T1&) [with T0 = Eigen::Matrix<float, 3, 1>; T1 = float; _Scalar = float; int _Rows = 4; int _Cols = 1; int _Options = 0; int _MaxRows = 4; int _MaxCols = 1]â€™
[17.904s] /home/terranova/uav_ws/src/cartographer_ros/cartographer_ros/src/msg_conversion.cpp:230:69:   required from here
[17.904s] /usr/include/eigen3/Eigen/src/Core/PlainObjectBase.h:748:30: error: invalid use of incomplete type â€˜struct Eigen::internal::enable_if<false, Eigen::Matrix<float, 3, 1> >â€™
[17.904s] In file included from /usr/include/eigen3/Eigen/Core:364,
[17.904s]                  from /usr/include/eigen3/Eigen/Geometry:11,
[17.905s]                  from /opt/ros/foxy/include/cartographer/io/submap_painter.h:20,
[17.905s]                  from /home/terranova/uav_ws/src/cartographer_ros/cartographer_ros/include/cartographer_ros/msg_conversion.h:21,
[17.905s]                  from /home/terranova/uav_ws/src/cartographer_ros/cartographer_ros/src/msg_conversion.cpp:17:
[17.905s] /usr/include/eigen3/Eigen/src/Core/util/Meta.h:184:50: note: declaration of â€˜struct Eigen::internal::enable_if<false, Eigen::Matrix<float, 3, 1> >â€™
[17.905s]   184 | template<bool Condition, typename T=void> struct enable_if;
[17.905s]       |                                                  ^~~~~~~~~
[17.905s] In file included from /usr/include/eigen3/Eigen/Core:457,
[17.905s]                  from /usr/include/eigen3/Eigen/Geometry:11,
[17.906s]                  from /opt/ros/foxy/include/cartographer/io/submap_painter.h:20,
[17.906s]                  from /home/terranova/uav_ws/src/cartographer_ros/cartographer_ros/include/cartographer_ros/msg_conversion.h:21,
[17.906s]                  from /home/terranova/uav_ws/src/cartographer_ros/cartographer_ros/src/msg_conversion.cpp:17:
[17.906s] /usr/include/eigen3/Eigen/src/Core/Matrix.h: In instantiation of â€˜Eigen::Matrix<_Scalar, _Rows, _Cols, _Options, _MaxRows, _MaxCols>::Matrix(const T0&, const T1&) [with T0 = Eigen::Matrix<float, 3, 1>; T1 = float; _Scalar = float; int _Rows = 4; int _Cols = 1; int _Options = 0; int _MaxRows = 4; int _MaxCols = 1]â€™:
[17.906s] /home/terranova/uav_ws/src/cartographer_ros/cartographer_ros/src/msg_conversion.cpp:230:69:   required from here
[17.906s] /usr/include/eigen3/Eigen/src/Core/PlainObjectBase.h:757:30: note: candidate: â€˜template<class T0, class T1> void Eigen::PlainObjectBase<Derived>::_init2(const Index&, const Index&, typename Eigen::internal::enable_if<((((! Eigen::internal::is_same<long int, typename Eigen::internal::traits<T>::Scalar>::value) && Eigen::internal::is_same<T0, long int>::value) && Eigen::internal::is_same<T1, long int>::value) && (typename Eigen::internal::dense_xpr_base<Derived>::type::SizeAtCompileTime == 2)), T1>::type*) [with T0 = T0; T1 = T1; Derived = Eigen::Matrix<float, 4, 1>]â€™
[17.906s]   757 |     EIGEN_STRONG_INLINE void _init2(const Index& val0, const Index& val1,
[17.906s]       |                              ^~~~~~
[17.906s] /usr/include/eigen3/Eigen/src/Core/PlainObjectBase.h:757:30: note:   template argument deduction/substitution failed:
[17.907s] /usr/include/eigen3/Eigen/src/Core/PlainObjectBase.h: In substitution of â€˜template<class T0, class T1> void Eigen::PlainObjectBase<Eigen::Matrix<float, 4, 1> >::_init2<T0, T1>(const Index&, const Index&, typename Eigen::internal::enable_if<((((! Eigen::internal::is_same<long int, float>::value) && Eigen::internal::is_same<T0, long int>::value) && Eigen::internal::is_same<T1, long int>::value) && (Eigen::MatrixBase<Eigen::Matrix<float, 4, 1> >::SizeAtCompileTime == 2)), T1>::type*) [with T0 = Eigen::Matrix<float, 3, 1>; T1 = float]â€™:
[17.907s] /usr/include/eigen3/Eigen/src/Core/Matrix.h:302:35:   required from â€˜Eigen::Matrix<_Scalar, _Rows, _Cols, _Options, _MaxRows, _MaxCols>::Matrix(const T0&, const T1&) [with T0 = Eigen::Matrix<float, 3, 1>; T1 = float; _Scalar = float; int _Rows = 4; int _Cols = 1; int _Options = 0; int _MaxRows = 4; int _MaxCols = 1]â€™
[17.907s] /home/terranova/uav_ws/src/cartographer_ros/cartographer_ros/src/msg_conversion.cpp:230:69:   required from here
[17.907s] /usr/include/eigen3/Eigen/src/Core/PlainObjectBase.h:757:30: error: invalid use of incomplete type â€˜struct Eigen::internal::enable_if<false, float>â€™
[17.907s] In file included from /usr/include/eigen3/Eigen/Core:364,
[17.907s]                  from /usr/include/eigen3/Eigen/Geometry:11,
[17.907s]                  from /opt/ros/foxy/include/cartographer/io/submap_painter.h:20,
[17.908s]                  from /home/terranova/uav_ws/src/cartographer_ros/cartographer_ros/include/cartographer_ros/msg_conversion.h:21,
[17.908s]                  from /home/terranova/uav_ws/src/cartographer_ros/cartographer_ros/src/msg_conversion.cpp:17:
[17.908s] /usr/include/eigen3/Eigen/src/Core/util/Meta.h:184:50: note: declaration of â€˜struct Eigen::internal::enable_if<false, float>â€™
[17.908s]   184 | template<bool Condition, typename T=void> struct enable_if;
[17.909s]       |                                                  ^~~~~~~~~
[17.909s] make[2]: *** [CMakeFiles/cartographer_ros.dir/build.make:104: CMakeFiles/cartographer_ros.dir/src/msg_conversion.cpp.o] Error 1
[17.910s] make[1]: *** [CMakeFiles/Makefile2:151: CMakeFiles/cartographer_ros.dir/all] Error 2
[17.912s] make: *** [Makefile:146: all] Error 2
[17.913s] Invoked command in '/home/terranova/uav_ws/build/cartographer_ros' returned '2': AMENT_PREFIX_PATH=/home/terranova/uav_ws/install/cartographer_ros_msgs:${AMENT_PREFIX_PATH} CMAKE_PREFIX_PATH=/home/terranova/uav_ws/install/pcl_conversions:/home/terranova/uav_ws/install/pcl_msgs:/home/terranova/uav_ws/install/cartographer_ros_msgs:/home/terranova/uav_ws/install/vision_opencv:/home/terranova/uav_ws/install/uav_gazebo:/home/terranova/uav_ws/install/uav_cartographer:/home/terranova/uav_ws/install/turtlebot3:/home/terranova/uav_ws/install/turtlebot3_simulations:/home/terranova/uav_ws/install/turtlebot3_bringup:/home/terranova/uav_ws/install/turtlebot3_node:/home/terranova/uav_ws/install/turtlebot3_navigation2:/home/terranova/uav_ws/install/turtlebot3_fake_node:/home/terranova/uav_ws/install/turtlebot3_msgs:/home/terranova/uav_ws/install/turtlebot3_gazebo:/home/terranova/uav_ws/install/turtlebot3_description:/home/terranova/uav_ws/install/turtlebot3_cartographer:/home/terranova/uav_ws/install/turtlebot3_teleop:/home/terranova/uav_ws/install/turtlebot3_example:/home/terranova/uav_ws/install/opencv_tests:/home/terranova/uav_ws/install/joint_state_publisher_gui:/home/terranova/uav_ws/install/joint_state_publisher:/opt/ros/foxy:/home/terranova/uav_ws/install/realsense_gazebo_plugin:/home/terranova/uav_ws/install/perception_pcl:/home/terranova/uav_ws/install/pcl_ros:/home/terranova/uav_ws/install/image_geometry:/home/terranova/uav_ws/install/hls_lfcd_lds_driver:/home/terranova/uav_ws/install/gazebo_ros_pkgs:/home/terranova/uav_ws/install/gazebo_plugins:/home/terranova/uav_ws/install/gazebo_ros:/home/terranova/uav_ws/install/gazebo_msgs:/home/terranova/uav_ws/install/gazebo_dev:/home/terranova/uav_ws/install/dynamixel_sdk_examples:/home/terranova/uav_ws/install/dynamixel_sdk_custom_interfaces:/home/terranova/uav_ws/install/dynamixel_sdk:/home/terranova/uav_ws/install/cv_bridge:/home/terranova/uav_ws/install/absl LD_LIBRARY_PATH=/home/terranova/uav_ws/install/pcl_msgs/lib:/home/terranova/uav_ws/install/cartographer_ros_msgs/lib:/home/terranova/uav_ws/install/turtlebot3_msgs/lib:/home/terranova/uav_ws/install/realsense_gazebo_plugin/lib:/home/terranova/uav_ws/install/pcl_ros/lib:/home/terranova/uav_ws/install/image_geometry/lib:/home/terranova/uav_ws/install/gazebo_plugins/lib:/home/terranova/uav_ws/install/gazebo_ros/lib:/home/terranova/uav_ws/install/gazebo_msgs/lib:/home/terranova/uav_ws/install/dynamixel_sdk_custom_interfaces/lib:/home/terranova/uav_ws/install/dynamixel_sdk/lib:/home/terranova/uav_ws/install/cv_bridge/lib:/opt/ros/foxy/opt/yaml_cpp_vendor/lib:/opt/ros/foxy/opt/rviz_ogre_vendor/lib:/opt/ros/foxy/lib/x86_64-linux-gnu:/opt/ros/foxy/lib:/usr/lib/x86_64-linux-gnu/gazebo-11/plugins PYTHONPATH=/home/terranova/uav_ws/install/pcl_msgs/lib/python3.8/site-packages:/home/terranova/uav_ws/install/cartographer_ros_msgs/lib/python3.8/site-packages:/home/terranova/uav_ws/install/turtlebot3_teleop/lib/python3.8/site-packages:/home/terranova/uav_ws/install/turtlebot3_example/lib/python3.8/site-packages:/home/terranova/uav_ws/install/turtlebot3_msgs/lib/python3.8/site-packages:/home/terranova/uav_ws/install/opencv_tests/lib/python3.8/site-packages:/home/terranova/uav_ws/install/joint_state_publisher_gui/lib/python3.8/site-packages:/home/terranova/uav_ws/install/joint_state_publisher/lib/python3.8/site-packages:/home/terranova/uav_ws/install/image_geometry/lib/python3.8/site-packages:/home/terranova/uav_ws/install/gazebo_ros/lib/python3.8/site-packages:/home/terranova/uav_ws/install/gazebo_msgs/lib/python3.8/site-packages:/home/terranova/uav_ws/install/dynamixel_sdk_custom_interfaces/lib/python3.8/site-packages:/home/terranova/uav_ws/install/cv_bridge/lib/python3.8/site-packages:/opt/ros/foxy/lib/python3.8/site-packages:/home/terranova/.local/bin /home/terranova/.local/bin/cmake --build /home/terranova/uav_ws/build/cartographer_ros -- -j4 -l4
